#
# A fatal error has been detected by the Java Runtime Environment:
#
#  EXCEPTION_ACCESS_VIOLATION (0xc0000005) at pc=0x00007ffe28e92b60, pid=38240, tid=31800
#
# JRE version: OpenJDK Runtime Environment Temurin-17.0.9+9 (17.0.9+9) (build 17.0.9+9)
# Java VM: OpenJDK 64-Bit Server VM Temurin-17.0.9+9 (17.0.9+9, mixed mode, sharing, tiered, compressed oops, compressed class ptrs, g1 gc, windows-amd64)
# Problematic frame:
# C  [atio6axx.dll+0x192b60]
#
# No core dump will be written. Minidumps are not enabled by default on client versions of Windows
#
# If you would like to submit a bug report, please visit:
#   https://github.com/adoptium/adoptium-support/issues
# The crash happened outside the Java Virtual Machine in native code.
# See problematic frame for where to report the bug.
#

---------------  S U M M A R Y ------------

Command Line: -Dforge.enableGameTest=true -Dforge.logging.console.level=debug -Dforge.logging.markers=REGISTRIES -DignoreList=bootstraplauncher,securejarhandler,asm-commons,asm-util,asm-analysis,asm-tree,asm,JarJarFileSystems,client-extra,fmlcore,javafmllanguage,lowcodelanguage,mclanguage,forge- -Djava.net.preferIPv6Addresses=system -DlegacyClassPath.file=C:\Users\joshu\MCreatorWorkspaces\fish_away_forge\build\classpath\runClient_minecraftClasspath.txt -DmergeModules=jna-5.10.0.jar,jna-platform-5.10.0.jar -Dmixin.env.refMapRemappingFile=C:\Users\joshu\MCreatorWorkspaces\fish_away_forge/build/createSrgToMcp/output.srg -Dmixin.env.remapRefMap=true --module-path=C:\Users\joshu\.mcreator\gradle\caches\modules-2\files-2.1\cpw.mods\bootstraplauncher\1.1.2\c546e00443d8432cda6baa1c860346980742628\bootstraplauncher-1.1.2.jar;C:\Users\joshu\.mcreator\gradle\caches\modules-2\files-2.1\cpw.mods\securejarhandler\2.1.10\51e6a22c6c716beb11e244bf5b8be480f51dd6b5\securejarhandler-2.1.10.jar;C:\Users\joshu\.mcreator\gradle\caches\modules-2\files-2.1\org.ow2.asm\asm-commons\9.5\19ab5b5800a3910d30d3a3e64fdb00fd0cb42de0\asm-commons-9.5.jar;C:\Users\joshu\.mcreator\gradle\caches\modules-2\files-2.1\org.ow2.asm\asm-util\9.5\64b5a1fc8c1b15ed2efd6a063e976bc8d3dc5ffe\asm-util-9.5.jar;C:\Users\joshu\.mcreator\gradle\caches\modules-2\files-2.1\org.ow2.asm\asm-analysis\9.5\490bacc77de7cbc0be1a30bb3471072d705be4a4\asm-analysis-9.5.jar;C:\Users\joshu\.mcreator\gradle\caches\modules-2\files-2.1\org.ow2.asm\asm-tree\9.5\fd33c8b6373abaa675be407082fdfda35021254a\asm-tree-9.5.jar;C:\Users\joshu\.mcreator\gradle\caches\modules-2\files-2.1\org.ow2.asm\asm\9.5\dc6ea1875f4d64fbc85e1691c95b96a3d8569c90\asm-9.5.jar;C:\Users\joshu\.mcreator\gradle\caches\modules-2\files-2.1\net.minecraftforge\JarJarFileSystems\0.3.19\2464eb7d6b9ddb9db36a82cf8a95193e5c6fe020\JarJarFileSystems-0.3.19.jar --add-modules=ALL-MODULE-PATH --add-opens=java.base/java.util.jar=cpw.mods.securejarhandler --add-opens=java.base/java.lang.invoke=cpw.mods.securejarhandler --add-exports=java.base/sun.security.util=cpw.mods.securejarhandler --add-exports=jdk.naming.dns/com.sun.jndi.dns=java.naming -XX:HeapDumpPath=MojangTricksIntelDriversForPerformance_javaw.exe_minecraft.exe.heapdump -Dfile.encoding=UTF-8 -Duser.country=US -Duser.language=en -Duser.variant cpw.mods.bootstraplauncher.BootstrapLauncher --launchTarget forgeclientuserdev --version MOD_DEV --assetIndex 5 --assetsDir C:\Users\joshu\.mcreator\gradle\caches\forge_gradle\assets --gameDir . --fml.forgeVersion 47.2.0 --fml.mcVersion 1.20.1 --fml.forgeGroup net.minecraftforge --fml.mcpVersion 20230612.114412

Host: AMD Ryzen 5 2600 Six-Core Processor            , 12 cores, 15G,  Windows 10 , 64 bit Build 19041 (10.0.19041.3636)
Time: Thu Feb  8 16:05:38 2024 Central Standard Time elapsed time: 3.486291 seconds (0d 0h 0m 3s)

---------------  T H R E A D  ---------------

Current thread (0x00000154a2874f00):  JavaThread "main" [_thread_in_native, id=31800, stack(0x0000000652000000,0x0000000652100000)]

Stack: [0x0000000652000000,0x0000000652100000],  sp=0x00000006520fb378,  free space=1004k
Native frames: (J=compiled Java code, j=interpreted, Vv=VM code, C=native code)
C  [atio6axx.dll+0x192b60]

Java frames: (J=compiled Java code, j=interpreted, Vv=VM code)
j  org.lwjgl.system.JNI.invokePPPP(IIJJJJ)J+0 org.lwjgl@3.3.1+7
j  org.lwjgl.glfw.GLFW.nglfwCreateWindow(IIJJJ)J+14 org.lwjgl.glfw@3.3.1+7
j  org.lwjgl.glfw.GLFW.glfwCreateWindow(IILjava/lang/CharSequence;JJ)J+34 org.lwjgl.glfw@3.3.1+7
j  net.minecraftforge.fml.earlydisplay.DisplayWindow.initWindow(Ljava/lang/String;)V+408 fmlearlydisplay@1.20.1-47.2.0
j  net.minecraftforge.fml.earlydisplay.DisplayWindow.start(Ljava/lang/String;Ljava/lang/String;)Ljava/lang/Runnable;+14 fmlearlydisplay@1.20.1-47.2.0
j  net.minecraftforge.fml.earlydisplay.DisplayWindow.initialize([Ljava/lang/String;)Ljava/lang/Runnable;+410 fmlearlydisplay@1.20.1-47.2.0
j  net.minecraftforge.fml.loading.ImmediateWindowHandler.load(Ljava/lang/String;[Ljava/lang/String;)V+180 fmlloader@1.20.1-47.2.0
j  net.minecraftforge.fml.loading.ModDirTransformerDiscoverer.earlyInitialization(Ljava/lang/String;[Ljava/lang/String;)V+2 fmlloader@1.20.1-47.2.0
j  cpw.mods.modlauncher.TransformationServicesHandler.lambda$discoverServices$18(Lcpw/mods/modlauncher/ArgumentHandler$DiscoveryData;Lcpw/mods/modlauncher/serviceapi/ITransformerDiscoveryService;)V+9 cpw.mods.modlauncher@10.0.9
j  cpw.mods.modlauncher.TransformationServicesHandler$$Lambda$416+0x00000154c9217408.accept(Ljava/lang/Object;)V+8 cpw.mods.modlauncher@10.0.9
j  java.lang.Iterable.forEach(Ljava/util/function/Consumer;)V+30 java.base@17.0.9
j  cpw.mods.modlauncher.TransformationServicesHandler.discoverServices(Lcpw/mods/modlauncher/ArgumentHandler$DiscoveryData;)V+145 cpw.mods.modlauncher@10.0.9
j  cpw.mods.modlauncher.Launcher.run([Ljava/lang/String;)V+14 cpw.mods.modlauncher@10.0.9
j  cpw.mods.modlauncher.Launcher.main([Ljava/lang/String;)V+78 cpw.mods.modlauncher@10.0.9
j  cpw.mods.modlauncher.BootstrapLaunchConsumer.accept([Ljava/lang/String;)V+1 cpw.mods.modlauncher@10.0.9
j  cpw.mods.modlauncher.BootstrapLaunchConsumer.accept(Ljava/lang/Object;)V+5 cpw.mods.modlauncher@10.0.9
j  cpw.mods.bootstraplauncher.BootstrapLauncher.main([Ljava/lang/String;)V+515 cpw.mods.bootstraplauncher@1.1.2
v  ~StubRoutines::call_stub

siginfo: EXCEPTION_ACCESS_VIOLATION (0xc0000005), reading address 0xffffffffffffffff


Registers:
RAX=0x0000000000000000, RBX=0x00007ffe2c6d33b0, RCX=0x656e5c312e322d73, RDX=0x00000000000000d1
RSP=0x00000006520fb378, RBP=0x00000006520fb4e0, RSI=0x00007ffe2c5e2d40, RDI=0x00000006520fb7d0
R8 =0x00000000000001a5, R9 =0x656e5c312e322d73, R10=0x0000000000000000, R11=0x0000000000000200
R12=0x00007ffe2c6d3408, R13=0x00007ffe2c6d5c08, R14=0x00007ffe2c6d33b0, R15=0x0000000000000000
RIP=0x00007ffe28e92b60, EFLAGS=0x0000000000010202


Register to memory mapping:

RIP=0x00007ffe28e92b60 atio6axx.dll
RAX=0x0 is NULL
RBX=0x00007ffe2c6d33b0 atio6axx.dll
RCX=0x656e5c312e322d73 is an unknown value
RDX=0x00000000000000d1 is an unknown value
RSP=0x00000006520fb378 is pointing into the stack for thread: 0x00000154a2874f00
RBP=0x00000006520fb4e0 is pointing into the stack for thread: 0x00000154a2874f00
RSI=0x00007ffe2c5e2d40 atio6axx.dll
RDI=0x00000006520fb7d0 is pointing into the stack for thread: 0x00000154a2874f00
R8 =0x00000000000001a5 is an unknown value
R9 =0x656e5c312e322d73 is an unknown value
R10=0x0 is NULL
R11=0x0000000000000200 is an unknown value
R12=0x00007ffe2c6d3408 atio6axx.dll
R13=0x00007ffe2c6d5c08 atio6axx.dll
R14=0x00007ffe2c6d33b0 atio6axx.dll
R15=0x0 is NULL


Top of Stack: (sp=0x00000006520fb378)
0x00000006520fb378:   00007ffe28e92e7c 00007ffe2c6d6020
0x00000006520fb388:   000001550feb2eb8 0000000000000000
0x00000006520fb398:   00007ffe28e93e8d 00000006520fb7d0
0x00000006520fb3a8:   00007ffe28e4f484 00007ffe2c6d33b0
0x00000006520fb3b8:   00007ffe2c5e2d40 0000652e6176616a
0x00000006520fb3c8:   0000d06a67d647b1 00000006520fb7d0
0x00000006520fb3d8:   00007ffe28e50457 00007ffe2c6d33b8
0x00000006520fb3e8:   00007ffe2c5e2d40 00007ffe2c5e2d40
0x00000006520fb3f8:   0000015510e707cc 00007ffe2c6d33b0
0x00000006520fb408:   00007ffe00000000 0000000000000009
0x00000006520fb418:   0000015510e7097c 0000015510e70ad8
0x00000006520fb428:   00007ffe2c6d33b8 00000006520fb7d0
0x00000006520fb438:   00000006520fb5a9 00007f006176616a
0x00000006520fb448:   00007f006176616a 46676e697274535c
0x00000006520fb458:   5c6f666e49656c69 3062343039303430
0x00000006520fb468:   726556656c69465c 000000006e6f6973
0x00000006520fb478:   0000000000000000 0000000000000000
0x00000006520fb488:   0000000000000000 0000000a0000011c
0x00000006520fb498:   00004a6500000000 0000000000000002
0x00000006520fb4a8:   0000000000000000 0000000000000000
0x00000006520fb4b8:   0000000000000000 0000000000000000
0x00000006520fb4c8:   0000000000000000 0000000000000000
0x00000006520fb4d8:   0000000000000000 0000000000000000
0x00000006520fb4e8:   0000000000000000 0000000000000000
0x00000006520fb4f8:   0000000000000000 0000000000000000
0x00000006520fb508:   0000000000000000 0000000000000000
0x00000006520fb518:   0000000000000000 0000000000000000
0x00000006520fb528:   0000000000000000 0000000000000000
0x00000006520fb538:   0000000000000000 0000000000000000
0x00000006520fb548:   0000000000000000 0000000000000000
0x00000006520fb558:   0000000000000000 616572434d5c3a47
0x00000006520fb568:   737265565c726f74 72434d5c736e6f69 

Instructions: (pc=0x00007ffe28e92b60)
0x00007ffe28e92a60:   74 09 33 c9 ff 15 e6 89 66 03 90 48 8b c3 48 83
0x00007ffe28e92a70:   c4 20 5b c3 cc cc cc cc cc cc cc cc cc cc cc cc
0x00007ffe28e92a80:   48 83 ec 28 48 8b 51 08 48 85 d2 74 09 33 c9 ff
0x00007ffe28e92a90:   15 bb 89 66 03 90 48 83 c4 28 c3 cc cc cc cc cc
0x00007ffe28e92aa0:   48 89 11 c3 cc cc cc cc cc cc cc cc cc cc cc cc
0x00007ffe28e92ab0:   48 8b c1 c3 cc cc cc cc cc cc cc cc cc cc cc cc
0x00007ffe28e92ac0:   48 3b ca 74 10 41 8b 00 39 01 74 09 48 83 c1 04
0x00007ffe28e92ad0:   48 3b ca 75 f3 48 8b c1 c3 cc cc cc cc cc cc cc
0x00007ffe28e92ae0:   48 8b c1 c3 cc cc cc cc cc cc cc cc cc cc cc cc
0x00007ffe28e92af0:   48 83 39 00 0f 94 c0 c3 cc cc cc cc cc cc cc cc
0x00007ffe28e92b00:   4c 8d 04 d5 00 00 00 00 33 d2 e9 c1 d0 dd 01 cc
0x00007ffe28e92b10:   4c 8b 41 08 48 8b 02 49 89 00 48 83 41 08 08 c3
0x00007ffe28e92b20:   48 8b c1 c3 cc cc cc cc cc cc cc cc cc cc cc cc
0x00007ffe28e92b30:   48 8b c1 c3 cc cc cc cc cc cc cc cc cc cc cc cc
0x00007ffe28e92b40:   49 8b 00 48 89 02 c3 cc cc cc cc cc cc cc cc cc
0x00007ffe28e92b50:   8b 81 40 39 00 00 c3 cc cc cc cc cc cc cc cc cc
0x00007ffe28e92b60:   8b 81 40 39 00 00 83 c0 f0 83 f8 67 0f 87 5a 01
0x00007ffe28e92b70:   00 00 48 8d 15 87 d4 e6 ff 0f b6 84 02 f0 2c 19
0x00007ffe28e92b80:   00 8b 8c 82 d0 2c 19 00 48 03 ca ff e1 48 8b 0d
0x00007ffe28e92b90:   6c 6f 7e 03 83 b9 b4 34 00 00 02 0f 87 2b 01 00
0x00007ffe28e92ba0:   00 48 8d 91 0c 29 00 00 c7 02 e1 00 00 00 e9 ce
0x00007ffe28e92bb0:   00 00 00 48 8b 0d 46 6f 7e 03 83 b9 b4 34 00 00
0x00007ffe28e92bc0:   02 0f 87 05 01 00 00 48 8d 91 0c 29 00 00 c7 02
0x00007ffe28e92bd0:   f0 00 00 00 e9 a8 00 00 00 48 8b 0d 20 6f 7e 03
0x00007ffe28e92be0:   83 b9 b4 34 00 00 02 0f 87 df 00 00 00 48 8d 91
0x00007ffe28e92bf0:   0c 29 00 00 c7 02 00 04 00 00 e9 82 00 00 00 48
0x00007ffe28e92c00:   8b 0d fa 6e 7e 03 83 b9 b4 34 00 00 02 0f 87 b9
0x00007ffe28e92c10:   00 00 00 48 8d 91 0c 29 00 00 c7 02 00 08 00 00
0x00007ffe28e92c20:   eb 5f 48 8b 0d d7 6e 7e 03 83 b9 b4 34 00 00 02
0x00007ffe28e92c30:   0f 87 96 00 00 00 48 8d 91 0c 29 00 00 c7 02 00
0x00007ffe28e92c40:   09 00 00 eb 3c 48 8b 0d b4 6e 7e 03 83 b9 b4 34
0x00007ffe28e92c50:   00 00 02 77 77 48 8d 91 0c 29 00 00 c7 02 3c 0f 


Stack slot to memory mapping:
stack at sp + 0 slots: 0x00007ffe28e92e7c atio6axx.dll
stack at sp + 1 slots: 0x00007ffe2c6d6020 atio6axx.dll
stack at sp + 2 slots: 0x000001550feb2eb8 points into unknown readable memory: 0x00007ffe2bedf5f0 | f0 f5 ed 2b fe 7f 00 00
stack at sp + 3 slots: 0x0 is NULL
stack at sp + 4 slots: 0x00007ffe28e93e8d atio6axx.dll
stack at sp + 5 slots: 0x00000006520fb7d0 is pointing into the stack for thread: 0x00000154a2874f00
stack at sp + 6 slots: 0x00007ffe28e4f484 atio6axx.dll
stack at sp + 7 slots: 0x00007ffe2c6d33b0 atio6axx.dll


---------------  P R O C E S S  ---------------

Threads class SMR info:
_java_thread_list=0x0000015510615bf0, length=15, elements={
0x00000154a2874f00, 0x0000015509010280, 0x0000015509011d60, 0x00000155090254d0,
0x00000155090292c0, 0x0000015509029b90, 0x000001550902ac00, 0x000001550902d8c0,
0x000001550903c170, 0x0000015509031b10, 0x00000154c7869230, 0x0000015509171c20,
0x0000015509268610, 0x000001550992bc20, 0x000001550ff56010
}

Java Threads: ( => current thread )
=>0x00000154a2874f00 JavaThread "main" [_thread_in_native, id=31800, stack(0x0000000652000000,0x0000000652100000)]
  0x0000015509010280 JavaThread "Reference Handler" daemon [_thread_blocked, id=25684, stack(0x0000000652700000,0x0000000652800000)]
  0x0000015509011d60 JavaThread "Finalizer" daemon [_thread_blocked, id=35716, stack(0x0000000652800000,0x0000000652900000)]
  0x00000155090254d0 JavaThread "Signal Dispatcher" daemon [_thread_blocked, id=38288, stack(0x0000000652900000,0x0000000652a00000)]
  0x00000155090292c0 JavaThread "Attach Listener" daemon [_thread_blocked, id=14872, stack(0x0000000652a00000,0x0000000652b00000)]
  0x0000015509029b90 JavaThread "Service Thread" daemon [_thread_blocked, id=38868, stack(0x0000000652b00000,0x0000000652c00000)]
  0x000001550902ac00 JavaThread "Monitor Deflation Thread" daemon [_thread_blocked, id=5348, stack(0x0000000652c00000,0x0000000652d00000)]
  0x000001550902d8c0 JavaThread "C2 CompilerThread0" daemon [_thread_in_native, id=33444, stack(0x0000000652d00000,0x0000000652e00000)]
  0x000001550903c170 JavaThread "C1 CompilerThread0" daemon [_thread_blocked, id=38760, stack(0x0000000652e00000,0x0000000652f00000)]
  0x0000015509031b10 JavaThread "Sweeper thread" daemon [_thread_blocked, id=11188, stack(0x0000000652f00000,0x0000000653000000)]
  0x00000154c7869230 JavaThread "Common-Cleaner" daemon [_thread_blocked, id=12396, stack(0x0000000653000000,0x0000000653100000)]
  0x0000015509171c20 JavaThread "C2 CompilerThread1" daemon [_thread_blocked, id=25288, stack(0x0000000653100000,0x0000000653200000)]
  0x0000015509268610 JavaThread "Notification Thread" daemon [_thread_blocked, id=14888, stack(0x0000000653200000,0x0000000653300000)]
  0x000001550992bc20 JavaThread "C2 CompilerThread2" daemon [_thread_in_native, id=2792, stack(0x0000000653900000,0x0000000653a00000)]
  0x000001550ff56010 JavaThread "pool-2-thread-1" daemon [_thread_blocked, id=38748, stack(0x0000000653e00000,0x0000000653f00000)]

Other Threads:
  0x0000015509008da0 VMThread "VM Thread" [stack: 0x0000000652600000,0x0000000652700000] [id=38200]
  0x00000155091ac6c0 WatcherThread [stack: 0x0000000653300000,0x0000000653400000] [id=38488]
  0x00000154a28e1570 GCTaskThread "GC Thread#0" [stack: 0x0000000652100000,0x0000000652200000] [id=25076]
  0x0000015509999f20 GCTaskThread "GC Thread#1" [stack: 0x0000000653400000,0x0000000653500000] [id=19288]
  0x0000015509acf940 GCTaskThread "GC Thread#2" [stack: 0x0000000653500000,0x0000000653600000] [id=33696]
  0x0000015509acfc00 GCTaskThread "GC Thread#3" [stack: 0x0000000653600000,0x0000000653700000] [id=21028]
  0x0000015509acfec0 GCTaskThread "GC Thread#4" [stack: 0x0000000653700000,0x0000000653800000] [id=20240]
  0x0000015509ad0180 GCTaskThread "GC Thread#5" [stack: 0x0000000653800000,0x0000000653900000] [id=28620]
  0x000001550fcf0590 GCTaskThread "GC Thread#6" [stack: 0x0000000653a00000,0x0000000653b00000] [id=6124]
  0x00000154a28f3320 ConcurrentGCThread "G1 Main Marker" [stack: 0x0000000652200000,0x0000000652300000] [id=6512]
  0x00000154a28f43f0 ConcurrentGCThread "G1 Conc#0" [stack: 0x0000000652300000,0x0000000652400000] [id=22364]
  0x00000154a290ea30 ConcurrentGCThread "G1 Refine#0" [stack: 0x0000000652400000,0x0000000652500000] [id=27912]
  0x00000154c7736690 ConcurrentGCThread "G1 Service" [stack: 0x0000000652500000,0x0000000652600000] [id=29648]

Threads with active compile tasks:
C2 CompilerThread0     3529 3653       4       jdk.internal.org.objectweb.asm.Frame::execute (2305 bytes)
C2 CompilerThread2     3529 3684       4       java.lang.invoke.MethodType::makeImpl (109 bytes)

VM state: not at safepoint (normal execution)

VM Mutex/Monitor currently owned by a thread: None

Heap address: 0x0000000700c00000, size: 4084 MB, Compressed Oops mode: Zero based, Oop shift amount: 3

CDS archive(s) mapped at: [0x00000154c8000000-0x00000154c8ba0000-0x00000154c8ba0000), size 12189696, SharedBaseAddress: 0x00000154c8000000, ArchiveRelocationMode: 1.
Compressed class space mapped at: 0x00000154c9000000-0x0000015509000000, reserved size: 1073741824
Narrow klass base: 0x00000154c8000000, Narrow klass shift: 0, Narrow klass range: 0x100000000

GC Precious Log:
 CPUs: 12 total, 12 available
 Memory: 16331M
 Large Page Support: Disabled
 NUMA Support: Disabled
 Compressed Oops: Enabled (Zero based)
 Heap Region Size: 2M
 Heap Min Capacity: 8M
 Heap Initial Capacity: 256M
 Heap Max Capacity: 4084M
 Pre-touch: Disabled
 Parallel Workers: 10
 Concurrent Workers: 3
 Concurrent Refinement Workers: 10
 Periodic GC: Disabled

Heap:
 garbage-first heap   total 262144K, used 127139K [0x0000000700c00000, 0x0000000800000000)
  region size 2048K, 54 young (110592K), 7 survivors (14336K)
 Metaspace       used 16743K, committed 17024K, reserved 1114112K
  class space    used 1904K, committed 2048K, reserved 1048576K

Heap Regions: E=young(eden), S=young(survivor), O=old, HS=humongous(starts), HC=humongous(continues), CS=collection set, F=free, OA=open archive, CA=closed archive, TAMS=top-at-mark-start (previous, next)
|   0|0x0000000700c00000, 0x0000000700e00000, 0x0000000700e00000|100%|HS|  |TAMS 0x0000000700c00000, 0x0000000700c00000| Complete 
|   1|0x0000000700e00000, 0x0000000701000000, 0x0000000701000000|100%| O|  |TAMS 0x0000000700e00000, 0x0000000700e00000| Untracked 
|   2|0x0000000701000000, 0x0000000701200000, 0x0000000701200000|100%| O|  |TAMS 0x0000000701000000, 0x0000000701000000| Untracked 
|   3|0x0000000701200000, 0x0000000701400000, 0x0000000701400000|100%|HS|  |TAMS 0x0000000701200000, 0x0000000701200000| Complete 
|   4|0x0000000701400000, 0x0000000701600000, 0x0000000701600000|100%| O|  |TAMS 0x0000000701400000, 0x0000000701400000| Untracked 
|   5|0x0000000701600000, 0x0000000701800000, 0x0000000701800000|100%| O|  |TAMS 0x0000000701600000, 0x0000000701600000| Untracked 
|   6|0x0000000701800000, 0x0000000701a00000, 0x0000000701a00000|100%|HS|  |TAMS 0x0000000701800000, 0x0000000701800000| Complete 
|   7|0x0000000701a00000, 0x0000000701c00000, 0x0000000701c00000|100%|HS|  |TAMS 0x0000000701a00000, 0x0000000701a00000| Complete 
|   8|0x0000000701c00000, 0x0000000701e00000, 0x0000000701e00000|100%| O|  |TAMS 0x0000000701c00000, 0x0000000701c00000| Untracked 
|   9|0x0000000701e00000, 0x0000000702000000, 0x0000000702000000|100%| O|  |TAMS 0x0000000701e00000, 0x0000000701e00000| Untracked 
|  10|0x0000000702000000, 0x00000007020f3000, 0x0000000702200000| 47%| O|  |TAMS 0x0000000702000000, 0x0000000702000000| Untracked 
|  11|0x0000000702200000, 0x0000000702200000, 0x0000000702400000|  0%| F|  |TAMS 0x0000000702200000, 0x0000000702200000| Untracked 
|  12|0x0000000702400000, 0x0000000702400000, 0x0000000702600000|  0%| F|  |TAMS 0x0000000702400000, 0x0000000702400000| Untracked 
|  13|0x0000000702600000, 0x0000000702600000, 0x0000000702800000|  0%| F|  |TAMS 0x0000000702600000, 0x0000000702600000| Untracked 
|  14|0x0000000702800000, 0x0000000702800000, 0x0000000702a00000|  0%| F|  |TAMS 0x0000000702800000, 0x0000000702800000| Untracked 
|  15|0x0000000702a00000, 0x0000000702a00000, 0x0000000702c00000|  0%| F|  |TAMS 0x0000000702a00000, 0x0000000702a00000| Untracked 
|  16|0x0000000702c00000, 0x0000000702c00000, 0x0000000702e00000|  0%| F|  |TAMS 0x0000000702c00000, 0x0000000702c00000| Untracked 
|  17|0x0000000702e00000, 0x0000000702e00000, 0x0000000703000000|  0%| F|  |TAMS 0x0000000702e00000, 0x0000000702e00000| Untracked 
|  18|0x0000000703000000, 0x0000000703000000, 0x0000000703200000|  0%| F|  |TAMS 0x0000000703000000, 0x0000000703000000| Untracked 
|  19|0x0000000703200000, 0x0000000703200000, 0x0000000703400000|  0%| F|  |TAMS 0x0000000703200000, 0x0000000703200000| Untracked 
|  20|0x0000000703400000, 0x0000000703400000, 0x0000000703600000|  0%| F|  |TAMS 0x0000000703400000, 0x0000000703400000| Untracked 
|  21|0x0000000703600000, 0x0000000703600000, 0x0000000703800000|  0%| F|  |TAMS 0x0000000703600000, 0x0000000703600000| Untracked 
|  22|0x0000000703800000, 0x0000000703800000, 0x0000000703a00000|  0%| F|  |TAMS 0x0000000703800000, 0x0000000703800000| Untracked 
|  23|0x0000000703a00000, 0x0000000703a00000, 0x0000000703c00000|  0%| F|  |TAMS 0x0000000703a00000, 0x0000000703a00000| Untracked 
|  24|0x0000000703c00000, 0x0000000703c00000, 0x0000000703e00000|  0%| F|  |TAMS 0x0000000703c00000, 0x0000000703c00000| Untracked 
|  25|0x0000000703e00000, 0x0000000703e00000, 0x0000000704000000|  0%| F|  |TAMS 0x0000000703e00000, 0x0000000703e00000| Untracked 
|  26|0x0000000704000000, 0x0000000704000000, 0x0000000704200000|  0%| F|  |TAMS 0x0000000704000000, 0x0000000704000000| Untracked 
|  27|0x0000000704200000, 0x0000000704200000, 0x0000000704400000|  0%| F|  |TAMS 0x0000000704200000, 0x0000000704200000| Untracked 
|  28|0x0000000704400000, 0x0000000704400000, 0x0000000704600000|  0%| F|  |TAMS 0x0000000704400000, 0x0000000704400000| Untracked 
|  29|0x0000000704600000, 0x0000000704600000, 0x0000000704800000|  0%| F|  |TAMS 0x0000000704600000, 0x0000000704600000| Untracked 
|  30|0x0000000704800000, 0x0000000704800000, 0x0000000704a00000|  0%| F|  |TAMS 0x0000000704800000, 0x0000000704800000| Untracked 
|  31|0x0000000704a00000, 0x0000000704a00000, 0x0000000704c00000|  0%| F|  |TAMS 0x0000000704a00000, 0x0000000704a00000| Untracked 
|  32|0x0000000704c00000, 0x0000000704c00000, 0x0000000704e00000|  0%| F|  |TAMS 0x0000000704c00000, 0x0000000704c00000| Untracked 
|  33|0x0000000704e00000, 0x0000000704e00000, 0x0000000705000000|  0%| F|  |TAMS 0x0000000704e00000, 0x0000000704e00000| Untracked 
|  34|0x0000000705000000, 0x0000000705000000, 0x0000000705200000|  0%| F|  |TAMS 0x0000000705000000, 0x0000000705000000| Untracked 
|  35|0x0000000705200000, 0x0000000705200000, 0x0000000705400000|  0%| F|  |TAMS 0x0000000705200000, 0x0000000705200000| Untracked 
|  36|0x0000000705400000, 0x0000000705400000, 0x0000000705600000|  0%| F|  |TAMS 0x0000000705400000, 0x0000000705400000| Untracked 
|  37|0x0000000705600000, 0x0000000705600000, 0x0000000705800000|  0%| F|  |TAMS 0x0000000705600000, 0x0000000705600000| Untracked 
|  38|0x0000000705800000, 0x0000000705800000, 0x0000000705a00000|  0%| F|  |TAMS 0x0000000705800000, 0x0000000705800000| Untracked 
|  39|0x0000000705a00000, 0x0000000705a00000, 0x0000000705c00000|  0%| F|  |TAMS 0x0000000705a00000, 0x0000000705a00000| Untracked 
|  40|0x0000000705c00000, 0x0000000705c00000, 0x0000000705e00000|  0%| F|  |TAMS 0x0000000705c00000, 0x0000000705c00000| Untracked 
|  41|0x0000000705e00000, 0x0000000705e00000, 0x0000000706000000|  0%| F|  |TAMS 0x0000000705e00000, 0x0000000705e00000| Untracked 
|  42|0x0000000706000000, 0x0000000706000000, 0x0000000706200000|  0%| F|  |TAMS 0x0000000706000000, 0x0000000706000000| Untracked 
|  43|0x0000000706200000, 0x0000000706200000, 0x0000000706400000|  0%| F|  |TAMS 0x0000000706200000, 0x0000000706200000| Untracked 
|  44|0x0000000706400000, 0x0000000706400000, 0x0000000706600000|  0%| F|  |TAMS 0x0000000706400000, 0x0000000706400000| Untracked 
|  45|0x0000000706600000, 0x0000000706600000, 0x0000000706800000|  0%| F|  |TAMS 0x0000000706600000, 0x0000000706600000| Untracked 
|  46|0x0000000706800000, 0x0000000706800000, 0x0000000706a00000|  0%| F|  |TAMS 0x0000000706800000, 0x0000000706800000| Untracked 
|  47|0x0000000706a00000, 0x0000000706a00000, 0x0000000706c00000|  0%| F|  |TAMS 0x0000000706a00000, 0x0000000706a00000| Untracked 
|  48|0x0000000706c00000, 0x0000000706c00000, 0x0000000706e00000|  0%| F|  |TAMS 0x0000000706c00000, 0x0000000706c00000| Untracked 
|  49|0x0000000706e00000, 0x0000000706e00000, 0x0000000707000000|  0%| F|  |TAMS 0x0000000706e00000, 0x0000000706e00000| Untracked 
|  50|0x0000000707000000, 0x0000000707000000, 0x0000000707200000|  0%| F|  |TAMS 0x0000000707000000, 0x0000000707000000| Untracked 
|  51|0x0000000707200000, 0x0000000707200000, 0x0000000707400000|  0%| F|  |TAMS 0x0000000707200000, 0x0000000707200000| Untracked 
|  52|0x0000000707400000, 0x0000000707535c60, 0x0000000707600000| 60%| S|CS|TAMS 0x0000000707400000, 0x0000000707400000| Complete 
|  53|0x0000000707600000, 0x0000000707800000, 0x0000000707800000|100%| S|CS|TAMS 0x0000000707600000, 0x0000000707600000| Complete 
|  54|0x0000000707800000, 0x0000000707a00000, 0x0000000707a00000|100%| S|CS|TAMS 0x0000000707800000, 0x0000000707800000| Complete 
|  55|0x0000000707a00000, 0x0000000707c00000, 0x0000000707c00000|100%| S|CS|TAMS 0x0000000707a00000, 0x0000000707a00000| Complete 
|  56|0x0000000707c00000, 0x0000000707e00000, 0x0000000707e00000|100%| S|CS|TAMS 0x0000000707c00000, 0x0000000707c00000| Complete 
|  57|0x0000000707e00000, 0x0000000708000000, 0x0000000708000000|100%| S|CS|TAMS 0x0000000707e00000, 0x0000000707e00000| Complete 
|  58|0x0000000708000000, 0x0000000708200000, 0x0000000708200000|100%| S|CS|TAMS 0x0000000708000000, 0x0000000708000000| Complete 
|  59|0x0000000708200000, 0x0000000708200000, 0x0000000708400000|  0%| F|  |TAMS 0x0000000708200000, 0x0000000708200000| Untracked 
|  60|0x0000000708400000, 0x0000000708400000, 0x0000000708600000|  0%| F|  |TAMS 0x0000000708400000, 0x0000000708400000| Untracked 
|  61|0x0000000708600000, 0x0000000708600000, 0x0000000708800000|  0%| F|  |TAMS 0x0000000708600000, 0x0000000708600000| Untracked 
|  62|0x0000000708800000, 0x0000000708800000, 0x0000000708a00000|  0%| F|  |TAMS 0x0000000708800000, 0x0000000708800000| Untracked 
|  63|0x0000000708a00000, 0x0000000708a00000, 0x0000000708c00000|  0%| F|  |TAMS 0x0000000708a00000, 0x0000000708a00000| Untracked 
|  64|0x0000000708c00000, 0x0000000708c00000, 0x0000000708e00000|  0%| F|  |TAMS 0x0000000708c00000, 0x0000000708c00000| Untracked 
|  65|0x0000000708e00000, 0x0000000708e00000, 0x0000000709000000|  0%| F|  |TAMS 0x0000000708e00000, 0x0000000708e00000| Untracked 
|  66|0x0000000709000000, 0x0000000709000000, 0x0000000709200000|  0%| F|  |TAMS 0x0000000709000000, 0x0000000709000000| Untracked 
|  67|0x0000000709200000, 0x0000000709200000, 0x0000000709400000|  0%| F|  |TAMS 0x0000000709200000, 0x0000000709200000| Untracked 
|  68|0x0000000709400000, 0x0000000709400000, 0x0000000709600000|  0%| F|  |TAMS 0x0000000709400000, 0x0000000709400000| Untracked 
|  69|0x0000000709600000, 0x0000000709600000, 0x0000000709800000|  0%| F|  |TAMS 0x0000000709600000, 0x0000000709600000| Untracked 
|  70|0x0000000709800000, 0x0000000709800000, 0x0000000709a00000|  0%| F|  |TAMS 0x0000000709800000, 0x0000000709800000| Untracked 
|  71|0x0000000709a00000, 0x0000000709a00000, 0x0000000709c00000|  0%| F|  |TAMS 0x0000000709a00000, 0x0000000709a00000| Untracked 
|  72|0x0000000709c00000, 0x0000000709c00000, 0x0000000709e00000|  0%| F|  |TAMS 0x0000000709c00000, 0x0000000709c00000| Untracked 
|  73|0x0000000709e00000, 0x0000000709e00000, 0x000000070a000000|  0%| F|  |TAMS 0x0000000709e00000, 0x0000000709e00000| Untracked 
|  74|0x000000070a000000, 0x000000070a000000, 0x000000070a200000|  0%| F|  |TAMS 0x000000070a000000, 0x000000070a000000| Untracked 
|  75|0x000000070a200000, 0x000000070a200000, 0x000000070a400000|  0%| F|  |TAMS 0x000000070a200000, 0x000000070a200000| Untracked 
|  76|0x000000070a400000, 0x000000070a400000, 0x000000070a600000|  0%| F|  |TAMS 0x000000070a400000, 0x000000070a400000| Untracked 
|  77|0x000000070a600000, 0x000000070a600000, 0x000000070a800000|  0%| F|  |TAMS 0x000000070a600000, 0x000000070a600000| Untracked 
|  78|0x000000070a800000, 0x000000070a800000, 0x000000070aa00000|  0%| F|  |TAMS 0x000000070a800000, 0x000000070a800000| Untracked 
|  79|0x000000070aa00000, 0x000000070aa00000, 0x000000070ac00000|  0%| F|  |TAMS 0x000000070aa00000, 0x000000070aa00000| Untracked 
|  80|0x000000070ac00000, 0x000000070ac00000, 0x000000070ae00000|  0%| F|  |TAMS 0x000000070ac00000, 0x000000070ac00000| Untracked 
|  81|0x000000070ae00000, 0x000000070af00800, 0x000000070b000000| 50%| E|  |TAMS 0x000000070ae00000, 0x000000070ae00000| Complete 
|  82|0x000000070b000000, 0x000000070b200000, 0x000000070b200000|100%| E|CS|TAMS 0x000000070b000000, 0x000000070b000000| Complete 
|  83|0x000000070b200000, 0x000000070b400000, 0x000000070b400000|100%| E|  |TAMS 0x000000070b200000, 0x000000070b200000| Complete 
|  84|0x000000070b400000, 0x000000070b600000, 0x000000070b600000|100%| E|CS|TAMS 0x000000070b400000, 0x000000070b400000| Complete 
|  85|0x000000070b600000, 0x000000070b800000, 0x000000070b800000|100%| E|CS|TAMS 0x000000070b600000, 0x000000070b600000| Complete 
|  86|0x000000070b800000, 0x000000070ba00000, 0x000000070ba00000|100%| E|CS|TAMS 0x000000070b800000, 0x000000070b800000| Complete 
|  87|0x000000070ba00000, 0x000000070bc00000, 0x000000070bc00000|100%| E|CS|TAMS 0x000000070ba00000, 0x000000070ba00000| Complete 
|  88|0x000000070bc00000, 0x000000070be00000, 0x000000070be00000|100%| E|CS|TAMS 0x000000070bc00000, 0x000000070bc00000| Complete 
|  89|0x000000070be00000, 0x000000070c000000, 0x000000070c000000|100%| E|CS|TAMS 0x000000070be00000, 0x000000070be00000| Complete 
|  90|0x000000070c000000, 0x000000070c200000, 0x000000070c200000|100%| E|CS|TAMS 0x000000070c000000, 0x000000070c000000| Complete 
|  91|0x000000070c200000, 0x000000070c400000, 0x000000070c400000|100%| E|CS|TAMS 0x000000070c200000, 0x000000070c200000| Complete 
|  92|0x000000070c400000, 0x000000070c600000, 0x000000070c600000|100%| E|CS|TAMS 0x000000070c400000, 0x000000070c400000| Complete 
|  93|0x000000070c600000, 0x000000070c800000, 0x000000070c800000|100%| E|CS|TAMS 0x000000070c600000, 0x000000070c600000| Complete 
|  94|0x000000070c800000, 0x000000070ca00000, 0x000000070ca00000|100%| E|CS|TAMS 0x000000070c800000, 0x000000070c800000| Complete 
|  95|0x000000070ca00000, 0x000000070cc00000, 0x000000070cc00000|100%| E|CS|TAMS 0x000000070ca00000, 0x000000070ca00000| Complete 
|  96|0x000000070cc00000, 0x000000070ce00000, 0x000000070ce00000|100%| E|CS|TAMS 0x000000070cc00000, 0x000000070cc00000| Complete 
|  97|0x000000070ce00000, 0x000000070d000000, 0x000000070d000000|100%| E|CS|TAMS 0x000000070ce00000, 0x000000070ce00000| Complete 
|  98|0x000000070d000000, 0x000000070d200000, 0x000000070d200000|100%| E|CS|TAMS 0x000000070d000000, 0x000000070d000000| Complete 
|  99|0x000000070d200000, 0x000000070d400000, 0x000000070d400000|100%| E|CS|TAMS 0x000000070d200000, 0x000000070d200000| Complete 
| 100|0x000000070d400000, 0x000000070d600000, 0x000000070d600000|100%| E|CS|TAMS 0x000000070d400000, 0x000000070d400000| Complete 
| 101|0x000000070d600000, 0x000000070d800000, 0x000000070d800000|100%| E|CS|TAMS 0x000000070d600000, 0x000000070d600000| Complete 
| 102|0x000000070d800000, 0x000000070da00000, 0x000000070da00000|100%| E|CS|TAMS 0x000000070d800000, 0x000000070d800000| Complete 
| 103|0x000000070da00000, 0x000000070dc00000, 0x000000070dc00000|100%| E|CS|TAMS 0x000000070da00000, 0x000000070da00000| Complete 
| 104|0x000000070dc00000, 0x000000070de00000, 0x000000070de00000|100%| E|CS|TAMS 0x000000070dc00000, 0x000000070dc00000| Complete 
| 105|0x000000070de00000, 0x000000070e000000, 0x000000070e000000|100%| E|CS|TAMS 0x000000070de00000, 0x000000070de00000| Complete 
| 106|0x000000070e000000, 0x000000070e200000, 0x000000070e200000|100%| E|CS|TAMS 0x000000070e000000, 0x000000070e000000| Complete 
| 107|0x000000070e200000, 0x000000070e400000, 0x000000070e400000|100%| E|CS|TAMS 0x000000070e200000, 0x000000070e200000| Complete 
| 108|0x000000070e400000, 0x000000070e600000, 0x000000070e600000|100%| E|CS|TAMS 0x000000070e400000, 0x000000070e400000| Complete 
| 109|0x000000070e600000, 0x000000070e800000, 0x000000070e800000|100%| E|CS|TAMS 0x000000070e600000, 0x000000070e600000| Complete 
| 110|0x000000070e800000, 0x000000070ea00000, 0x000000070ea00000|100%| E|CS|TAMS 0x000000070e800000, 0x000000070e800000| Complete 
| 111|0x000000070ea00000, 0x000000070ec00000, 0x000000070ec00000|100%| E|CS|TAMS 0x000000070ea00000, 0x000000070ea00000| Complete 
| 112|0x000000070ec00000, 0x000000070ee00000, 0x000000070ee00000|100%| E|CS|TAMS 0x000000070ec00000, 0x000000070ec00000| Complete 
| 113|0x000000070ee00000, 0x000000070f000000, 0x000000070f000000|100%| E|CS|TAMS 0x000000070ee00000, 0x000000070ee00000| Complete 
| 114|0x000000070f000000, 0x000000070f200000, 0x000000070f200000|100%| E|CS|TAMS 0x000000070f000000, 0x000000070f000000| Complete 
| 115|0x000000070f200000, 0x000000070f400000, 0x000000070f400000|100%| E|CS|TAMS 0x000000070f200000, 0x000000070f200000| Complete 
| 116|0x000000070f400000, 0x000000070f600000, 0x000000070f600000|100%| E|CS|TAMS 0x000000070f400000, 0x000000070f400000| Complete 
| 117|0x000000070f600000, 0x000000070f800000, 0x000000070f800000|100%| E|CS|TAMS 0x000000070f600000, 0x000000070f600000| Complete 
| 118|0x000000070f800000, 0x000000070fa00000, 0x000000070fa00000|100%| E|CS|TAMS 0x000000070f800000, 0x000000070f800000| Complete 
| 119|0x000000070fa00000, 0x000000070fc00000, 0x000000070fc00000|100%| E|CS|TAMS 0x000000070fa00000, 0x000000070fa00000| Complete 
| 120|0x000000070fc00000, 0x000000070fe00000, 0x000000070fe00000|100%| E|CS|TAMS 0x000000070fc00000, 0x000000070fc00000| Complete 
| 121|0x000000070fe00000, 0x0000000710000000, 0x0000000710000000|100%| E|CS|TAMS 0x000000070fe00000, 0x000000070fe00000| Complete 
| 122|0x0000000710000000, 0x0000000710200000, 0x0000000710200000|100%| E|CS|TAMS 0x0000000710000000, 0x0000000710000000| Complete 
| 123|0x0000000710200000, 0x0000000710400000, 0x0000000710400000|100%| E|CS|TAMS 0x0000000710200000, 0x0000000710200000| Complete 
| 124|0x0000000710400000, 0x0000000710600000, 0x0000000710600000|100%| E|CS|TAMS 0x0000000710400000, 0x0000000710400000| Complete 
| 125|0x0000000710600000, 0x0000000710800000, 0x0000000710800000|100%| E|CS|TAMS 0x0000000710600000, 0x0000000710600000| Complete 
| 126|0x0000000710800000, 0x0000000710a00000, 0x0000000710a00000|100%| E|CS|TAMS 0x0000000710800000, 0x0000000710800000| Complete 
| 127|0x0000000710a00000, 0x0000000710c00000, 0x0000000710c00000|100%| E|CS|TAMS 0x0000000710a00000, 0x0000000710a00000| Complete 

Card table byte_map: [0x00000154bbfe0000,0x00000154bc7e0000] _byte_map_base: 0x00000154b87da000

Marking Bits (Prev, Next): (CMBitMap*) 0x00000154a28e1aa0, (CMBitMap*) 0x00000154a28e1ae0
 Prev Bits: [0x00000154bcfe0000, 0x00000154c0fb0000)
 Next Bits: [0x00000154c0fb0000, 0x00000154c4f80000)

Polling page: 0x00000154a2910000

Metaspace:

Usage:
  Non-class:     14.49 MB used.
      Class:      1.86 MB used.
       Both:     16.35 MB used.

Virtual space:
  Non-class space:       64.00 MB reserved,      14.62 MB ( 23%) committed,  1 nodes.
      Class space:        1.00 GB reserved,       2.00 MB ( <1%) committed,  1 nodes.
             Both:        1.06 GB reserved,      16.62 MB (  2%) committed. 

Chunk freelists:
   Non-Class:  836.00 KB
       Class:  13.82 MB
        Both:  14.64 MB

MaxMetaspaceSize: unlimited
CompressedClassSpaceSize: 1.00 GB
Initial GC threshold: 21.00 MB
Current GC threshold: 21.00 MB
CDS: on
MetaspaceReclaimPolicy: balanced
 - commit_granule_bytes: 65536.
 - commit_granule_words: 8192.
 - virtual_space_node_default_size: 8388608.
 - enlarge_chunks_in_place: 1.
 - new_chunks_are_fully_committed: 0.
 - uncommit_free_chunks: 1.
 - use_allocation_guard: 0.
 - handle_deallocations: 1.


Internal statistics:

num_allocs_failed_limit: 0.
num_arena_births: 298.
num_arena_deaths: 0.
num_vsnodes_births: 2.
num_vsnodes_deaths: 0.
num_space_committed: 266.
num_space_uncommitted: 0.
num_chunks_returned_to_freelist: 0.
num_chunks_taken_from_freelist: 719.
num_chunk_merges: 0.
num_chunk_splits: 448.
num_chunks_enlarged: 291.
num_inconsistent_stats: 0.

CodeHeap 'non-profiled nmethods': size=120000Kb used=2613Kb max_used=2613Kb free=117386Kb
 bounds [0x00000154b3610000, 0x00000154b38a0000, 0x00000154bab40000]
CodeHeap 'profiled nmethods': size=120000Kb used=6896Kb max_used=6896Kb free=113104Kb
 bounds [0x00000154abb40000, 0x00000154ac200000, 0x00000154b3070000]
CodeHeap 'non-nmethods': size=5760Kb used=1622Kb max_used=1651Kb free=4137Kb
 bounds [0x00000154b3070000, 0x00000154b32e0000, 0x00000154b3610000]
 total_blobs=4736 nmethods=3686 adapters=962
 compilation: enabled
              stopped_count=0, restarted_count=0
 full_count=0

Compilation events (20 events):
Event: 3.428 Thread 0x000001550903c170 nmethod 3688 0x00000154ac1f6d90 code [0x00000154ac1f71c0, 0x00000154ac1f8ea8]
Event: 3.428 Thread 0x000001550903c170 3689       3       java.lang.invoke.MemberName::isPrivate (8 bytes)
Event: 3.428 Thread 0x000001550903c170 nmethod 3689 0x00000154ac1f9610 code [0x00000154ac1f97a0, 0x00000154ac1f9978]
Event: 3.429 Thread 0x000001550903c170 3690       3       java.lang.invoke.InvokerBytecodeGenerator::emitStaticInvoke (258 bytes)
Event: 3.429 Thread 0x000001550903c170 nmethod 3690 0x00000154ac1f9a10 code [0x00000154ac1f9d20, 0x00000154ac1faca8]
Event: 3.429 Thread 0x000001550903c170 3691       3       java.lang.invoke.InvokerBytecodeGenerator::refKindOpcode (112 bytes)
Event: 3.430 Thread 0x000001550903c170 nmethod 3691 0x00000154ac1fb290 code [0x00000154ac1fb500, 0x00000154ac1fbdb8]
Event: 3.430 Thread 0x000001550903c170 3694       1       sun.util.calendar.CalendarDate::getMonth (5 bytes)
Event: 3.430 Thread 0x000001550903c170 nmethod 3694 0x00000154b389a910 code [0x00000154b389aaa0, 0x00000154b389ab78]
Event: 3.430 Thread 0x000001550903c170 3695       1       sun.util.calendar.BaseCalendar$Date::getCachedJan1 (5 bytes)
Event: 3.430 Thread 0x000001550903c170 nmethod 3695 0x00000154b389ac10 code [0x00000154b389ada0, 0x00000154b389ae78]
Event: 3.430 Thread 0x000001550903c170 3692       1       java.lang.invoke.InvokerBytecodeGenerator::setClassWriter (6 bytes)
Event: 3.430 Thread 0x0000015509171c20 nmethod 3503 0x00000154b3894210 code [0x00000154b38945e0, 0x00000154b3898298]
Event: 3.430 Thread 0x000001550903c170 nmethod 3692 0x00000154b389af10 code [0x00000154b389b0a0, 0x00000154b389b1b8]
Event: 3.430 Thread 0x000001550903c170 3693       1       java.lang.Class::getClassData (5 bytes)
Event: 3.430 Thread 0x000001550903c170 nmethod 3693 0x00000154b389b210 code [0x00000154b389b3a0, 0x00000154b389b478]
Event: 3.431 Thread 0x0000015509171c20 3686       4       jdk.internal.org.objectweb.asm.ByteVector::put12 (64 bytes)
Event: 3.434 Thread 0x0000015509171c20 nmethod 3686 0x00000154b389b510 code [0x00000154b389b6a0, 0x00000154b389bb98]
Event: 3.434 Thread 0x0000015509171c20 3685       4       java.lang.invoke.MethodType$ConcurrentWeakInternSet::get (47 bytes)
Event: 3.448 Thread 0x0000015509171c20 nmethod 3685 0x00000154b389bd90 code [0x00000154b389bf80, 0x00000154b389cfc8]

GC Heap History (10 events):
Event: 0.520 GC heap before
{Heap before GC invocations=0 (full 0):
 garbage-first heap   total 262144K, used 28672K [0x0000000700c00000, 0x0000000800000000)
  region size 2048K, 11 young (22528K), 0 survivors (0K)
 Metaspace       used 2661K, committed 2880K, reserved 1114112K
  class space    used 254K, committed 384K, reserved 1048576K
}
Event: 0.524 GC heap after
{Heap after GC invocations=1 (full 0):
 garbage-first heap   total 262144K, used 11454K [0x0000000700c00000, 0x0000000800000000)
  region size 2048K, 2 young (4096K), 2 survivors (4096K)
 Metaspace       used 2661K, committed 2880K, reserved 1114112K
  class space    used 254K, committed 384K, reserved 1048576K
}
Event: 0.823 GC heap before
{Heap before GC invocations=1 (full 0):
 garbage-first heap   total 262144K, used 33982K [0x0000000700c00000, 0x0000000800000000)
  region size 2048K, 13 young (26624K), 2 survivors (4096K)
 Metaspace       used 4862K, committed 5056K, reserved 1114112K
  class space    used 476K, committed 576K, reserved 1048576K
}
Event: 0.827 GC heap after
{Heap after GC invocations=2 (full 0):
 garbage-first heap   total 262144K, used 12911K [0x0000000700c00000, 0x0000000800000000)
  region size 2048K, 1 young (2048K), 1 survivors (2048K)
 Metaspace       used 4862K, committed 5056K, reserved 1114112K
  class space    used 476K, committed 576K, reserved 1048576K
}
Event: 1.130 GC heap before
{Heap before GC invocations=2 (full 0):
 garbage-first heap   total 262144K, used 76399K [0x0000000700c00000, 0x0000000800000000)
  region size 2048K, 31 young (63488K), 1 survivors (2048K)
 Metaspace       used 4933K, committed 5120K, reserved 1114112K
  class space    used 476K, committed 576K, reserved 1048576K
}
Event: 1.134 GC heap after
{Heap after GC invocations=3 (full 0):
 garbage-first heap   total 262144K, used 20113K [0x0000000700c00000, 0x0000000800000000)
  region size 2048K, 4 young (8192K), 4 survivors (8192K)
 Metaspace       used 4933K, committed 5120K, reserved 1114112K
  class space    used 476K, committed 576K, reserved 1048576K
}
Event: 2.000 GC heap before
{Heap before GC invocations=3 (full 0):
 garbage-first heap   total 262144K, used 167569K [0x0000000700c00000, 0x0000000800000000)
  region size 2048K, 76 young (155648K), 4 survivors (8192K)
 Metaspace       used 5143K, committed 5376K, reserved 1114112K
  class space    used 485K, committed 640K, reserved 1048576K
}
Event: 2.007 GC heap after
{Heap after GC invocations=4 (full 0):
 garbage-first heap   total 262144K, used 26476K [0x0000000700c00000, 0x0000000800000000)
  region size 2048K, 7 young (14336K), 7 survivors (14336K)
 Metaspace       used 5143K, committed 5376K, reserved 1114112K
  class space    used 485K, committed 640K, reserved 1048576K
}
Event: 2.542 GC heap before
{Heap before GC invocations=4 (full 0):
 garbage-first heap   total 262144K, used 169836K [0x0000000700c00000, 0x0000000800000000)
  region size 2048K, 76 young (155648K), 7 survivors (14336K)
 Metaspace       used 5430K, committed 5632K, reserved 1114112K
  class space    used 521K, committed 640K, reserved 1048576K
}
Event: 2.552 GC heap after
{Heap after GC invocations=5 (full 0):
 garbage-first heap   total 262144K, used 34979K [0x0000000700c00000, 0x0000000800000000)
  region size 2048K, 7 young (14336K), 7 survivors (14336K)
 Metaspace       used 5430K, committed 5632K, reserved 1114112K
  class space    used 521K, committed 640K, reserved 1048576K
}

Dll operation events (10 events):
Event: 0.006 Loaded shared library G:\MCreator\Versions\MCreator.2023.4.Windows.64bit\MCreator20234\jdk\bin\java.dll
Event: 0.031 Loaded shared library G:\MCreator\Versions\MCreator.2023.4.Windows.64bit\MCreator20234\jdk\bin\jsvml.dll
Event: 0.178 Loaded shared library G:\MCreator\Versions\MCreator.2023.4.Windows.64bit\MCreator20234\jdk\bin\net.dll
Event: 0.179 Loaded shared library G:\MCreator\Versions\MCreator.2023.4.Windows.64bit\MCreator20234\jdk\bin\nio.dll
Event: 0.181 Loaded shared library G:\MCreator\Versions\MCreator.2023.4.Windows.64bit\MCreator20234\jdk\bin\zip.dll
Event: 0.249 Loaded shared library G:\MCreator\Versions\MCreator.2023.4.Windows.64bit\MCreator20234\jdk\bin\jimage.dll
Event: 0.587 Loaded shared library G:\MCreator\Versions\MCreator.2023.4.Windows.64bit\MCreator20234\jdk\bin\verify.dll
Event: 2.768 Loaded shared library G:\MCreator\Versions\MCreator.2023.4.Windows.64bit\MCreator20234\jdk\bin\management.dll
Event: 2.770 Loaded shared library G:\MCreator\Versions\MCreator.2023.4.Windows.64bit\MCreator20234\jdk\bin\management_ext.dll
Event: 3.376 Loaded shared library C:\Users\joshu\AppData\Local\Temp\lwjgljoshu\3.3.1-build-7\lwjgl.dll

Deoptimization events (20 events):
Event: 3.316 Thread 0x00000154a2874f00 Uncommon trap: trap_request=0xffffffde fr.pc=0x00000154b37e39ac relative=0x000000000000008c
Event: 3.316 Thread 0x00000154a2874f00 Uncommon trap: reason=class_check action=maybe_recompile pc=0x00000154b37e39ac method=java.util.AbstractList$RandomAccessSpliterator.getFence()I @ 34 c2
Event: 3.316 Thread 0x00000154a2874f00 DEOPT PACKING pc=0x00000154b37e39ac sp=0x00000006520fe5a0
Event: 3.316 Thread 0x00000154a2874f00 DEOPT UNPACKING pc=0x00000154b30c69a3 sp=0x00000006520fe520 mode 2
Event: 3.317 Thread 0x00000154a2874f00 Uncommon trap: trap_request=0xffffffde fr.pc=0x00000154b37e39ac relative=0x000000000000008c
Event: 3.317 Thread 0x00000154a2874f00 Uncommon trap: reason=class_check action=maybe_recompile pc=0x00000154b37e39ac method=java.util.AbstractList$RandomAccessSpliterator.getFence()I @ 34 c2
Event: 3.317 Thread 0x00000154a2874f00 DEOPT PACKING pc=0x00000154b37e39ac sp=0x00000006520fe5a0
Event: 3.317 Thread 0x00000154a2874f00 DEOPT UNPACKING pc=0x00000154b30c69a3 sp=0x00000006520fe520 mode 2
Event: 3.317 Thread 0x00000154a2874f00 Uncommon trap: trap_request=0xffffffde fr.pc=0x00000154b37e39ac relative=0x000000000000008c
Event: 3.317 Thread 0x00000154a2874f00 Uncommon trap: reason=class_check action=maybe_recompile pc=0x00000154b37e39ac method=java.util.AbstractList$RandomAccessSpliterator.getFence()I @ 34 c2
Event: 3.317 Thread 0x00000154a2874f00 DEOPT PACKING pc=0x00000154b37e39ac sp=0x00000006520fe5a0
Event: 3.317 Thread 0x00000154a2874f00 DEOPT UNPACKING pc=0x00000154b30c69a3 sp=0x00000006520fe520 mode 2
Event: 3.321 Thread 0x00000154a2874f00 Uncommon trap: trap_request=0xffffffde fr.pc=0x00000154b36f33f0 relative=0x00000000000000d0
Event: 3.321 Thread 0x00000154a2874f00 Uncommon trap: reason=class_check action=maybe_recompile pc=0x00000154b36f33f0 method=java.util.stream.AbstractPipeline.exactOutputSizeIfKnown(Ljava/util/Spliterator;)J @ 16 c2
Event: 3.321 Thread 0x00000154a2874f00 DEOPT PACKING pc=0x00000154b36f33f0 sp=0x00000006520fec20
Event: 3.321 Thread 0x00000154a2874f00 DEOPT UNPACKING pc=0x00000154b30c69a3 sp=0x00000006520feba0 mode 2
Event: 3.423 Thread 0x000001550ff56010 Uncommon trap: trap_request=0xffffff45 fr.pc=0x00000154b36c7724 relative=0x0000000000000104
Event: 3.423 Thread 0x000001550ff56010 Uncommon trap: reason=unstable_if action=reinterpret pc=0x00000154b36c7724 method=java.util.concurrent.TimeUnit.convert(JLjava/util/concurrent/TimeUnit;)J @ 8 c2
Event: 3.423 Thread 0x000001550ff56010 DEOPT PACKING pc=0x00000154b36c7724 sp=0x0000000653eff080
Event: 3.423 Thread 0x000001550ff56010 DEOPT UNPACKING pc=0x00000154b30c69a3 sp=0x0000000653eff030 mode 2

Classes unloaded (0 events):
No events

Classes redefined (0 events):
No events

Internal exceptions (20 events):
Event: 3.286 Thread 0x00000154a2874f00 Exception <a 'java/lang/NoSuchMethodError'{0x000000070bb3a480}: 'java.lang.Object java.lang.invoke.DirectMethodHandle$Holder.invokeInterface(java.lang.Object, java.lang.Object, java.lang.Object, java.lang.Object)'> (0x000000070bb3a480) 
thrown [s\src\hotspot\share\interpreter\linkResolver.cpp, line 759]
Event: 3.287 Thread 0x00000154a2874f00 Exception <a 'java/lang/NoSuchMethodError'{0x000000070bb4b1b8}: 'void java.lang.invoke.DirectMethodHandle$Holder.invokeStaticInit(java.lang.Object, java.lang.Object)'> (0x000000070bb4b1b8) 
thrown [s\src\hotspot\share\interpreter\linkResolver.cpp, line 759]
Event: 3.288 Thread 0x00000154a2874f00 Exception <a 'java/lang/NoSuchMethodError'{0x000000070bb57a30}: 'java.lang.Object java.lang.invoke.DirectMethodHandle$Holder.invokeStaticInit(java.lang.Object, java.lang.Object, java.lang.Object, java.lang.Object)'> (0x000000070bb57a30) 
thrown [s\src\hotspot\share\interpreter\linkResolver.cpp, line 759]
Event: 3.288 Thread 0x00000154a2874f00 Exception <a 'java/lang/IncompatibleClassChangeError'{0x000000070bb5d2d8}: Found class java.lang.Object, but interface was expected> (0x000000070bb5d2d8) 
thrown [s\src\hotspot\share\interpreter\linkResolver.cpp, line 826]
Event: 3.291 Thread 0x00000154a2874f00 Exception <a 'java/lang/IncompatibleClassChangeError'{0x000000070bb924f0}: Found class java.lang.Object, but interface was expected> (0x000000070bb924f0) 
thrown [s\src\hotspot\share\interpreter\linkResolver.cpp, line 826]
Event: 3.313 Thread 0x00000154a2874f00 Exception <a 'sun/nio/fs/WindowsException'{0x000000070b929ad8}> (0x000000070b929ad8) 
thrown [s\src\hotspot\share\prims\jni.cpp, line 516]
Event: 3.322 Thread 0x00000154a2874f00 Exception <a 'java/lang/NoSuchMethodError'{0x000000070b96be60}: 'java.lang.Object java.lang.invoke.DirectMethodHandle$Holder.invokeVirtual(java.lang.Object, java.lang.Object, java.lang.Object)'> (0x000000070b96be60) 
thrown [s\src\hotspot\share\interpreter\linkResolver.cpp, line 759]
Event: 3.348 Thread 0x00000154a2874f00 Exception <a 'java/lang/NoSuchMethodError'{0x000000070b6b3b88}: 'java.lang.Object java.lang.invoke.DirectMethodHandle$Holder.invokeStatic(java.lang.Object, int, java.lang.Object, java.lang.Object, java.lang.Object, java.lang.Object)'> (0x000000070b6b3b88) 
thrown [s\src\hotspot\share\interpreter\linkResolver.cpp, line 759]
Event: 3.349 Thread 0x00000154a2874f00 Exception <a 'java/lang/NoSuchMethodError'{0x000000070b6bc3b0}: 'java.lang.Object java.lang.invoke.DirectMethodHandle$Holder.newInvokeSpecial(java.lang.Object, int, java.lang.Object, java.lang.Object)'> (0x000000070b6bc3b0) 
thrown [s\src\hotspot\share\interpreter\linkResolver.cpp, line 759]
Event: 3.349 Thread 0x00000154a2874f00 Exception <a 'java/lang/NoSuchMethodError'{0x000000070b6c04b8}: 'java.lang.Object java.lang.invoke.DirectMethodHandle$Holder.invokeSpecial(java.lang.Object, java.lang.Object, int, java.lang.Object, java.lang.Object)'> (0x000000070b6c04b8) 
thrown [s\src\hotspot\share\interpreter\linkResolver.cpp, line 759]
Event: 3.374 Thread 0x00000154a2874f00 Exception <a 'sun/nio/fs/WindowsException'{0x000000070b5a76f8}> (0x000000070b5a76f8) 
thrown [s\src\hotspot\share\prims\jni.cpp, line 516]
Event: 3.374 Thread 0x00000154a2874f00 Exception <a 'sun/nio/fs/WindowsException'{0x000000070b5a7a48}> (0x000000070b5a7a48) 
thrown [s\src\hotspot\share\prims\jni.cpp, line 516]
Event: 3.382 Thread 0x00000154a2874f00 Exception <a 'sun/nio/fs/WindowsException'{0x000000070b322948}> (0x000000070b322948) 
thrown [s\src\hotspot\share\prims\jni.cpp, line 516]
Event: 3.382 Thread 0x00000154a2874f00 Exception <a 'sun/nio/fs/WindowsException'{0x000000070b322ca8}> (0x000000070b322ca8) 
thrown [s\src\hotspot\share\prims\jni.cpp, line 516]
Event: 3.388 Thread 0x00000154a2874f00 Exception <a 'java/lang/NoSuchMethodError'{0x000000070b05d5c0}: 'int java.lang.invoke.DirectMethodHandle$Holder.invokeStaticInit(java.lang.Object, java.lang.Object, int, long)'> (0x000000070b05d5c0) 
thrown [s\src\hotspot\share\interpreter\linkResolver.cpp, line 759]
Event: 3.388 Thread 0x00000154a2874f00 Exception <a 'java/lang/NoSuchMethodError'{0x000000070b063150}: 'java.lang.Object java.lang.invoke.DirectMethodHandle$Holder.newInvokeSpecial(java.lang.Object, java.lang.Object, int)'> (0x000000070b063150) 
thrown [s\src\hotspot\share\interpreter\linkResolver.cpp, line 759]
Event: 3.390 Thread 0x00000154a2874f00 Exception <a 'java/lang/NoSuchMethodError'{0x000000070b077020}: 'int java.lang.invoke.DirectMethodHandle$Holder.invokeStaticInit(java.lang.Object, java.lang.Object, long, long)'> (0x000000070b077020) 
thrown [s\src\hotspot\share\interpreter\linkResolver.cpp, line 759]
Event: 3.390 Thread 0x00000154a2874f00 Exception <a 'java/lang/NoSuchMethodError'{0x000000070b07cf78}: 'java.lang.Object java.lang.invoke.DirectMethodHandle$Holder.newInvokeSpecial(java.lang.Object, java.lang.Object, long)'> (0x000000070b07cf78) 
thrown [s\src\hotspot\share\interpreter\linkResolver.cpp, line 759]
Event: 3.390 Thread 0x00000154a2874f00 Exception <a 'java/lang/NoSuchMethodError'{0x000000070b080ae8}: 'java.lang.Object java.lang.invoke.Invokers$Holder.linkToTargetMethod(java.lang.Object, long, java.lang.Object)'> (0x000000070b080ae8) 
thrown [s\src\hotspot\share\interpreter\linkResolver.cpp, line 759]
Event: 3.391 Thread 0x00000154a2874f00 Exception <a 'java/lang/NoSuchMethodError'{0x000000070b088260}: 'int java.lang.invoke.DirectMethodHandle$Holder.invokeStaticInit(java.lang.Object, java.lang.Object, java.lang.Object, long)'> (0x000000070b088260) 
thrown [s\src\hotspot\share\interpreter\linkResolver.cpp, line 759]

VM Operations (20 events):
Event: 3.044 Executing VM operation: HandshakeAllThreads
Event: 3.044 Executing VM operation: HandshakeAllThreads done
Event: 3.046 Executing VM operation: HandshakeAllThreads
Event: 3.046 Executing VM operation: HandshakeAllThreads done
Event: 3.096 Executing VM operation: HandshakeAllThreads
Event: 3.096 Executing VM operation: HandshakeAllThreads done
Event: 3.096 Executing VM operation: HandshakeAllThreads
Event: 3.096 Executing VM operation: HandshakeAllThreads done
Event: 3.128 Executing VM operation: HandshakeAllThreads
Event: 3.128 Executing VM operation: HandshakeAllThreads done
Event: 3.192 Executing VM operation: HandshakeAllThreads
Event: 3.192 Executing VM operation: HandshakeAllThreads done
Event: 3.246 Executing VM operation: HandshakeAllThreads
Event: 3.246 Executing VM operation: HandshakeAllThreads done
Event: 3.254 Executing VM operation: ICBufferFull
Event: 3.254 Executing VM operation: ICBufferFull done
Event: 3.380 Executing VM operation: HandshakeAllThreads
Event: 3.380 Executing VM operation: HandshakeAllThreads done
Event: 3.424 Executing VM operation: HandshakeAllThreads
Event: 3.424 Executing VM operation: HandshakeAllThreads done

Events (20 events):
Event: 3.387 loading class java/nio/DirectDoubleBufferU done
Event: 3.388 loading class java/util/function/LongPredicate
Event: 3.388 loading class java/util/function/LongPredicate done
Event: 3.392 loading class java/nio/InvalidMarkException
Event: 3.392 loading class java/nio/InvalidMarkException done
Event: 3.392 loading class java/nio/BufferUnderflowException
Event: 3.392 loading class java/nio/BufferUnderflowException done
Event: 3.422 loading class java/util/concurrent/ScheduledThreadPoolExecutor$ScheduledFutureTask
Event: 3.422 loading class java/util/concurrent/FutureTask
Event: 3.422 loading class java/util/concurrent/FutureTask done
Event: 3.422 loading class java/util/concurrent/ScheduledThreadPoolExecutor$ScheduledFutureTask done
Event: 3.422 loading class java/util/concurrent/FutureTask$WaitNode
Event: 3.422 loading class java/util/concurrent/FutureTask$WaitNode done
Event: 3.422 loading class java/util/concurrent/Executors$RunnableAdapter
Event: 3.422 loading class java/util/concurrent/Executors$RunnableAdapter done
Event: 3.423 Thread 0x000001550ff56010 Thread added: 0x000001550ff56010
Event: 3.423 loading class java/util/concurrent/locks/AbstractQueuedSynchronizer$ConditionNode
Event: 3.423 loading class java/util/concurrent/ForkJoinPool$ManagedBlocker
Event: 3.423 loading class java/util/concurrent/ForkJoinPool$ManagedBlocker done
Event: 3.423 loading class java/util/concurrent/locks/AbstractQueuedSynchronizer$ConditionNode done


Dynamic libraries:
0x00007ff6a74c0000 - 0x00007ff6a74ce000 	G:\MCreator\Versions\MCreator.2023.4.Windows.64bit\MCreator20234\jdk\bin\java.exe
0x00007ffe7e570000 - 0x00007ffe7e768000 	C:\WINDOWS\SYSTEM32\ntdll.dll
0x00007ffe7e2d0000 - 0x00007ffe7e38d000 	C:\WINDOWS\System32\KERNEL32.DLL
0x00007ffe7c2c0000 - 0x00007ffe7c5b6000 	C:\WINDOWS\System32\KERNELBASE.dll
0x00007ffe7be60000 - 0x00007ffe7bf60000 	C:\WINDOWS\System32\ucrtbase.dll
0x00007ffe6e600000 - 0x00007ffe6e61b000 	G:\MCreator\Versions\MCreator.2023.4.Windows.64bit\MCreator20234\jdk\bin\VCRUNTIME140.dll
0x00007ffe74560000 - 0x00007ffe74577000 	G:\MCreator\Versions\MCreator.2023.4.Windows.64bit\MCreator20234\jdk\bin\jli.dll
0x00007ffe7c9c0000 - 0x00007ffe7cb5e000 	C:\WINDOWS\System32\USER32.dll
0x00007ffe7c290000 - 0x00007ffe7c2b2000 	C:\WINDOWS\System32\win32u.dll
0x00007ffe6b590000 - 0x00007ffe6b82a000 	C:\WINDOWS\WinSxS\amd64_microsoft.windows.common-controls_6595b64144ccf1df_6.0.19041.3636_none_60b6a03d71f818d5\COMCTL32.dll
0x00007ffe7d6c0000 - 0x00007ffe7d6ec000 	C:\WINDOWS\System32\GDI32.dll
0x00007ffe7da50000 - 0x00007ffe7daee000 	C:\WINDOWS\System32\msvcrt.dll
0x00007ffe7c010000 - 0x00007ffe7c12a000 	C:\WINDOWS\System32\gdi32full.dll
0x00007ffe7bc90000 - 0x00007ffe7bd2d000 	C:\WINDOWS\System32\msvcp_win.dll
0x00007ffe7d950000 - 0x00007ffe7d980000 	C:\WINDOWS\System32\IMM32.DLL
0x00007ffe71bd0000 - 0x00007ffe71bdc000 	G:\MCreator\Versions\MCreator.2023.4.Windows.64bit\MCreator20234\jdk\bin\vcruntime140_1.dll
0x00007ffe2dd00000 - 0x00007ffe2dd8d000 	G:\MCreator\Versions\MCreator.2023.4.Windows.64bit\MCreator20234\jdk\bin\msvcp140.dll
0x00007ffe0d9d0000 - 0x00007ffe0e631000 	G:\MCreator\Versions\MCreator.2023.4.Windows.64bit\MCreator20234\jdk\bin\server\jvm.dll
0x00007ffe7dda0000 - 0x00007ffe7de53000 	C:\WINDOWS\System32\ADVAPI32.dll
0x00007ffe7d700000 - 0x00007ffe7d79f000 	C:\WINDOWS\System32\sechost.dll
0x00007ffe7dc70000 - 0x00007ffe7dd96000 	C:\WINDOWS\System32\RPCRT4.dll
0x00007ffe7bdc0000 - 0x00007ffe7bde7000 	C:\WINDOWS\System32\bcrypt.dll
0x00007ffe7b1e0000 - 0x00007ffe7b22b000 	C:\WINDOWS\SYSTEM32\POWRPROF.dll
0x00007ffe6eef0000 - 0x00007ffe6eef9000 	C:\WINDOWS\SYSTEM32\WSOCK32.dll
0x00007ffe792e0000 - 0x00007ffe79307000 	C:\WINDOWS\SYSTEM32\WINMM.dll
0x00007ffe7e390000 - 0x00007ffe7e3fb000 	C:\WINDOWS\System32\WS2_32.dll
0x00007ffe73880000 - 0x00007ffe7388a000 	C:\WINDOWS\SYSTEM32\VERSION.dll
0x00007ffe7b050000 - 0x00007ffe7b062000 	C:\WINDOWS\SYSTEM32\UMPDC.dll
0x00007ffe79b10000 - 0x00007ffe79b22000 	C:\WINDOWS\SYSTEM32\kernel.appcore.dll
0x00007ffe6c240000 - 0x00007ffe6c24a000 	G:\MCreator\Versions\MCreator.2023.4.Windows.64bit\MCreator20234\jdk\bin\jimage.dll
0x00007ffe75c40000 - 0x00007ffe75e24000 	C:\WINDOWS\SYSTEM32\DBGHELP.DLL
0x00007ffe74d30000 - 0x00007ffe74d64000 	C:\WINDOWS\SYSTEM32\dbgcore.DLL
0x00007ffe7bd30000 - 0x00007ffe7bdb2000 	C:\WINDOWS\System32\bcryptPrimitives.dll
0x00007ffe6add0000 - 0x00007ffe6adf5000 	G:\MCreator\Versions\MCreator.2023.4.Windows.64bit\MCreator20234\jdk\bin\java.dll
0x00007ffe22140000 - 0x00007ffe22217000 	G:\MCreator\Versions\MCreator.2023.4.Windows.64bit\MCreator20234\jdk\bin\jsvml.dll
0x00007ffe7cec0000 - 0x00007ffe7d605000 	C:\WINDOWS\System32\SHELL32.dll
0x00007ffe79d10000 - 0x00007ffe7a4ab000 	C:\WINDOWS\SYSTEM32\windows.storage.dll
0x00007ffe7cb60000 - 0x00007ffe7ceb4000 	C:\WINDOWS\System32\combase.dll
0x00007ffe7b670000 - 0x00007ffe7b69d000 	C:\WINDOWS\SYSTEM32\Wldp.dll
0x00007ffe7c700000 - 0x00007ffe7c7ad000 	C:\WINDOWS\System32\SHCORE.dll
0x00007ffe7c960000 - 0x00007ffe7c9b5000 	C:\WINDOWS\System32\shlwapi.dll
0x00007ffe7bb70000 - 0x00007ffe7bb95000 	C:\WINDOWS\SYSTEM32\profapi.dll
0x00007ffe6adb0000 - 0x00007ffe6adc9000 	G:\MCreator\Versions\MCreator.2023.4.Windows.64bit\MCreator20234\jdk\bin\net.dll
0x00007ffe769b0000 - 0x00007ffe76aba000 	C:\WINDOWS\SYSTEM32\WINHTTP.dll
0x00007ffe7b3d0000 - 0x00007ffe7b43a000 	C:\WINDOWS\system32\mswsock.dll
0x00007ffe64170000 - 0x00007ffe64186000 	G:\MCreator\Versions\MCreator.2023.4.Windows.64bit\MCreator20234\jdk\bin\nio.dll
0x00007ffe64150000 - 0x00007ffe64168000 	G:\MCreator\Versions\MCreator.2023.4.Windows.64bit\MCreator20234\jdk\bin\zip.dll
0x00007ffe63520000 - 0x00007ffe63530000 	G:\MCreator\Versions\MCreator.2023.4.Windows.64bit\MCreator20234\jdk\bin\verify.dll
0x00007ffe6c110000 - 0x00007ffe6c119000 	G:\MCreator\Versions\MCreator.2023.4.Windows.64bit\MCreator20234\jdk\bin\management.dll
0x00007ffe66040000 - 0x00007ffe6604b000 	G:\MCreator\Versions\MCreator.2023.4.Windows.64bit\MCreator20234\jdk\bin\management_ext.dll
0x00007ffe7d810000 - 0x00007ffe7d818000 	C:\WINDOWS\System32\PSAPI.DLL
0x00007ffe6a230000 - 0x00007ffe6a247000 	C:\WINDOWS\system32\napinsp.dll
0x00007ffe6a210000 - 0x00007ffe6a22b000 	C:\WINDOWS\system32\pnrpnsp.dll
0x00007ffe6a1f0000 - 0x00007ffe6a205000 	C:\WINDOWS\system32\wshbth.dll
0x00007ffe774d0000 - 0x00007ffe774ed000 	C:\WINDOWS\system32\NLAapi.dll
0x00007ffe7b070000 - 0x00007ffe7b0ab000 	C:\WINDOWS\SYSTEM32\IPHLPAPI.DLL
0x00007ffe7b0c0000 - 0x00007ffe7b18a000 	C:\WINDOWS\SYSTEM32\DNSAPI.dll
0x00007ffe7d6f0000 - 0x00007ffe7d6f8000 	C:\WINDOWS\System32\NSI.dll
0x00007ffe69720000 - 0x00007ffe69732000 	C:\WINDOWS\System32\winrnr.dll
0x00007ffe75af0000 - 0x00007ffe75afa000 	C:\Windows\System32\rasadhlp.dll
0x00007ffe75360000 - 0x00007ffe753e0000 	C:\WINDOWS\System32\fwpuclnt.dll
0x00007ffe542f0000 - 0x00007ffe54365000 	C:\Users\joshu\AppData\Local\Temp\lwjgljoshu\3.3.1-build-7\lwjgl.dll
0x00007ffe53520000 - 0x00007ffe53581000 	C:\Users\joshu\AppData\Local\Temp\lwjgljoshu\3.3.1-build-7\glfw.dll
0x00007ffe4eec0000 - 0x00007ffe4ef05000 	C:\WINDOWS\SYSTEM32\dinput8.dll
0x00007ffe65540000 - 0x00007ffe65551000 	C:\WINDOWS\SYSTEM32\xinput1_4.dll
0x00007ffe7bc40000 - 0x00007ffe7bc8e000 	C:\WINDOWS\System32\cfgmgr32.dll
0x00007ffe7b9d0000 - 0x00007ffe7ba03000 	C:\WINDOWS\SYSTEM32\DEVOBJ.dll
0x00007ffe79820000 - 0x00007ffe7984f000 	C:\WINDOWS\SYSTEM32\dwmapi.dll
0x00007ffe6c3a0000 - 0x00007ffe6c4f2000 	C:\WINDOWS\SYSTEM32\inputhost.dll
0x00007ffe7d980000 - 0x00007ffe7da4d000 	C:\WINDOWS\System32\OLEAUT32.dll
0x00007ffe78ab0000 - 0x00007ffe78e0b000 	C:\WINDOWS\SYSTEM32\CoreUIComponents.dll
0x00007ffe77ad0000 - 0x00007ffe77c25000 	C:\WINDOWS\SYSTEM32\wintypes.dll
0x00007ffe791d0000 - 0x00007ffe792c2000 	C:\WINDOWS\SYSTEM32\CoreMessaging.dll
0x00007ffe759a0000 - 0x00007ffe75a96000 	C:\WINDOWS\SYSTEM32\PROPSYS.dll
0x00007ffe7adb0000 - 0x00007ffe7ade3000 	C:\WINDOWS\SYSTEM32\ntmarta.dll
0x00007ffe795c0000 - 0x00007ffe7965e000 	C:\WINDOWS\system32\uxtheme.dll
0x00007ffe7db50000 - 0x00007ffe7dc64000 	C:\WINDOWS\System32\MSCTF.dll
0x00007ffe34900000 - 0x00007ffe34a25000 	C:\WINDOWS\SYSTEM32\opengl32.dll
0x00007ffe464c0000 - 0x00007ffe464ec000 	C:\WINDOWS\SYSTEM32\GLU32.dll
0x00007ffe7d8a0000 - 0x00007ffe7d949000 	C:\WINDOWS\System32\clbcatq.dll
0x00007ffe317b0000 - 0x00007ffe317dd000 	C:\WINDOWS\System32\DriverStore\FileRepository\u0390451.inf_amd64_39377efdd62734d1\B390182\atig6pxx.dll
0x00007ffe28d00000 - 0x00007ffe2c935000 	C:\WINDOWS\System32\DriverStore\FileRepository\u0390451.inf_amd64_39377efdd62734d1\B390182\atio6axx.dll
0x00007ffe7de60000 - 0x00007ffe7e2ce000 	C:\WINDOWS\System32\SETUPAPI.dll
0x00007ffe7bdf0000 - 0x00007ffe7be57000 	C:\WINDOWS\System32\WINTRUST.dll
0x00007ffe7c130000 - 0x00007ffe7c28d000 	C:\WINDOWS\System32\CRYPT32.dll
0x00007ffe7b800000 - 0x00007ffe7b812000 	C:\WINDOWS\SYSTEM32\MSASN1.dll

dbghelp: loaded successfully - version: 4.0.5 - missing functions: none
symbol engine: initialized successfully - sym options: 0x614 - pdb path: .;G:\MCreator\Versions\MCreator.2023.4.Windows.64bit\MCreator20234\jdk\bin;C:\WINDOWS\SYSTEM32;C:\WINDOWS\WinSxS\amd64_microsoft.windows.common-controls_6595b64144ccf1df_6.0.19041.3636_none_60b6a03d71f818d5;G:\MCreator\Versions\MCreator.2023.4.Windows.64bit\MCreator20234\jdk\bin\server;C:\Users\joshu\AppData\Local\Temp\lwjgljoshu\3.3.1-build-7;C:\WINDOWS\System32\DriverStore\FileRepository\u0390451.inf_amd64_39377efdd62734d1\B390182

VM Arguments:
jvm_args: -Dforge.enableGameTest=true -Dforge.logging.console.level=debug -Dforge.logging.markers=REGISTRIES -DignoreList=bootstraplauncher,securejarhandler,asm-commons,asm-util,asm-analysis,asm-tree,asm,JarJarFileSystems,client-extra,fmlcore,javafmllanguage,lowcodelanguage,mclanguage,forge- -Djava.net.preferIPv6Addresses=system -DlegacyClassPath.file=C:\Users\joshu\MCreatorWorkspaces\fish_away_forge\build\classpath\runClient_minecraftClasspath.txt -DmergeModules=jna-5.10.0.jar,jna-platform-5.10.0.jar -Dmixin.env.refMapRemappingFile=C:\Users\joshu\MCreatorWorkspaces\fish_away_forge/build/createSrgToMcp/output.srg -Dmixin.env.remapRefMap=true --module-path=C:\Users\joshu\.mcreator\gradle\caches\modules-2\files-2.1\cpw.mods\bootstraplauncher\1.1.2\c546e00443d8432cda6baa1c860346980742628\bootstraplauncher-1.1.2.jar;C:\Users\joshu\.mcreator\gradle\caches\modules-2\files-2.1\cpw.mods\securejarhandler\2.1.10\51e6a22c6c716beb11e244bf5b8be480f51dd6b5\securejarhandler-2.1.10.jar;C:\Users\joshu\.mcreator\gradle\caches\modules-2\files-2.1\org.ow2.asm\asm-commons\9.5\19ab5b5800a3910d30d3a3e64fdb00fd0cb42de0\asm-commons-9.5.jar;C:\Users\joshu\.mcreator\gradle\caches\modules-2\files-2.1\org.ow2.asm\asm-util\9.5\64b5a1fc8c1b15ed2efd6a063e976bc8d3dc5ffe\asm-util-9.5.jar;C:\Users\joshu\.mcreator\gradle\caches\modules-2\files-2.1\org.ow2.asm\asm-analysis\9.5\490bacc77de7cbc0be1a30bb3471072d705be4a4\asm-analysis-9.5.jar;C:\Users\joshu\.mcreator\gradle\caches\modules-2\files-2.1\org.ow2.asm\asm-tree\9.5\fd33c8b6373abaa675be407082fdfda35021254a\asm-tree-9.5.jar;C:\Users\joshu\.mcreator\gradle\caches\modules-2\files-2.1\org.ow2.asm\asm\9.5\dc6ea1875f4d64fbc85e1691c95b96a3d8569c90\asm-9.5.jar;C:\Users\joshu\.mcreator\gradle\caches\modules-2\files-2.1\net.minecraftforge\JarJarFileSystems\0.3.19\2464eb7d6b9ddb9db36a82cf8a95193e5c6fe020\JarJarFileSystems-0.3.19.jar --add-modules=ALL-MODULE-PATH --add-opens=java.base/java.util.jar=cpw.mods.securejarhandler --add-opens=java.base/java.lang.invoke=cpw.mods.securejarhandler --add-exports=java.base/sun.security.util=cpw.mods.securejarhandler --add-exports=jdk.naming.dns/com.sun.jndi.dns=java.naming -XX:HeapDumpPath=MojangTricksIntelDriversForPerformance_javaw.exe_minecraft.exe.heapdump -Dfile.encoding=UTF-8 -Duser.country=US -Duser.language=en -Duser.variant 
java_command: cpw.mods.bootstraplauncher.BootstrapLauncher --launchTarget forgeclientuserdev --version MOD_DEV --assetIndex 5 --assetsDir C:\Users\joshu\.mcreator\gradle\caches\forge_gradle\assets --gameDir . --fml.forgeVersion 47.2.0 --fml.mcVersion 1.20.1 --fml.forgeGroup net.minecraftforge --fml.mcpVersion 20230612.114412
java_class_path (initial): C:\Users\joshu\MCreatorWorkspaces\fish_away_forge\build\classes\java\main;C:\Users\joshu\MCreatorWorkspaces\fish_away_forge\build\resources\main;C:\Users\joshu\.mcreator\gradle\caches\forge_gradle\minecraft_user_repo\net\minecraftforge\forge\1.20.1-47.2.0_mapped_official_1.20.1\forge-1.20.1-47.2.0_mapped_official_1.20.1-recomp.jar;C:\Users\joshu\.mcreator\gradle\caches\forge_gradle\deobf_dependencies\curse\maven\patchouli-306770\4966125_mapped_official_1.20.1\patchouli-306770-4966125_mapped_official_1.20.1.jar;C:\Users\joshu\.mcreator\gradle\caches\forge_gradle\deobf_dependencies\mezz\jei\jei-1.20.1-forge\15.2.0.27_mapped_official_1.20.1\jei-1.20.1-forge-15.2.0.27_mapped_official_1.20.1.jar;C:\Users\joshu\.mcreator\gradle\caches\forge_gradle\minecraft_repo\versions\1.20.1\client-extra.jar;C:\Users\joshu\.mcreator\gradle\caches\modules-2\files-2.1\net.minecraftforge\fmlearlydisplay\1.20.1-47.2.0\4c56a03dcedcb909c7eaa8469dd5a36c493a0008\fmlearlydisplay-1.20.1-47.2.0.jar;C:\Users\joshu\.mcreator\gradle\caches\modules-2\files-2.1\net.minecraftforge\javafmllanguage\1.20.1-47.2.0\7f9181f85acc66547685a72020713fc8cbde98\javafmllanguage-1.20.1-47.2.0.jar;C:\Users\joshu\.mcreator\gradle\caches\modules-2\files-2.1\net.minecraftforge\lowcodelanguage\1.20.1-47.2.0\7872f5205685fdd26fae39b1be79b0e60ca5b7bd\lowcodelanguage-1.20.1-47.2.0.jar;C:\Users\joshu\.mcreator\gradle\caches\modules-2\files-2.1\net.minecraftforge\mclanguage\1.20.1-47.2.0\d501d161cabed08b3c139a2c6217b02a39f3c3e9\mclanguage-1.20.1-47.2.0.jar;C:\Users\joshu\.mcreator\gradle\caches\modules-2\files-2.1\net.minecraftforge\fmlcore\1.20.1-47.2.0\ffd3c6debac0a388c9e33ac43c9f5eafb91cb466\fmlcore-1.20.1-47.2.0.jar;C:\Users\joshu\.mcreator\gradle\caches\modules-2\files-2.1\net.minecraftforge\fmlloader\1.20.1-47.2.0\7811231940c0a8b6008453bbc64fdf7fa1280fe9\fmlloader-1.20.1-47.2.0.jar;C:\Users\joshu\.mcreator\gradle\caches\modules-2\files-2.1\net.minecraftforge\JarJarSelector\0.3.19\376cc9c8ea607
Launcher Type: SUN_STANDARD

[Global flags]
     intx CICompilerCount                          = 4                                         {product} {ergonomic}
     uint ConcGCThreads                            = 3                                         {product} {ergonomic}
     uint G1ConcRefinementThreads                  = 10                                        {product} {ergonomic}
   size_t G1HeapRegionSize                         = 2097152                                   {product} {ergonomic}
    uintx GCDrainStackTargetSize                   = 64                                        {product} {ergonomic}
    ccstr HeapDumpPath                             = MojangTricksIntelDriversForPerformance_javaw.exe_minecraft.exe.heapdump         {manageable} {command line}
   size_t InitialHeapSize                          = 268435456                                 {product} {ergonomic}
   size_t MarkStackSize                            = 4194304                                   {product} {ergonomic}
   size_t MaxHeapSize                              = 4282384384                                {product} {ergonomic}
   size_t MaxNewSize                               = 2569011200                                {product} {ergonomic}
   size_t MinHeapDeltaBytes                        = 2097152                                   {product} {ergonomic}
   size_t MinHeapSize                              = 8388608                                   {product} {ergonomic}
    uintx NonNMethodCodeHeapSize                   = 5839372                                {pd product} {ergonomic}
    uintx NonProfiledCodeHeapSize                  = 122909434                              {pd product} {ergonomic}
    uintx ProfiledCodeHeapSize                     = 122909434                              {pd product} {ergonomic}
    uintx ReservedCodeCacheSize                    = 251658240                              {pd product} {ergonomic}
     bool SegmentedCodeCache                       = true                                      {product} {ergonomic}
   size_t SoftMaxHeapSize                          = 4282384384                             {manageable} {ergonomic}
     bool UseCompressedClassPointers               = true                           {product lp64_product} {ergonomic}
     bool UseCompressedOops                        = true                           {product lp64_product} {ergonomic}
     bool UseG1GC                                  = true                                      {product} {ergonomic}
     bool UseLargePagesIndividualAllocation        = false                                  {pd product} {ergonomic}

Logging:
Log output configuration:
 #0: stdout all=warning uptime,level,tags
 #1: stderr all=off uptime,level,tags

Environment Variables:
JAVA_HOME=G:\MCreator\Versions\MCreator.2023.4.Windows.64bit\MCreator20234\jdk
PATH=C:\Program Files\Eclipse Adoptium\jdk-21.0.1.12-hotspot\bin;C:\Program Files\Python311\Scripts\;C:\Program Files\Python311\;C:\Program Files (x86)\Common Files\Oracle\Java\javapath;C:\Program Files\Eclipse Adoptium\jdk-17.0.4.8-hotspot\bin;C:\ProgramData\Oracle\Java\javapath;C:\WINDOWS\system32;C:\WINDOWS;C:\WINDOWS\System32\Wbem;C:\WINDOWS\System32\WindowsPowerShell\v1.0\;C:\WINDOWS\System32\OpenSSH\;C:\Program Files\dotnet\;C:\Users\joshu\AppData\Local\Microsoft\WindowsApps;C:\Users\joshu\AppData\Local\Programs\Microsoft VS Code\bin;C:\Users\joshu\.dotnet\tools;C:\Users\joshu\AppData\Local\Programs\Git\cmd;G:\MCreator\Versions\MCreator.2023.4.Windows.64bit\MCreator20234\jdk\bin
USERNAME=joshu
OS=Windows_NT
PROCESSOR_IDENTIFIER=AMD64 Family 23 Model 8 Stepping 2, AuthenticAMD
TMP=C:\Users\joshu\AppData\Local\Temp
TEMP=C:\Users\joshu\AppData\Local\Temp



Periodic native trim disabled


---------------  S Y S T E M  ---------------

OS:
 Windows 10 , 64 bit Build 19041 (10.0.19041.3636)
OS uptime: 29 days 19:06 hours

CPU: total 12 (initial active 12) (12 cores per cpu, 2 threads per core) family 23 model 8 stepping 2 microcode 0x0, cx8, cmov, fxsr, ht, mmx, 3dnowpref, sse, sse2, sse3, ssse3, sse4a, sse4.1, sse4.2, popcnt, lzcnt, tsc, tscinvbit, avx, avx2, aes, clmul, bmi1, bmi2, adx, sha, fma, vzeroupper, clflush, clflushopt
Processor Information for all 12 processors :
  Max Mhz: 3400, Current Mhz: 3400, Mhz Limit: 3400

Memory: 4k page, system-wide physical 16331M (3789M free)
TotalPageFile size 27921M (AvailPageFile size 4602M)
current process WorkingSet (physical memory assigned to process): 331M, peak: 335M
current process commit charge ("private bytes"): 451M, peak: 455M

vm_info: OpenJDK 64-Bit Server VM (17.0.9+9) for windows-amd64 JRE (17.0.9+9), built on Oct 26 2023 14:01:42 by "admin" with MS VC++ 16.10 / 16.11 (VS2019)

END.
