#
# A fatal error has been detected by the Java Runtime Environment:
#
#  EXCEPTION_ACCESS_VIOLATION (0xc0000005) at pc=0x00007ff9ee252b60, pid=2776, tid=3520
#
# JRE version: OpenJDK Runtime Environment Temurin-17.0.9+9 (17.0.9+9) (build 17.0.9+9)
# Java VM: OpenJDK 64-Bit Server VM Temurin-17.0.9+9 (17.0.9+9, mixed mode, sharing, tiered, compressed oops, compressed class ptrs, g1 gc, windows-amd64)
# Problematic frame:
# C  [atio6axx.dll+0x192b60]
#
# No core dump will be written. Minidumps are not enabled by default on client versions of Windows
#
# If you would like to submit a bug report, please visit:
#   https://github.com/adoptium/adoptium-support/issues
# The crash happened outside the Java Virtual Machine in native code.
# See problematic frame for where to report the bug.
#

---------------  S U M M A R Y ------------

Command Line: -Dforge.enableGameTest=true -Dforge.logging.console.level=debug -Dforge.logging.markers=REGISTRIES -DignoreList=bootstraplauncher,securejarhandler,asm-commons,asm-util,asm-analysis,asm-tree,asm,JarJarFileSystems,client-extra,fmlcore,javafmllanguage,lowcodelanguage,mclanguage,forge- -Djava.net.preferIPv6Addresses=system -DlegacyClassPath.file=C:\Users\joshu\MCreatorWorkspaces\fish_away_forge\build\classpath\runClient_minecraftClasspath.txt -DmergeModules=jna-5.10.0.jar,jna-platform-5.10.0.jar -Dmixin.env.refMapRemappingFile=C:\Users\joshu\MCreatorWorkspaces\fish_away_forge/build/createSrgToMcp/output.srg -Dmixin.env.remapRefMap=true --module-path=C:\Users\joshu\.mcreator\gradle\caches\modules-2\files-2.1\cpw.mods\bootstraplauncher\1.1.2\c546e00443d8432cda6baa1c860346980742628\bootstraplauncher-1.1.2.jar;C:\Users\joshu\.mcreator\gradle\caches\modules-2\files-2.1\cpw.mods\securejarhandler\2.1.10\51e6a22c6c716beb11e244bf5b8be480f51dd6b5\securejarhandler-2.1.10.jar;C:\Users\joshu\.mcreator\gradle\caches\modules-2\files-2.1\org.ow2.asm\asm-commons\9.5\19ab5b5800a3910d30d3a3e64fdb00fd0cb42de0\asm-commons-9.5.jar;C:\Users\joshu\.mcreator\gradle\caches\modules-2\files-2.1\org.ow2.asm\asm-util\9.5\64b5a1fc8c1b15ed2efd6a063e976bc8d3dc5ffe\asm-util-9.5.jar;C:\Users\joshu\.mcreator\gradle\caches\modules-2\files-2.1\org.ow2.asm\asm-analysis\9.5\490bacc77de7cbc0be1a30bb3471072d705be4a4\asm-analysis-9.5.jar;C:\Users\joshu\.mcreator\gradle\caches\modules-2\files-2.1\org.ow2.asm\asm-tree\9.5\fd33c8b6373abaa675be407082fdfda35021254a\asm-tree-9.5.jar;C:\Users\joshu\.mcreator\gradle\caches\modules-2\files-2.1\org.ow2.asm\asm\9.5\dc6ea1875f4d64fbc85e1691c95b96a3d8569c90\asm-9.5.jar;C:\Users\joshu\.mcreator\gradle\caches\modules-2\files-2.1\net.minecraftforge\JarJarFileSystems\0.3.19\2464eb7d6b9ddb9db36a82cf8a95193e5c6fe020\JarJarFileSystems-0.3.19.jar --add-modules=ALL-MODULE-PATH --add-opens=java.base/java.util.jar=cpw.mods.securejarhandler --add-opens=java.base/java.lang.invoke=cpw.mods.securejarhandler --add-exports=java.base/sun.security.util=cpw.mods.securejarhandler --add-exports=jdk.naming.dns/com.sun.jndi.dns=java.naming -XX:HeapDumpPath=MojangTricksIntelDriversForPerformance_javaw.exe_minecraft.exe.heapdump -Dfile.encoding=UTF-8 -Duser.country=US -Duser.language=en -Duser.variant cpw.mods.bootstraplauncher.BootstrapLauncher --launchTarget forgeclientuserdev --version MOD_DEV --assetIndex 5 --assetsDir C:\Users\joshu\.mcreator\gradle\caches\forge_gradle\assets --gameDir . --fml.forgeVersion 47.2.0 --fml.mcVersion 1.20.1 --fml.forgeGroup net.minecraftforge --fml.mcpVersion 20230612.114412

Host: AMD Ryzen 5 2600 Six-Core Processor            , 12 cores, 15G,  Windows 10 , 64 bit Build 19041 (10.0.19041.3636)
Time: Fri Feb  9 17:12:51 2024 Central Standard Time elapsed time: 3.630671 seconds (0d 0h 0m 3s)

---------------  T H R E A D  ---------------

Current thread (0x000001ed8e6d6d80):  JavaThread "main" [_thread_in_native, id=3520, stack(0x000000bf84300000,0x000000bf84400000)]

Stack: [0x000000bf84300000,0x000000bf84400000],  sp=0x000000bf843fb5e8,  free space=1005k
Native frames: (J=compiled Java code, j=interpreted, Vv=VM code, C=native code)
C  [atio6axx.dll+0x192b60]

Java frames: (J=compiled Java code, j=interpreted, Vv=VM code)
j  org.lwjgl.system.JNI.invokePPPP(IIJJJJ)J+0 org.lwjgl@3.3.1+7
j  org.lwjgl.glfw.GLFW.nglfwCreateWindow(IIJJJ)J+14 org.lwjgl.glfw@3.3.1+7
j  org.lwjgl.glfw.GLFW.glfwCreateWindow(IILjava/lang/CharSequence;JJ)J+34 org.lwjgl.glfw@3.3.1+7
j  net.minecraftforge.fml.earlydisplay.DisplayWindow.initWindow(Ljava/lang/String;)V+408 fmlearlydisplay@1.20.1-47.2.0
j  net.minecraftforge.fml.earlydisplay.DisplayWindow.start(Ljava/lang/String;Ljava/lang/String;)Ljava/lang/Runnable;+14 fmlearlydisplay@1.20.1-47.2.0
j  net.minecraftforge.fml.earlydisplay.DisplayWindow.initialize([Ljava/lang/String;)Ljava/lang/Runnable;+410 fmlearlydisplay@1.20.1-47.2.0
j  net.minecraftforge.fml.loading.ImmediateWindowHandler.load(Ljava/lang/String;[Ljava/lang/String;)V+180 fmlloader@1.20.1-47.2.0
j  net.minecraftforge.fml.loading.ModDirTransformerDiscoverer.earlyInitialization(Ljava/lang/String;[Ljava/lang/String;)V+2 fmlloader@1.20.1-47.2.0
j  cpw.mods.modlauncher.TransformationServicesHandler.lambda$discoverServices$18(Lcpw/mods/modlauncher/ArgumentHandler$DiscoveryData;Lcpw/mods/modlauncher/serviceapi/ITransformerDiscoveryService;)V+9 cpw.mods.modlauncher@10.0.9
j  cpw.mods.modlauncher.TransformationServicesHandler$$Lambda$416+0x000001edb5217408.accept(Ljava/lang/Object;)V+8 cpw.mods.modlauncher@10.0.9
j  java.lang.Iterable.forEach(Ljava/util/function/Consumer;)V+30 java.base@17.0.9
j  cpw.mods.modlauncher.TransformationServicesHandler.discoverServices(Lcpw/mods/modlauncher/ArgumentHandler$DiscoveryData;)V+145 cpw.mods.modlauncher@10.0.9
j  cpw.mods.modlauncher.Launcher.run([Ljava/lang/String;)V+14 cpw.mods.modlauncher@10.0.9
j  cpw.mods.modlauncher.Launcher.main([Ljava/lang/String;)V+78 cpw.mods.modlauncher@10.0.9
j  cpw.mods.modlauncher.BootstrapLaunchConsumer.accept([Ljava/lang/String;)V+1 cpw.mods.modlauncher@10.0.9
j  cpw.mods.modlauncher.BootstrapLaunchConsumer.accept(Ljava/lang/Object;)V+5 cpw.mods.modlauncher@10.0.9
j  cpw.mods.bootstraplauncher.BootstrapLauncher.main([Ljava/lang/String;)V+515 cpw.mods.bootstraplauncher@1.1.2
v  ~StubRoutines::call_stub

siginfo: EXCEPTION_ACCESS_VIOLATION (0xc0000005), reading address 0xffffffffffffffff


Registers:
RAX=0x0000000000000000, RBX=0x00007ff9f1a933b0, RCX=0x656e5c312e322d73, RDX=0x00000000000000d1
RSP=0x000000bf843fb5e8, RBP=0x000000bf843fb750, RSI=0x00007ff9f19a2d40, RDI=0x000000bf843fba40
R8 =0x00000000000001a5, R9 =0x656e5c312e322d73, R10=0x0000000000000000, R11=0x0000000000000200
R12=0x00007ff9f1a93408, R13=0x00007ff9f1a95c08, R14=0x00007ff9f1a933b0, R15=0x0000000000000000
RIP=0x00007ff9ee252b60, EFLAGS=0x0000000000010206


Register to memory mapping:

RIP=0x00007ff9ee252b60 atio6axx.dll
RAX=0x0 is NULL
RBX=0x00007ff9f1a933b0 atio6axx.dll
RCX=0x656e5c312e322d73 is an unknown value
RDX=0x00000000000000d1 is an unknown value
RSP=0x000000bf843fb5e8 is pointing into the stack for thread: 0x000001ed8e6d6d80
RBP=0x000000bf843fb750 is pointing into the stack for thread: 0x000001ed8e6d6d80
RSI=0x00007ff9f19a2d40 atio6axx.dll
RDI=0x000000bf843fba40 is pointing into the stack for thread: 0x000001ed8e6d6d80
R8 =0x00000000000001a5 is an unknown value
R9 =0x656e5c312e322d73 is an unknown value
R10=0x0 is NULL
R11=0x0000000000000200 is an unknown value
R12=0x00007ff9f1a93408 atio6axx.dll
R13=0x00007ff9f1a95c08 atio6axx.dll
R14=0x00007ff9f1a933b0 atio6axx.dll
R15=0x0 is NULL


Top of Stack: (sp=0x000000bf843fb5e8)
0x000000bf843fb5e8:   00007ff9ee252e7c 00007ff9f1a96020
0x000000bf843fb5f8:   000001edfb2a4ae8 0000000000000000
0x000000bf843fb608:   00007ff9ee253e8d 000000bf843fba40
0x000000bf843fb618:   00007ff9ee20f484 00007ff9f1a933b0
0x000000bf843fb628:   00007ff9f19a2d40 0000652e6176616a
0x000000bf843fb638:   0000c1571a5d7b4f 000000bf843fba40
0x000000bf843fb648:   00007ff9ee210457 00007ff9f1a933b8
0x000000bf843fb658:   00007ff9f19a2d40 00007ff9f19a2d40
0x000000bf843fb668:   000001edf9d44f8c 00007ff9f1a933b0
0x000000bf843fb678:   00007ffa00000000 0000000000000009
0x000000bf843fb688:   000001edf9d4513c 000001edf9d45298
0x000000bf843fb698:   00007ff9f1a933b8 000000bf843fba40
0x000000bf843fb6a8:   000000bf843fb819 00007f006176616a
0x000000bf843fb6b8:   00007f006176616a 46676e697274535c
0x000000bf843fb6c8:   5c6f666e49656c69 3062343039303430
0x000000bf843fb6d8:   726556656c69465c 000000006e6f6973
0x000000bf843fb6e8:   0000000000000000 0000000000000000
0x000000bf843fb6f8:   0000000000000000 0000000a0000011c
0x000000bf843fb708:   00004a6500000000 0000000000000002
0x000000bf843fb718:   0000000000000000 0000000000000000
0x000000bf843fb728:   0000000000000000 0000000000000000
0x000000bf843fb738:   0000000000000000 0000000000000000
0x000000bf843fb748:   0000000000000000 0000000000000000
0x000000bf843fb758:   0000000000000000 0000000000000000
0x000000bf843fb768:   0000000000000000 0000000000000000
0x000000bf843fb778:   0000000000000000 0000000000000000
0x000000bf843fb788:   0000000000000000 0000000000000000
0x000000bf843fb798:   0000000000000000 0000000000000000
0x000000bf843fb7a8:   0000000000000000 0000000000000000
0x000000bf843fb7b8:   0000000000000000 0000000000000000
0x000000bf843fb7c8:   0000000000000000 616572434d5c3a47
0x000000bf843fb7d8:   737265565c726f74 72434d5c736e6f69 

Instructions: (pc=0x00007ff9ee252b60)
0x00007ff9ee252a60:   74 09 33 c9 ff 15 e6 89 66 03 90 48 8b c3 48 83
0x00007ff9ee252a70:   c4 20 5b c3 cc cc cc cc cc cc cc cc cc cc cc cc
0x00007ff9ee252a80:   48 83 ec 28 48 8b 51 08 48 85 d2 74 09 33 c9 ff
0x00007ff9ee252a90:   15 bb 89 66 03 90 48 83 c4 28 c3 cc cc cc cc cc
0x00007ff9ee252aa0:   48 89 11 c3 cc cc cc cc cc cc cc cc cc cc cc cc
0x00007ff9ee252ab0:   48 8b c1 c3 cc cc cc cc cc cc cc cc cc cc cc cc
0x00007ff9ee252ac0:   48 3b ca 74 10 41 8b 00 39 01 74 09 48 83 c1 04
0x00007ff9ee252ad0:   48 3b ca 75 f3 48 8b c1 c3 cc cc cc cc cc cc cc
0x00007ff9ee252ae0:   48 8b c1 c3 cc cc cc cc cc cc cc cc cc cc cc cc
0x00007ff9ee252af0:   48 83 39 00 0f 94 c0 c3 cc cc cc cc cc cc cc cc
0x00007ff9ee252b00:   4c 8d 04 d5 00 00 00 00 33 d2 e9 c1 d0 dd 01 cc
0x00007ff9ee252b10:   4c 8b 41 08 48 8b 02 49 89 00 48 83 41 08 08 c3
0x00007ff9ee252b20:   48 8b c1 c3 cc cc cc cc cc cc cc cc cc cc cc cc
0x00007ff9ee252b30:   48 8b c1 c3 cc cc cc cc cc cc cc cc cc cc cc cc
0x00007ff9ee252b40:   49 8b 00 48 89 02 c3 cc cc cc cc cc cc cc cc cc
0x00007ff9ee252b50:   8b 81 40 39 00 00 c3 cc cc cc cc cc cc cc cc cc
0x00007ff9ee252b60:   8b 81 40 39 00 00 83 c0 f0 83 f8 67 0f 87 5a 01
0x00007ff9ee252b70:   00 00 48 8d 15 87 d4 e6 ff 0f b6 84 02 f0 2c 19
0x00007ff9ee252b80:   00 8b 8c 82 d0 2c 19 00 48 03 ca ff e1 48 8b 0d
0x00007ff9ee252b90:   6c 6f 7e 03 83 b9 b4 34 00 00 02 0f 87 2b 01 00
0x00007ff9ee252ba0:   00 48 8d 91 0c 29 00 00 c7 02 e1 00 00 00 e9 ce
0x00007ff9ee252bb0:   00 00 00 48 8b 0d 46 6f 7e 03 83 b9 b4 34 00 00
0x00007ff9ee252bc0:   02 0f 87 05 01 00 00 48 8d 91 0c 29 00 00 c7 02
0x00007ff9ee252bd0:   f0 00 00 00 e9 a8 00 00 00 48 8b 0d 20 6f 7e 03
0x00007ff9ee252be0:   83 b9 b4 34 00 00 02 0f 87 df 00 00 00 48 8d 91
0x00007ff9ee252bf0:   0c 29 00 00 c7 02 00 04 00 00 e9 82 00 00 00 48
0x00007ff9ee252c00:   8b 0d fa 6e 7e 03 83 b9 b4 34 00 00 02 0f 87 b9
0x00007ff9ee252c10:   00 00 00 48 8d 91 0c 29 00 00 c7 02 00 08 00 00
0x00007ff9ee252c20:   eb 5f 48 8b 0d d7 6e 7e 03 83 b9 b4 34 00 00 02
0x00007ff9ee252c30:   0f 87 96 00 00 00 48 8d 91 0c 29 00 00 c7 02 00
0x00007ff9ee252c40:   09 00 00 eb 3c 48 8b 0d b4 6e 7e 03 83 b9 b4 34
0x00007ff9ee252c50:   00 00 02 77 77 48 8d 91 0c 29 00 00 c7 02 3c 0f 


Stack slot to memory mapping:
stack at sp + 0 slots: 0x00007ff9ee252e7c atio6axx.dll
stack at sp + 1 slots: 0x00007ff9f1a96020 atio6axx.dll
stack at sp + 2 slots: 0x000001edfb2a4ae8 points into unknown readable memory: 0x00007ff9f129f5f0 | f0 f5 29 f1 f9 7f 00 00
stack at sp + 3 slots: 0x0 is NULL
stack at sp + 4 slots: 0x00007ff9ee253e8d atio6axx.dll
stack at sp + 5 slots: 0x000000bf843fba40 is pointing into the stack for thread: 0x000001ed8e6d6d80
stack at sp + 6 slots: 0x00007ff9ee20f484 atio6axx.dll
stack at sp + 7 slots: 0x00007ff9f1a933b0 atio6axx.dll


---------------  P R O C E S S  ---------------

Threads class SMR info:
_java_thread_list=0x000001edfd671770, length=15, elements={
0x000001ed8e6d6d80, 0x000001edb3b23500, 0x000001edb3b24fe0, 0x000001edb3b374b0,
0x000001edb3b39e90, 0x000001edb3b3a760, 0x000001edb3b3b030, 0x000001edb3b3dcf0,
0x000001edb3b40130, 0x000001edb3b41220, 0x000001edb3c74690, 0x000001edb3d903c0,
0x000001edfadc0500, 0x000001edfadc24e0, 0x000001edfa3ea460
}

Java Threads: ( => current thread )
=>0x000001ed8e6d6d80 JavaThread "main" [_thread_in_native, id=3520, stack(0x000000bf84300000,0x000000bf84400000)]
  0x000001edb3b23500 JavaThread "Reference Handler" daemon [_thread_blocked, id=14708, stack(0x000000bf84a00000,0x000000bf84b00000)]
  0x000001edb3b24fe0 JavaThread "Finalizer" daemon [_thread_blocked, id=16696, stack(0x000000bf84b00000,0x000000bf84c00000)]
  0x000001edb3b374b0 JavaThread "Signal Dispatcher" daemon [_thread_blocked, id=16620, stack(0x000000bf84c00000,0x000000bf84d00000)]
  0x000001edb3b39e90 JavaThread "Attach Listener" daemon [_thread_blocked, id=16908, stack(0x000000bf84d00000,0x000000bf84e00000)]
  0x000001edb3b3a760 JavaThread "Service Thread" daemon [_thread_blocked, id=12056, stack(0x000000bf84e00000,0x000000bf84f00000)]
  0x000001edb3b3b030 JavaThread "Monitor Deflation Thread" daemon [_thread_blocked, id=15140, stack(0x000000bf84f00000,0x000000bf85000000)]
  0x000001edb3b3dcf0 JavaThread "C2 CompilerThread0" daemon [_thread_in_native, id=7188, stack(0x000000bf85000000,0x000000bf85100000)]
  0x000001edb3b40130 JavaThread "C1 CompilerThread0" daemon [_thread_blocked, id=5140, stack(0x000000bf85100000,0x000000bf85200000)]
  0x000001edb3b41220 JavaThread "Sweeper thread" daemon [_thread_blocked, id=7000, stack(0x000000bf85200000,0x000000bf85300000)]
  0x000001edb3c74690 JavaThread "Common-Cleaner" daemon [_thread_blocked, id=1512, stack(0x000000bf85300000,0x000000bf85400000)]
  0x000001edb3d903c0 JavaThread "Notification Thread" daemon [_thread_blocked, id=12284, stack(0x000000bf85500000,0x000000bf85600000)]
  0x000001edfadc0500 JavaThread "C2 CompilerThread1" daemon [_thread_blocked, id=7488, stack(0x000000bf85400000,0x000000bf85500000)]
  0x000001edfadc24e0 JavaThread "C2 CompilerThread2" daemon [_thread_in_native, id=6892, stack(0x000000bf85c00000,0x000000bf85d00000)]
  0x000001edfa3ea460 JavaThread "pool-2-thread-1" daemon [_thread_blocked, id=11376, stack(0x000000bf86100000,0x000000bf86200000)]

Other Threads:
  0x000001edb3b1ebf0 VMThread "VM Thread" [stack: 0x000000bf84900000,0x000000bf84a00000] [id=4100]
  0x000001ed8e6d79f0 WatcherThread [stack: 0x000000bf85600000,0x000000bf85700000] [id=15264]
  0x000001ed8e743db0 GCTaskThread "GC Thread#0" [stack: 0x000000bf84400000,0x000000bf84500000] [id=15540]
  0x000001edf91239a0 GCTaskThread "GC Thread#1" [stack: 0x000000bf85700000,0x000000bf85800000] [id=1068]
  0x000001edf963a320 GCTaskThread "GC Thread#2" [stack: 0x000000bf85800000,0x000000bf85900000] [id=13608]
  0x000001edf9648190 GCTaskThread "GC Thread#3" [stack: 0x000000bf85900000,0x000000bf85a00000] [id=13732]
  0x000001edf968ee80 GCTaskThread "GC Thread#4" [stack: 0x000000bf85a00000,0x000000bf85b00000] [id=6544]
  0x000001edf968f140 GCTaskThread "GC Thread#5" [stack: 0x000000bf85b00000,0x000000bf85c00000] [id=1276]
  0x000001edfb6fece0 GCTaskThread "GC Thread#6" [stack: 0x000000bf85d00000,0x000000bf85e00000] [id=10204]
  0x000001ed8e755b60 ConcurrentGCThread "G1 Main Marker" [stack: 0x000000bf84500000,0x000000bf84600000] [id=7268]
  0x000001ed8e757c40 ConcurrentGCThread "G1 Conc#0" [stack: 0x000000bf84600000,0x000000bf84700000] [id=14252]
  0x000001edb3585710 ConcurrentGCThread "G1 Refine#0" [stack: 0x000000bf84700000,0x000000bf84800000] [id=16148]
  0x000001edb3586050 ConcurrentGCThread "G1 Service" [stack: 0x000000bf84800000,0x000000bf84900000] [id=9084]

Threads with active compile tasks:
C2 CompilerThread0     3679 3595       4       jdk.internal.org.objectweb.asm.Frame::execute (2305 bytes)
C2 CompilerThread2     3679 3632       4       java.lang.invoke.MethodType::makeImpl (109 bytes)

VM state: not at safepoint (normal execution)

VM Mutex/Monitor currently owned by a thread: None

Heap address: 0x0000000700c00000, size: 4084 MB, Compressed Oops mode: Zero based, Oop shift amount: 3

CDS archive(s) mapped at: [0x000001edb4000000-0x000001edb4ba0000-0x000001edb4ba0000), size 12189696, SharedBaseAddress: 0x000001edb4000000, ArchiveRelocationMode: 1.
Compressed class space mapped at: 0x000001edb5000000-0x000001edf5000000, reserved size: 1073741824
Narrow klass base: 0x000001edb4000000, Narrow klass shift: 0, Narrow klass range: 0x100000000

GC Precious Log:
 CPUs: 12 total, 12 available
 Memory: 16331M
 Large Page Support: Disabled
 NUMA Support: Disabled
 Compressed Oops: Enabled (Zero based)
 Heap Region Size: 2M
 Heap Min Capacity: 8M
 Heap Initial Capacity: 256M
 Heap Max Capacity: 4084M
 Pre-touch: Disabled
 Parallel Workers: 10
 Concurrent Workers: 3
 Concurrent Refinement Workers: 10
 Periodic GC: Disabled

Heap:
 garbage-first heap   total 262144K, used 129361K [0x0000000700c00000, 0x0000000800000000)
  region size 2048K, 55 young (112640K), 7 survivors (14336K)
 Metaspace       used 16756K, committed 17088K, reserved 1114112K
  class space    used 1905K, committed 2048K, reserved 1048576K

Heap Regions: E=young(eden), S=young(survivor), O=old, HS=humongous(starts), HC=humongous(continues), CS=collection set, F=free, OA=open archive, CA=closed archive, TAMS=top-at-mark-start (previous, next)
|   0|0x0000000700c00000, 0x0000000700e00000, 0x0000000700e00000|100%|HS|  |TAMS 0x0000000700c00000, 0x0000000700c00000| Complete 
|   1|0x0000000700e00000, 0x0000000701000000, 0x0000000701000000|100%| O|  |TAMS 0x0000000700e00000, 0x0000000700e00000| Untracked 
|   2|0x0000000701000000, 0x0000000701200000, 0x0000000701200000|100%| O|  |TAMS 0x0000000701000000, 0x0000000701000000| Untracked 
|   3|0x0000000701200000, 0x0000000701400000, 0x0000000701400000|100%|HS|  |TAMS 0x0000000701200000, 0x0000000701200000| Complete 
|   4|0x0000000701400000, 0x0000000701600000, 0x0000000701600000|100%| O|  |TAMS 0x0000000701400000, 0x0000000701400000| Untracked 
|   5|0x0000000701600000, 0x0000000701800000, 0x0000000701800000|100%| O|  |TAMS 0x0000000701600000, 0x0000000701600000| Untracked 
|   6|0x0000000701800000, 0x0000000701a00000, 0x0000000701a00000|100%|HS|  |TAMS 0x0000000701800000, 0x0000000701800000| Complete 
|   7|0x0000000701a00000, 0x0000000701c00000, 0x0000000701c00000|100%|HS|  |TAMS 0x0000000701a00000, 0x0000000701a00000| Complete 
|   8|0x0000000701c00000, 0x0000000701e00000, 0x0000000701e00000|100%| O|  |TAMS 0x0000000701c00000, 0x0000000701c00000| Untracked 
|   9|0x0000000701e00000, 0x0000000702000000, 0x0000000702000000|100%| O|  |TAMS 0x0000000701e00000, 0x0000000701e00000| Untracked 
|  10|0x0000000702000000, 0x00000007021b3800, 0x0000000702200000| 85%| O|  |TAMS 0x0000000702000000, 0x0000000702000000| Untracked 
|  11|0x0000000702200000, 0x0000000702200000, 0x0000000702400000|  0%| F|  |TAMS 0x0000000702200000, 0x0000000702200000| Untracked 
|  12|0x0000000702400000, 0x0000000702400000, 0x0000000702600000|  0%| F|  |TAMS 0x0000000702400000, 0x0000000702400000| Untracked 
|  13|0x0000000702600000, 0x0000000702600000, 0x0000000702800000|  0%| F|  |TAMS 0x0000000702600000, 0x0000000702600000| Untracked 
|  14|0x0000000702800000, 0x0000000702800000, 0x0000000702a00000|  0%| F|  |TAMS 0x0000000702800000, 0x0000000702800000| Untracked 
|  15|0x0000000702a00000, 0x0000000702a00000, 0x0000000702c00000|  0%| F|  |TAMS 0x0000000702a00000, 0x0000000702a00000| Untracked 
|  16|0x0000000702c00000, 0x0000000702c00000, 0x0000000702e00000|  0%| F|  |TAMS 0x0000000702c00000, 0x0000000702c00000| Untracked 
|  17|0x0000000702e00000, 0x0000000702e00000, 0x0000000703000000|  0%| F|  |TAMS 0x0000000702e00000, 0x0000000702e00000| Untracked 
|  18|0x0000000703000000, 0x0000000703000000, 0x0000000703200000|  0%| F|  |TAMS 0x0000000703000000, 0x0000000703000000| Untracked 
|  19|0x0000000703200000, 0x0000000703200000, 0x0000000703400000|  0%| F|  |TAMS 0x0000000703200000, 0x0000000703200000| Untracked 
|  20|0x0000000703400000, 0x0000000703400000, 0x0000000703600000|  0%| F|  |TAMS 0x0000000703400000, 0x0000000703400000| Untracked 
|  21|0x0000000703600000, 0x0000000703600000, 0x0000000703800000|  0%| F|  |TAMS 0x0000000703600000, 0x0000000703600000| Untracked 
|  22|0x0000000703800000, 0x0000000703800000, 0x0000000703a00000|  0%| F|  |TAMS 0x0000000703800000, 0x0000000703800000| Untracked 
|  23|0x0000000703a00000, 0x0000000703a00000, 0x0000000703c00000|  0%| F|  |TAMS 0x0000000703a00000, 0x0000000703a00000| Untracked 
|  24|0x0000000703c00000, 0x0000000703c00000, 0x0000000703e00000|  0%| F|  |TAMS 0x0000000703c00000, 0x0000000703c00000| Untracked 
|  25|0x0000000703e00000, 0x0000000703e00000, 0x0000000704000000|  0%| F|  |TAMS 0x0000000703e00000, 0x0000000703e00000| Untracked 
|  26|0x0000000704000000, 0x0000000704000000, 0x0000000704200000|  0%| F|  |TAMS 0x0000000704000000, 0x0000000704000000| Untracked 
|  27|0x0000000704200000, 0x0000000704200000, 0x0000000704400000|  0%| F|  |TAMS 0x0000000704200000, 0x0000000704200000| Untracked 
|  28|0x0000000704400000, 0x0000000704400000, 0x0000000704600000|  0%| F|  |TAMS 0x0000000704400000, 0x0000000704400000| Untracked 
|  29|0x0000000704600000, 0x0000000704600000, 0x0000000704800000|  0%| F|  |TAMS 0x0000000704600000, 0x0000000704600000| Untracked 
|  30|0x0000000704800000, 0x0000000704800000, 0x0000000704a00000|  0%| F|  |TAMS 0x0000000704800000, 0x0000000704800000| Untracked 
|  31|0x0000000704a00000, 0x0000000704a00000, 0x0000000704c00000|  0%| F|  |TAMS 0x0000000704a00000, 0x0000000704a00000| Untracked 
|  32|0x0000000704c00000, 0x0000000704c00000, 0x0000000704e00000|  0%| F|  |TAMS 0x0000000704c00000, 0x0000000704c00000| Untracked 
|  33|0x0000000704e00000, 0x0000000704e00000, 0x0000000705000000|  0%| F|  |TAMS 0x0000000704e00000, 0x0000000704e00000| Untracked 
|  34|0x0000000705000000, 0x0000000705000000, 0x0000000705200000|  0%| F|  |TAMS 0x0000000705000000, 0x0000000705000000| Untracked 
|  35|0x0000000705200000, 0x0000000705200000, 0x0000000705400000|  0%| F|  |TAMS 0x0000000705200000, 0x0000000705200000| Untracked 
|  36|0x0000000705400000, 0x0000000705400000, 0x0000000705600000|  0%| F|  |TAMS 0x0000000705400000, 0x0000000705400000| Untracked 
|  37|0x0000000705600000, 0x0000000705600000, 0x0000000705800000|  0%| F|  |TAMS 0x0000000705600000, 0x0000000705600000| Untracked 
|  38|0x0000000705800000, 0x0000000705800000, 0x0000000705a00000|  0%| F|  |TAMS 0x0000000705800000, 0x0000000705800000| Untracked 
|  39|0x0000000705a00000, 0x0000000705a00000, 0x0000000705c00000|  0%| F|  |TAMS 0x0000000705a00000, 0x0000000705a00000| Untracked 
|  40|0x0000000705c00000, 0x0000000705c00000, 0x0000000705e00000|  0%| F|  |TAMS 0x0000000705c00000, 0x0000000705c00000| Untracked 
|  41|0x0000000705e00000, 0x0000000705e00000, 0x0000000706000000|  0%| F|  |TAMS 0x0000000705e00000, 0x0000000705e00000| Untracked 
|  42|0x0000000706000000, 0x0000000706000000, 0x0000000706200000|  0%| F|  |TAMS 0x0000000706000000, 0x0000000706000000| Untracked 
|  43|0x0000000706200000, 0x0000000706200000, 0x0000000706400000|  0%| F|  |TAMS 0x0000000706200000, 0x0000000706200000| Untracked 
|  44|0x0000000706400000, 0x0000000706400000, 0x0000000706600000|  0%| F|  |TAMS 0x0000000706400000, 0x0000000706400000| Untracked 
|  45|0x0000000706600000, 0x0000000706600000, 0x0000000706800000|  0%| F|  |TAMS 0x0000000706600000, 0x0000000706600000| Untracked 
|  46|0x0000000706800000, 0x0000000706800000, 0x0000000706a00000|  0%| F|  |TAMS 0x0000000706800000, 0x0000000706800000| Untracked 
|  47|0x0000000706a00000, 0x0000000706a00000, 0x0000000706c00000|  0%| F|  |TAMS 0x0000000706a00000, 0x0000000706a00000| Untracked 
|  48|0x0000000706c00000, 0x0000000706c00000, 0x0000000706e00000|  0%| F|  |TAMS 0x0000000706c00000, 0x0000000706c00000| Untracked 
|  49|0x0000000706e00000, 0x0000000706e00000, 0x0000000707000000|  0%| F|  |TAMS 0x0000000706e00000, 0x0000000706e00000| Untracked 
|  50|0x0000000707000000, 0x0000000707000000, 0x0000000707200000|  0%| F|  |TAMS 0x0000000707000000, 0x0000000707000000| Untracked 
|  51|0x0000000707200000, 0x0000000707200000, 0x0000000707400000|  0%| F|  |TAMS 0x0000000707200000, 0x0000000707200000| Untracked 
|  52|0x0000000707400000, 0x00000007074a0f08, 0x0000000707600000| 31%| S|CS|TAMS 0x0000000707400000, 0x0000000707400000| Complete 
|  53|0x0000000707600000, 0x0000000707800000, 0x0000000707800000|100%| S|CS|TAMS 0x0000000707600000, 0x0000000707600000| Complete 
|  54|0x0000000707800000, 0x0000000707a00000, 0x0000000707a00000|100%| S|CS|TAMS 0x0000000707800000, 0x0000000707800000| Complete 
|  55|0x0000000707a00000, 0x0000000707c00000, 0x0000000707c00000|100%| S|CS|TAMS 0x0000000707a00000, 0x0000000707a00000| Complete 
|  56|0x0000000707c00000, 0x0000000707e00000, 0x0000000707e00000|100%| S|CS|TAMS 0x0000000707c00000, 0x0000000707c00000| Complete 
|  57|0x0000000707e00000, 0x0000000708000000, 0x0000000708000000|100%| S|CS|TAMS 0x0000000707e00000, 0x0000000707e00000| Complete 
|  58|0x0000000708000000, 0x0000000708200000, 0x0000000708200000|100%| S|CS|TAMS 0x0000000708000000, 0x0000000708000000| Complete 
|  59|0x0000000708200000, 0x0000000708200000, 0x0000000708400000|  0%| F|  |TAMS 0x0000000708200000, 0x0000000708200000| Untracked 
|  60|0x0000000708400000, 0x0000000708400000, 0x0000000708600000|  0%| F|  |TAMS 0x0000000708400000, 0x0000000708400000| Untracked 
|  61|0x0000000708600000, 0x0000000708600000, 0x0000000708800000|  0%| F|  |TAMS 0x0000000708600000, 0x0000000708600000| Untracked 
|  62|0x0000000708800000, 0x0000000708800000, 0x0000000708a00000|  0%| F|  |TAMS 0x0000000708800000, 0x0000000708800000| Untracked 
|  63|0x0000000708a00000, 0x0000000708a00000, 0x0000000708c00000|  0%| F|  |TAMS 0x0000000708a00000, 0x0000000708a00000| Untracked 
|  64|0x0000000708c00000, 0x0000000708c00000, 0x0000000708e00000|  0%| F|  |TAMS 0x0000000708c00000, 0x0000000708c00000| Untracked 
|  65|0x0000000708e00000, 0x0000000708e00000, 0x0000000709000000|  0%| F|  |TAMS 0x0000000708e00000, 0x0000000708e00000| Untracked 
|  66|0x0000000709000000, 0x0000000709000000, 0x0000000709200000|  0%| F|  |TAMS 0x0000000709000000, 0x0000000709000000| Untracked 
|  67|0x0000000709200000, 0x0000000709200000, 0x0000000709400000|  0%| F|  |TAMS 0x0000000709200000, 0x0000000709200000| Untracked 
|  68|0x0000000709400000, 0x0000000709400000, 0x0000000709600000|  0%| F|  |TAMS 0x0000000709400000, 0x0000000709400000| Untracked 
|  69|0x0000000709600000, 0x0000000709600000, 0x0000000709800000|  0%| F|  |TAMS 0x0000000709600000, 0x0000000709600000| Untracked 
|  70|0x0000000709800000, 0x0000000709800000, 0x0000000709a00000|  0%| F|  |TAMS 0x0000000709800000, 0x0000000709800000| Untracked 
|  71|0x0000000709a00000, 0x0000000709a00000, 0x0000000709c00000|  0%| F|  |TAMS 0x0000000709a00000, 0x0000000709a00000| Untracked 
|  72|0x0000000709c00000, 0x0000000709c00000, 0x0000000709e00000|  0%| F|  |TAMS 0x0000000709c00000, 0x0000000709c00000| Untracked 
|  73|0x0000000709e00000, 0x0000000709e00000, 0x000000070a000000|  0%| F|  |TAMS 0x0000000709e00000, 0x0000000709e00000| Untracked 
|  74|0x000000070a000000, 0x000000070a000000, 0x000000070a200000|  0%| F|  |TAMS 0x000000070a000000, 0x000000070a000000| Untracked 
|  75|0x000000070a200000, 0x000000070a200000, 0x000000070a400000|  0%| F|  |TAMS 0x000000070a200000, 0x000000070a200000| Untracked 
|  76|0x000000070a400000, 0x000000070a400000, 0x000000070a600000|  0%| F|  |TAMS 0x000000070a400000, 0x000000070a400000| Untracked 
|  77|0x000000070a600000, 0x000000070a600000, 0x000000070a800000|  0%| F|  |TAMS 0x000000070a600000, 0x000000070a600000| Untracked 
|  78|0x000000070a800000, 0x000000070a800000, 0x000000070aa00000|  0%| F|  |TAMS 0x000000070a800000, 0x000000070a800000| Untracked 
|  79|0x000000070aa00000, 0x000000070aa00000, 0x000000070ac00000|  0%| F|  |TAMS 0x000000070aa00000, 0x000000070aa00000| Untracked 
|  80|0x000000070ac00000, 0x000000070ac00800, 0x000000070ae00000|  0%| E|  |TAMS 0x000000070ac00000, 0x000000070ac00000| Complete 
|  81|0x000000070ae00000, 0x000000070b000000, 0x000000070b000000|100%| E|CS|TAMS 0x000000070ae00000, 0x000000070ae00000| Complete 
|  82|0x000000070b000000, 0x000000070b200000, 0x000000070b200000|100%| E|CS|TAMS 0x000000070b000000, 0x000000070b000000| Complete 
|  83|0x000000070b200000, 0x000000070b400000, 0x000000070b400000|100%| E|  |TAMS 0x000000070b200000, 0x000000070b200000| Complete 
|  84|0x000000070b400000, 0x000000070b600000, 0x000000070b600000|100%| E|CS|TAMS 0x000000070b400000, 0x000000070b400000| Complete 
|  85|0x000000070b600000, 0x000000070b800000, 0x000000070b800000|100%| E|CS|TAMS 0x000000070b600000, 0x000000070b600000| Complete 
|  86|0x000000070b800000, 0x000000070ba00000, 0x000000070ba00000|100%| E|CS|TAMS 0x000000070b800000, 0x000000070b800000| Complete 
|  87|0x000000070ba00000, 0x000000070bc00000, 0x000000070bc00000|100%| E|CS|TAMS 0x000000070ba00000, 0x000000070ba00000| Complete 
|  88|0x000000070bc00000, 0x000000070be00000, 0x000000070be00000|100%| E|CS|TAMS 0x000000070bc00000, 0x000000070bc00000| Complete 
|  89|0x000000070be00000, 0x000000070c000000, 0x000000070c000000|100%| E|CS|TAMS 0x000000070be00000, 0x000000070be00000| Complete 
|  90|0x000000070c000000, 0x000000070c200000, 0x000000070c200000|100%| E|CS|TAMS 0x000000070c000000, 0x000000070c000000| Complete 
|  91|0x000000070c200000, 0x000000070c400000, 0x000000070c400000|100%| E|CS|TAMS 0x000000070c200000, 0x000000070c200000| Complete 
|  92|0x000000070c400000, 0x000000070c600000, 0x000000070c600000|100%| E|CS|TAMS 0x000000070c400000, 0x000000070c400000| Complete 
|  93|0x000000070c600000, 0x000000070c800000, 0x000000070c800000|100%| E|CS|TAMS 0x000000070c600000, 0x000000070c600000| Complete 
|  94|0x000000070c800000, 0x000000070ca00000, 0x000000070ca00000|100%| E|CS|TAMS 0x000000070c800000, 0x000000070c800000| Complete 
|  95|0x000000070ca00000, 0x000000070cc00000, 0x000000070cc00000|100%| E|CS|TAMS 0x000000070ca00000, 0x000000070ca00000| Complete 
|  96|0x000000070cc00000, 0x000000070ce00000, 0x000000070ce00000|100%| E|CS|TAMS 0x000000070cc00000, 0x000000070cc00000| Complete 
|  97|0x000000070ce00000, 0x000000070d000000, 0x000000070d000000|100%| E|CS|TAMS 0x000000070ce00000, 0x000000070ce00000| Complete 
|  98|0x000000070d000000, 0x000000070d200000, 0x000000070d200000|100%| E|CS|TAMS 0x000000070d000000, 0x000000070d000000| Complete 
|  99|0x000000070d200000, 0x000000070d400000, 0x000000070d400000|100%| E|CS|TAMS 0x000000070d200000, 0x000000070d200000| Complete 
| 100|0x000000070d400000, 0x000000070d600000, 0x000000070d600000|100%| E|CS|TAMS 0x000000070d400000, 0x000000070d400000| Complete 
| 101|0x000000070d600000, 0x000000070d800000, 0x000000070d800000|100%| E|CS|TAMS 0x000000070d600000, 0x000000070d600000| Complete 
| 102|0x000000070d800000, 0x000000070da00000, 0x000000070da00000|100%| E|CS|TAMS 0x000000070d800000, 0x000000070d800000| Complete 
| 103|0x000000070da00000, 0x000000070dc00000, 0x000000070dc00000|100%| E|CS|TAMS 0x000000070da00000, 0x000000070da00000| Complete 
| 104|0x000000070dc00000, 0x000000070de00000, 0x000000070de00000|100%| E|CS|TAMS 0x000000070dc00000, 0x000000070dc00000| Complete 
| 105|0x000000070de00000, 0x000000070e000000, 0x000000070e000000|100%| E|CS|TAMS 0x000000070de00000, 0x000000070de00000| Complete 
| 106|0x000000070e000000, 0x000000070e200000, 0x000000070e200000|100%| E|CS|TAMS 0x000000070e000000, 0x000000070e000000| Complete 
| 107|0x000000070e200000, 0x000000070e400000, 0x000000070e400000|100%| E|CS|TAMS 0x000000070e200000, 0x000000070e200000| Complete 
| 108|0x000000070e400000, 0x000000070e600000, 0x000000070e600000|100%| E|CS|TAMS 0x000000070e400000, 0x000000070e400000| Complete 
| 109|0x000000070e600000, 0x000000070e800000, 0x000000070e800000|100%| E|CS|TAMS 0x000000070e600000, 0x000000070e600000| Complete 
| 110|0x000000070e800000, 0x000000070ea00000, 0x000000070ea00000|100%| E|CS|TAMS 0x000000070e800000, 0x000000070e800000| Complete 
| 111|0x000000070ea00000, 0x000000070ec00000, 0x000000070ec00000|100%| E|CS|TAMS 0x000000070ea00000, 0x000000070ea00000| Complete 
| 112|0x000000070ec00000, 0x000000070ee00000, 0x000000070ee00000|100%| E|CS|TAMS 0x000000070ec00000, 0x000000070ec00000| Complete 
| 113|0x000000070ee00000, 0x000000070f000000, 0x000000070f000000|100%| E|CS|TAMS 0x000000070ee00000, 0x000000070ee00000| Complete 
| 114|0x000000070f000000, 0x000000070f200000, 0x000000070f200000|100%| E|CS|TAMS 0x000000070f000000, 0x000000070f000000| Complete 
| 115|0x000000070f200000, 0x000000070f400000, 0x000000070f400000|100%| E|CS|TAMS 0x000000070f200000, 0x000000070f200000| Complete 
| 116|0x000000070f400000, 0x000000070f600000, 0x000000070f600000|100%| E|CS|TAMS 0x000000070f400000, 0x000000070f400000| Complete 
| 117|0x000000070f600000, 0x000000070f800000, 0x000000070f800000|100%| E|CS|TAMS 0x000000070f600000, 0x000000070f600000| Complete 
| 118|0x000000070f800000, 0x000000070fa00000, 0x000000070fa00000|100%| E|CS|TAMS 0x000000070f800000, 0x000000070f800000| Complete 
| 119|0x000000070fa00000, 0x000000070fc00000, 0x000000070fc00000|100%| E|CS|TAMS 0x000000070fa00000, 0x000000070fa00000| Complete 
| 120|0x000000070fc00000, 0x000000070fe00000, 0x000000070fe00000|100%| E|CS|TAMS 0x000000070fc00000, 0x000000070fc00000| Complete 
| 121|0x000000070fe00000, 0x0000000710000000, 0x0000000710000000|100%| E|CS|TAMS 0x000000070fe00000, 0x000000070fe00000| Complete 
| 122|0x0000000710000000, 0x0000000710200000, 0x0000000710200000|100%| E|CS|TAMS 0x0000000710000000, 0x0000000710000000| Complete 
| 123|0x0000000710200000, 0x0000000710400000, 0x0000000710400000|100%| E|CS|TAMS 0x0000000710200000, 0x0000000710200000| Complete 
| 124|0x0000000710400000, 0x0000000710600000, 0x0000000710600000|100%| E|CS|TAMS 0x0000000710400000, 0x0000000710400000| Complete 
| 125|0x0000000710600000, 0x0000000710800000, 0x0000000710800000|100%| E|CS|TAMS 0x0000000710600000, 0x0000000710600000| Complete 
| 126|0x0000000710800000, 0x0000000710a00000, 0x0000000710a00000|100%| E|CS|TAMS 0x0000000710800000, 0x0000000710800000| Complete 
| 127|0x0000000710a00000, 0x0000000710c00000, 0x0000000710c00000|100%| E|CS|TAMS 0x0000000710a00000, 0x0000000710a00000| Complete 

Card table byte_map: [0x000001eda7e30000,0x000001eda8630000] _byte_map_base: 0x000001eda462a000

Marking Bits (Prev, Next): (CMBitMap*) 0x000001ed8e7442e0, (CMBitMap*) 0x000001ed8e744320
 Prev Bits: [0x000001eda8e30000, 0x000001edace00000)
 Next Bits: [0x000001edace00000, 0x000001edb0dd0000)

Polling page: 0x000001ed8e770000

Metaspace:

Usage:
  Non-class:     14.50 MB used.
      Class:      1.86 MB used.
       Both:     16.36 MB used.

Virtual space:
  Non-class space:       64.00 MB reserved,      14.69 MB ( 23%) committed,  1 nodes.
      Class space:        1.00 GB reserved,       2.00 MB ( <1%) committed,  1 nodes.
             Both:        1.06 GB reserved,      16.69 MB (  2%) committed. 

Chunk freelists:
   Non-Class:  804.00 KB
       Class:  13.82 MB
        Both:  14.61 MB

MaxMetaspaceSize: unlimited
CompressedClassSpaceSize: 1.00 GB
Initial GC threshold: 21.00 MB
Current GC threshold: 21.00 MB
CDS: on
MetaspaceReclaimPolicy: balanced
 - commit_granule_bytes: 65536.
 - commit_granule_words: 8192.
 - virtual_space_node_default_size: 8388608.
 - enlarge_chunks_in_place: 1.
 - new_chunks_are_fully_committed: 0.
 - uncommit_free_chunks: 1.
 - use_allocation_guard: 0.
 - handle_deallocations: 1.


Internal statistics:

num_allocs_failed_limit: 0.
num_arena_births: 298.
num_arena_deaths: 0.
num_vsnodes_births: 2.
num_vsnodes_deaths: 0.
num_space_committed: 267.
num_space_uncommitted: 0.
num_chunks_returned_to_freelist: 0.
num_chunks_taken_from_freelist: 717.
num_chunk_merges: 0.
num_chunk_splits: 451.
num_chunks_enlarged: 291.
num_inconsistent_stats: 0.

CodeHeap 'non-profiled nmethods': size=120000Kb used=2399Kb max_used=2399Kb free=117600Kb
 bounds [0x000001ed9f470000, 0x000001ed9f6e0000, 0x000001eda69a0000]
CodeHeap 'profiled nmethods': size=120000Kb used=6935Kb max_used=6935Kb free=113064Kb
 bounds [0x000001ed979a0000, 0x000001ed98070000, 0x000001ed9eed0000]
CodeHeap 'non-nmethods': size=5760Kb used=1626Kb max_used=1645Kb free=4133Kb
 bounds [0x000001ed9eed0000, 0x000001ed9f140000, 0x000001ed9f470000]
 total_blobs=4681 nmethods=3630 adapters=962
 compilation: enabled
              stopped_count=0, restarted_count=0
 full_count=0

Compilation events (20 events):
Event: 3.569 Thread 0x000001edb3b40130 nmethod 3628 0x000001ed9805eb10 code [0x000001ed9805ee00, 0x000001ed9805fda8]
Event: 3.569 Thread 0x000001edb3b40130 3629       3       java.lang.invoke.MethodHandle::intrinsicName (4 bytes)
Event: 3.569 Thread 0x000001edb3b40130 nmethod 3629 0x000001ed98060290 code [0x000001ed98060420, 0x000001ed98060538]
Event: 3.569 Thread 0x000001edb3b40130 3633       3       java.lang.invoke.InvokerBytecodeGenerator::isStaticallyInvocable (165 bytes)
Event: 3.571 Thread 0x000001edb3b40130 nmethod 3633 0x000001ed98060610 code [0x000001ed98060a40, 0x000001ed98062728]
Event: 3.571 Thread 0x000001edb3b40130 3634       3       java.lang.invoke.MemberName::isPrivate (8 bytes)
Event: 3.571 Thread 0x000001edb3b40130 nmethod 3634 0x000001ed98062e90 code [0x000001ed98063020, 0x000001ed980631f8]
Event: 3.571 Thread 0x000001edb3b40130 3635       3       java.lang.invoke.InvokerBytecodeGenerator::emitStaticInvoke (258 bytes)
Event: 3.571 Thread 0x000001edfadc24e0 nmethod 3630 0x000001ed9f6c6890 code [0x000001ed9f6c6a20, 0x000001ed9f6c6cb8]
Event: 3.571 Thread 0x000001edfadc24e0 3632       4       java.lang.invoke.MethodType::makeImpl (109 bytes)
Event: 3.572 Thread 0x000001edb3b40130 nmethod 3635 0x000001ed98063290 code [0x000001ed980635a0, 0x000001ed98064528]
Event: 3.572 Thread 0x000001edb3b40130 3636       3       java.lang.invoke.InvokerBytecodeGenerator::refKindOpcode (112 bytes)
Event: 3.572 Thread 0x000001edfadc0500 nmethod 3631 0x000001ed9f6c6e10 code [0x000001ed9f6c6fa0, 0x000001ed9f6c7498]
Event: 3.572 Thread 0x000001edb3b40130 nmethod 3636 0x000001ed98064b10 code [0x000001ed98064d80, 0x000001ed98065638]
Event: 3.572 Thread 0x000001edb3b40130 3638       3       jdk.internal.org.objectweb.asm.MethodWriter::visitAnnotation (40 bytes)
Event: 3.572 Thread 0x000001edb3b40130 nmethod 3638 0x000001ed98065890 code [0x000001ed98065a40, 0x000001ed98065d18]
Event: 3.572 Thread 0x000001edb3b40130 3637       1       java.lang.invoke.InvokerBytecodeGenerator::setClassWriter (6 bytes)
Event: 3.572 Thread 0x000001edb3b40130 nmethod 3637 0x000001ed9f6c7690 code [0x000001ed9f6c7820, 0x000001ed9f6c7938]
Event: 3.572 Thread 0x000001edb3b40130 3639       1       java.lang.Class::getClassData (5 bytes)
Event: 3.572 Thread 0x000001edb3b40130 nmethod 3639 0x000001ed9f6c7990 code [0x000001ed9f6c7b20, 0x000001ed9f6c7bf8]

GC Heap History (10 events):
Event: 0.731 GC heap before
{Heap before GC invocations=0 (full 0):
 garbage-first heap   total 262144K, used 28672K [0x0000000700c00000, 0x0000000800000000)
  region size 2048K, 11 young (22528K), 0 survivors (0K)
 Metaspace       used 2667K, committed 2880K, reserved 1114112K
  class space    used 255K, committed 384K, reserved 1048576K
}
Event: 0.737 GC heap after
{Heap after GC invocations=1 (full 0):
 garbage-first heap   total 262144K, used 12286K [0x0000000700c00000, 0x0000000800000000)
  region size 2048K, 2 young (4096K), 2 survivors (4096K)
 Metaspace       used 2667K, committed 2880K, reserved 1114112K
  class space    used 255K, committed 384K, reserved 1048576K
}
Event: 1.018 GC heap before
{Heap before GC invocations=1 (full 0):
 garbage-first heap   total 262144K, used 34814K [0x0000000700c00000, 0x0000000800000000)
  region size 2048K, 13 young (26624K), 2 survivors (4096K)
 Metaspace       used 4864K, committed 5056K, reserved 1114112K
  class space    used 476K, committed 576K, reserved 1048576K
}
Event: 1.021 GC heap after
{Heap after GC invocations=2 (full 0):
 garbage-first heap   total 262144K, used 13521K [0x0000000700c00000, 0x0000000800000000)
  region size 2048K, 1 young (2048K), 1 survivors (2048K)
 Metaspace       used 4864K, committed 5056K, reserved 1114112K
  class space    used 476K, committed 576K, reserved 1048576K
}
Event: 1.275 GC heap before
{Heap before GC invocations=2 (full 0):
 garbage-first heap   total 262144K, used 72913K [0x0000000700c00000, 0x0000000800000000)
  region size 2048K, 29 young (59392K), 1 survivors (2048K)
 Metaspace       used 4933K, committed 5120K, reserved 1114112K
  class space    used 476K, committed 576K, reserved 1048576K
}
Event: 1.279 GC heap after
{Heap after GC invocations=3 (full 0):
 garbage-first heap   total 262144K, used 21156K [0x0000000700c00000, 0x0000000800000000)
  region size 2048K, 4 young (8192K), 4 survivors (8192K)
 Metaspace       used 4933K, committed 5120K, reserved 1114112K
  class space    used 476K, committed 576K, reserved 1048576K
}
Event: 2.005 GC heap before
{Heap before GC invocations=3 (full 0):
 garbage-first heap   total 262144K, used 168612K [0x0000000700c00000, 0x0000000800000000)
  region size 2048K, 76 young (155648K), 4 survivors (8192K)
 Metaspace       used 5137K, committed 5376K, reserved 1114112K
  class space    used 486K, committed 640K, reserved 1048576K
}
Event: 2.011 GC heap after
{Heap after GC invocations=4 (full 0):
 garbage-first heap   total 262144K, used 27219K [0x0000000700c00000, 0x0000000800000000)
  region size 2048K, 7 young (14336K), 7 survivors (14336K)
 Metaspace       used 5137K, committed 5376K, reserved 1114112K
  class space    used 486K, committed 640K, reserved 1048576K
}
Event: 2.460 GC heap before
{Heap before GC invocations=4 (full 0):
 garbage-first heap   total 262144K, used 170579K [0x0000000700c00000, 0x0000000800000000)
  region size 2048K, 76 young (155648K), 7 survivors (14336K)
 Metaspace       used 5424K, committed 5632K, reserved 1114112K
  class space    used 521K, committed 640K, reserved 1048576K
}
Event: 2.468 GC heap after
{Heap after GC invocations=5 (full 0):
 garbage-first heap   total 262144K, used 35153K [0x0000000700c00000, 0x0000000800000000)
  region size 2048K, 7 young (14336K), 7 survivors (14336K)
 Metaspace       used 5424K, committed 5632K, reserved 1114112K
  class space    used 521K, committed 640K, reserved 1048576K
}

Dll operation events (10 events):
Event: 0.008 Loaded shared library G:\MCreator\Versions\MCreator.2023.4.Windows.64bit\MCreator20234\jdk\bin\java.dll
Event: 0.027 Loaded shared library G:\MCreator\Versions\MCreator.2023.4.Windows.64bit\MCreator20234\jdk\bin\jsvml.dll
Event: 0.180 Loaded shared library G:\MCreator\Versions\MCreator.2023.4.Windows.64bit\MCreator20234\jdk\bin\net.dll
Event: 0.181 Loaded shared library G:\MCreator\Versions\MCreator.2023.4.Windows.64bit\MCreator20234\jdk\bin\nio.dll
Event: 0.183 Loaded shared library G:\MCreator\Versions\MCreator.2023.4.Windows.64bit\MCreator20234\jdk\bin\zip.dll
Event: 0.249 Loaded shared library G:\MCreator\Versions\MCreator.2023.4.Windows.64bit\MCreator20234\jdk\bin\jimage.dll
Event: 0.797 Loaded shared library G:\MCreator\Versions\MCreator.2023.4.Windows.64bit\MCreator20234\jdk\bin\verify.dll
Event: 2.738 Loaded shared library G:\MCreator\Versions\MCreator.2023.4.Windows.64bit\MCreator20234\jdk\bin\management.dll
Event: 2.740 Loaded shared library G:\MCreator\Versions\MCreator.2023.4.Windows.64bit\MCreator20234\jdk\bin\management_ext.dll
Event: 3.483 Loaded shared library C:\Users\joshu\AppData\Local\Temp\lwjgljoshu\3.3.1-build-7\lwjgl.dll

Deoptimization events (20 events):
Event: 3.340 Thread 0x000001ed8e6d6d80 Uncommon trap: trap_request=0xffffffde fr.pc=0x000001ed9f608e2c relative=0x000000000000008c
Event: 3.340 Thread 0x000001ed8e6d6d80 Uncommon trap: reason=class_check action=maybe_recompile pc=0x000001ed9f608e2c method=java.util.AbstractList$RandomAccessSpliterator.getFence()I @ 34 c2
Event: 3.340 Thread 0x000001ed8e6d6d80 DEOPT PACKING pc=0x000001ed9f608e2c sp=0x000000bf843fe810
Event: 3.340 Thread 0x000001ed8e6d6d80 DEOPT UNPACKING pc=0x000001ed9ef269a3 sp=0x000000bf843fe790 mode 2
Event: 3.340 Thread 0x000001ed8e6d6d80 Uncommon trap: trap_request=0xffffffde fr.pc=0x000001ed9f608e2c relative=0x000000000000008c
Event: 3.340 Thread 0x000001ed8e6d6d80 Uncommon trap: reason=class_check action=maybe_recompile pc=0x000001ed9f608e2c method=java.util.AbstractList$RandomAccessSpliterator.getFence()I @ 34 c2
Event: 3.340 Thread 0x000001ed8e6d6d80 DEOPT PACKING pc=0x000001ed9f608e2c sp=0x000000bf843fe810
Event: 3.340 Thread 0x000001ed8e6d6d80 DEOPT UNPACKING pc=0x000001ed9ef269a3 sp=0x000000bf843fe790 mode 2
Event: 3.341 Thread 0x000001ed8e6d6d80 Uncommon trap: trap_request=0xffffffde fr.pc=0x000001ed9f608e2c relative=0x000000000000008c
Event: 3.341 Thread 0x000001ed8e6d6d80 Uncommon trap: reason=class_check action=maybe_recompile pc=0x000001ed9f608e2c method=java.util.AbstractList$RandomAccessSpliterator.getFence()I @ 34 c2
Event: 3.341 Thread 0x000001ed8e6d6d80 DEOPT PACKING pc=0x000001ed9f608e2c sp=0x000000bf843fe810
Event: 3.341 Thread 0x000001ed8e6d6d80 DEOPT UNPACKING pc=0x000001ed9ef269a3 sp=0x000000bf843fe790 mode 2
Event: 3.347 Thread 0x000001ed8e6d6d80 Uncommon trap: trap_request=0xffffffde fr.pc=0x000001ed9f55c570 relative=0x00000000000000d0
Event: 3.347 Thread 0x000001ed8e6d6d80 Uncommon trap: reason=class_check action=maybe_recompile pc=0x000001ed9f55c570 method=java.util.stream.AbstractPipeline.exactOutputSizeIfKnown(Ljava/util/Spliterator;)J @ 16 c2
Event: 3.347 Thread 0x000001ed8e6d6d80 DEOPT PACKING pc=0x000001ed9f55c570 sp=0x000000bf843fee90
Event: 3.347 Thread 0x000001ed8e6d6d80 DEOPT UNPACKING pc=0x000001ed9ef269a3 sp=0x000000bf843fee10 mode 2
Event: 3.568 Thread 0x000001edfa3ea460 Uncommon trap: trap_request=0xffffff45 fr.pc=0x000001ed9f52eba4 relative=0x0000000000000104
Event: 3.568 Thread 0x000001edfa3ea460 Uncommon trap: reason=unstable_if action=reinterpret pc=0x000001ed9f52eba4 method=java.util.concurrent.TimeUnit.convert(JLjava/util/concurrent/TimeUnit;)J @ 8 c2
Event: 3.568 Thread 0x000001edfa3ea460 DEOPT PACKING pc=0x000001ed9f52eba4 sp=0x000000bf861ff380
Event: 3.568 Thread 0x000001edfa3ea460 DEOPT UNPACKING pc=0x000001ed9ef269a3 sp=0x000000bf861ff330 mode 2

Classes unloaded (0 events):
No events

Classes redefined (0 events):
No events

Internal exceptions (20 events):
Event: 3.294 Thread 0x000001ed8e6d6d80 Exception <a 'java/lang/NoSuchMethodError'{0x000000070bbe1e98}: 'java.lang.Object java.lang.invoke.DirectMethodHandle$Holder.invokeInterface(java.lang.Object, java.lang.Object, java.lang.Object, java.lang.Object)'> (0x000000070bbe1e98) 
thrown [s\src\hotspot\share\interpreter\linkResolver.cpp, line 759]
Event: 3.295 Thread 0x000001ed8e6d6d80 Exception <a 'java/lang/NoSuchMethodError'{0x000000070bbf2bf0}: 'void java.lang.invoke.DirectMethodHandle$Holder.invokeStaticInit(java.lang.Object, java.lang.Object)'> (0x000000070bbf2bf0) 
thrown [s\src\hotspot\share\interpreter\linkResolver.cpp, line 759]
Event: 3.296 Thread 0x000001ed8e6d6d80 Exception <a 'java/lang/NoSuchMethodError'{0x000000070bbff468}: 'java.lang.Object java.lang.invoke.DirectMethodHandle$Holder.invokeStaticInit(java.lang.Object, java.lang.Object, java.lang.Object, java.lang.Object)'> (0x000000070bbff468) 
thrown [s\src\hotspot\share\interpreter\linkResolver.cpp, line 759]
Event: 3.297 Thread 0x000001ed8e6d6d80 Exception <a 'java/lang/IncompatibleClassChangeError'{0x000000070b8052d8}: Found class java.lang.Object, but interface was expected> (0x000000070b8052d8) 
thrown [s\src\hotspot\share\interpreter\linkResolver.cpp, line 826]
Event: 3.300 Thread 0x000001ed8e6d6d80 Exception <a 'java/lang/IncompatibleClassChangeError'{0x000000070b83a570}: Found class java.lang.Object, but interface was expected> (0x000000070b83a570) 
thrown [s\src\hotspot\share\interpreter\linkResolver.cpp, line 826]
Event: 3.336 Thread 0x000001ed8e6d6d80 Exception <a 'sun/nio/fs/WindowsException'{0x000000070b9d1310}> (0x000000070b9d1310) 
thrown [s\src\hotspot\share\prims\jni.cpp, line 516]
Event: 3.348 Thread 0x000001ed8e6d6d80 Exception <a 'java/lang/NoSuchMethodError'{0x000000070b613b58}: 'java.lang.Object java.lang.invoke.DirectMethodHandle$Holder.invokeVirtual(java.lang.Object, java.lang.Object, java.lang.Object)'> (0x000000070b613b58) 
thrown [s\src\hotspot\share\interpreter\linkResolver.cpp, line 759]
Event: 3.386 Thread 0x000001ed8e6d6d80 Exception <a 'java/lang/NoSuchMethodError'{0x000000070b75b1e8}: 'java.lang.Object java.lang.invoke.DirectMethodHandle$Holder.invokeStatic(java.lang.Object, int, java.lang.Object, java.lang.Object, java.lang.Object, java.lang.Object)'> (0x000000070b75b1e8) 
thrown [s\src\hotspot\share\interpreter\linkResolver.cpp, line 759]
Event: 3.386 Thread 0x000001ed8e6d6d80 Exception <a 'java/lang/NoSuchMethodError'{0x000000070b763a10}: 'java.lang.Object java.lang.invoke.DirectMethodHandle$Holder.newInvokeSpecial(java.lang.Object, int, java.lang.Object, java.lang.Object)'> (0x000000070b763a10) 
thrown [s\src\hotspot\share\interpreter\linkResolver.cpp, line 759]
Event: 3.386 Thread 0x000001ed8e6d6d80 Exception <a 'java/lang/NoSuchMethodError'{0x000000070b767b18}: 'java.lang.Object java.lang.invoke.DirectMethodHandle$Holder.invokeSpecial(java.lang.Object, java.lang.Object, int, java.lang.Object, java.lang.Object)'> (0x000000070b767b18) 
thrown [s\src\hotspot\share\interpreter\linkResolver.cpp, line 759]
Event: 3.480 Thread 0x000001ed8e6d6d80 Exception <a 'sun/nio/fs/WindowsException'{0x000000070b5e3880}> (0x000000070b5e3880) 
thrown [s\src\hotspot\share\prims\jni.cpp, line 516]
Event: 3.480 Thread 0x000001ed8e6d6d80 Exception <a 'sun/nio/fs/WindowsException'{0x000000070b5e3bd0}> (0x000000070b5e3bd0) 
thrown [s\src\hotspot\share\prims\jni.cpp, line 516]
Event: 3.527 Thread 0x000001ed8e6d6d80 Exception <a 'sun/nio/fs/WindowsException'{0x000000070b3da970}> (0x000000070b3da970) 
thrown [s\src\hotspot\share\prims\jni.cpp, line 516]
Event: 3.527 Thread 0x000001ed8e6d6d80 Exception <a 'sun/nio/fs/WindowsException'{0x000000070b3dacd0}> (0x000000070b3dacd0) 
thrown [s\src\hotspot\share\prims\jni.cpp, line 516]
Event: 3.535 Thread 0x000001ed8e6d6d80 Exception <a 'java/lang/NoSuchMethodError'{0x000000070b116000}: 'int java.lang.invoke.DirectMethodHandle$Holder.invokeStaticInit(java.lang.Object, java.lang.Object, int, long)'> (0x000000070b116000) 
thrown [s\src\hotspot\share\interpreter\linkResolver.cpp, line 759]
Event: 3.535 Thread 0x000001ed8e6d6d80 Exception <a 'java/lang/NoSuchMethodError'{0x000000070b11bb90}: 'java.lang.Object java.lang.invoke.DirectMethodHandle$Holder.newInvokeSpecial(java.lang.Object, java.lang.Object, int)'> (0x000000070b11bb90) 
thrown [s\src\hotspot\share\interpreter\linkResolver.cpp, line 759]
Event: 3.536 Thread 0x000001ed8e6d6d80 Exception <a 'java/lang/NoSuchMethodError'{0x000000070b12fa80}: 'int java.lang.invoke.DirectMethodHandle$Holder.invokeStaticInit(java.lang.Object, java.lang.Object, long, long)'> (0x000000070b12fa80) 
thrown [s\src\hotspot\share\interpreter\linkResolver.cpp, line 759]
Event: 3.537 Thread 0x000001ed8e6d6d80 Exception <a 'java/lang/NoSuchMethodError'{0x000000070b1359d8}: 'java.lang.Object java.lang.invoke.DirectMethodHandle$Holder.newInvokeSpecial(java.lang.Object, java.lang.Object, long)'> (0x000000070b1359d8) 
thrown [s\src\hotspot\share\interpreter\linkResolver.cpp, line 759]
Event: 3.537 Thread 0x000001ed8e6d6d80 Exception <a 'java/lang/NoSuchMethodError'{0x000000070b139548}: 'java.lang.Object java.lang.invoke.Invokers$Holder.linkToTargetMethod(java.lang.Object, long, java.lang.Object)'> (0x000000070b139548) 
thrown [s\src\hotspot\share\interpreter\linkResolver.cpp, line 759]
Event: 3.537 Thread 0x000001ed8e6d6d80 Exception <a 'java/lang/NoSuchMethodError'{0x000000070b140cc0}: 'int java.lang.invoke.DirectMethodHandle$Holder.invokeStaticInit(java.lang.Object, java.lang.Object, java.lang.Object, long)'> (0x000000070b140cc0) 
thrown [s\src\hotspot\share\interpreter\linkResolver.cpp, line 759]

VM Operations (20 events):
Event: 3.015 Executing VM operation: HandshakeAllThreads
Event: 3.015 Executing VM operation: HandshakeAllThreads done
Event: 3.017 Executing VM operation: HandshakeAllThreads
Event: 3.017 Executing VM operation: HandshakeAllThreads done
Event: 3.018 Executing VM operation: HandshakeAllThreads
Event: 3.018 Executing VM operation: HandshakeAllThreads done
Event: 3.076 Executing VM operation: HandshakeAllThreads
Event: 3.076 Executing VM operation: HandshakeAllThreads done
Event: 3.076 Executing VM operation: HandshakeAllThreads
Event: 3.076 Executing VM operation: HandshakeAllThreads done
Event: 3.113 Executing VM operation: HandshakeAllThreads
Event: 3.113 Executing VM operation: HandshakeAllThreads done
Event: 3.184 Executing VM operation: HandshakeAllThreads
Event: 3.184 Executing VM operation: HandshakeAllThreads done
Event: 3.239 Executing VM operation: HandshakeAllThreads
Event: 3.239 Executing VM operation: HandshakeAllThreads done
Event: 3.336 Executing VM operation: ICBufferFull
Event: 3.336 Executing VM operation: ICBufferFull done
Event: 3.568 Executing VM operation: HandshakeAllThreads
Event: 3.568 Executing VM operation: HandshakeAllThreads done

Events (20 events):
Event: 3.533 loading class java/nio/DirectDoubleBufferU done
Event: 3.534 loading class java/util/function/LongPredicate
Event: 3.534 loading class java/util/function/LongPredicate done
Event: 3.538 loading class java/nio/InvalidMarkException
Event: 3.538 loading class java/nio/InvalidMarkException done
Event: 3.538 loading class java/nio/BufferUnderflowException
Event: 3.538 loading class java/nio/BufferUnderflowException done
Event: 3.567 loading class java/util/concurrent/ScheduledThreadPoolExecutor$ScheduledFutureTask
Event: 3.567 loading class java/util/concurrent/FutureTask
Event: 3.567 loading class java/util/concurrent/FutureTask done
Event: 3.567 loading class java/util/concurrent/ScheduledThreadPoolExecutor$ScheduledFutureTask done
Event: 3.567 loading class java/util/concurrent/FutureTask$WaitNode
Event: 3.567 loading class java/util/concurrent/FutureTask$WaitNode done
Event: 3.567 loading class java/util/concurrent/Executors$RunnableAdapter
Event: 3.567 loading class java/util/concurrent/Executors$RunnableAdapter done
Event: 3.567 Thread 0x000001edfa3ea460 Thread added: 0x000001edfa3ea460
Event: 3.568 loading class java/util/concurrent/locks/AbstractQueuedSynchronizer$ConditionNode
Event: 3.568 loading class java/util/concurrent/ForkJoinPool$ManagedBlocker
Event: 3.568 loading class java/util/concurrent/ForkJoinPool$ManagedBlocker done
Event: 3.568 loading class java/util/concurrent/locks/AbstractQueuedSynchronizer$ConditionNode done


Dynamic libraries:
0x00007ff62cd10000 - 0x00007ff62cd1e000 	G:\MCreator\Versions\MCreator.2023.4.Windows.64bit\MCreator20234\jdk\bin\java.exe
0x00007ffa58970000 - 0x00007ffa58b68000 	C:\WINDOWS\SYSTEM32\ntdll.dll
0x00007ffa57a60000 - 0x00007ffa57b1d000 	C:\WINDOWS\System32\KERNEL32.DLL
0x00007ffa565d0000 - 0x00007ffa568c6000 	C:\WINDOWS\System32\KERNELBASE.dll
0x00007ffa561a0000 - 0x00007ffa562a0000 	C:\WINDOWS\System32\ucrtbase.dll
0x00007ffa464a0000 - 0x00007ffa464b7000 	G:\MCreator\Versions\MCreator.2023.4.Windows.64bit\MCreator20234\jdk\bin\jli.dll
0x00007ffa57bb0000 - 0x00007ffa57d4e000 	C:\WINDOWS\System32\USER32.dll
0x00007ffa45c10000 - 0x00007ffa45c2b000 	G:\MCreator\Versions\MCreator.2023.4.Windows.64bit\MCreator20234\jdk\bin\VCRUNTIME140.dll
0x00007ffa56990000 - 0x00007ffa569b2000 	C:\WINDOWS\System32\win32u.dll
0x00007ffa4c580000 - 0x00007ffa4c81a000 	C:\WINDOWS\WinSxS\amd64_microsoft.windows.common-controls_6595b64144ccf1df_6.0.19041.3636_none_60b6a03d71f818d5\COMCTL32.dll
0x00007ffa586c0000 - 0x00007ffa5875e000 	C:\WINDOWS\System32\msvcrt.dll
0x00007ffa572c0000 - 0x00007ffa572ec000 	C:\WINDOWS\System32\GDI32.dll
0x00007ffa562d0000 - 0x00007ffa563ea000 	C:\WINDOWS\System32\gdi32full.dll
0x00007ffa56530000 - 0x00007ffa565cd000 	C:\WINDOWS\System32\msvcp_win.dll
0x00007ffa57290000 - 0x00007ffa572c0000 	C:\WINDOWS\System32\IMM32.DLL
0x00007ffa52b40000 - 0x00007ffa52b4c000 	G:\MCreator\Versions\MCreator.2023.4.Windows.64bit\MCreator20234\jdk\bin\vcruntime140_1.dll
0x00007ffa439c0000 - 0x00007ffa43a4d000 	G:\MCreator\Versions\MCreator.2023.4.Windows.64bit\MCreator20234\jdk\bin\msvcp140.dll
0x00007ff9e1e40000 - 0x00007ff9e2aa1000 	G:\MCreator\Versions\MCreator.2023.4.Windows.64bit\MCreator20234\jdk\bin\server\jvm.dll
0x00007ffa574d0000 - 0x00007ffa57583000 	C:\WINDOWS\System32\ADVAPI32.dll
0x00007ffa57110000 - 0x00007ffa571af000 	C:\WINDOWS\System32\sechost.dll
0x00007ffa57d50000 - 0x00007ffa57e76000 	C:\WINDOWS\System32\RPCRT4.dll
0x00007ffa562a0000 - 0x00007ffa562c7000 	C:\WINDOWS\System32\bcrypt.dll
0x00007ffa4c830000 - 0x00007ffa4c857000 	C:\WINDOWS\SYSTEM32\WINMM.dll
0x00007ffa4e270000 - 0x00007ffa4e27a000 	C:\WINDOWS\SYSTEM32\VERSION.dll
0x00007ffa55590000 - 0x00007ffa555db000 	C:\WINDOWS\SYSTEM32\POWRPROF.dll
0x00007ffa53630000 - 0x00007ffa53639000 	C:\WINDOWS\SYSTEM32\WSOCK32.dll
0x00007ffa58640000 - 0x00007ffa586ab000 	C:\WINDOWS\System32\WS2_32.dll
0x00007ffa55450000 - 0x00007ffa55462000 	C:\WINDOWS\SYSTEM32\UMPDC.dll
0x00007ffa53f10000 - 0x00007ffa53f22000 	C:\WINDOWS\SYSTEM32\kernel.appcore.dll
0x00007ffa4f630000 - 0x00007ffa4f63a000 	G:\MCreator\Versions\MCreator.2023.4.Windows.64bit\MCreator20234\jdk\bin\jimage.dll
0x00007ffa4f9c0000 - 0x00007ffa4fba4000 	C:\WINDOWS\SYSTEM32\DBGHELP.DLL
0x00007ffa47340000 - 0x00007ffa47374000 	C:\WINDOWS\SYSTEM32\dbgcore.DLL
0x00007ffa563f0000 - 0x00007ffa56472000 	C:\WINDOWS\System32\bcryptPrimitives.dll
0x00007ffa43990000 - 0x00007ffa439b5000 	G:\MCreator\Versions\MCreator.2023.4.Windows.64bit\MCreator20234\jdk\bin\java.dll
0x00007ffa438b0000 - 0x00007ffa43987000 	G:\MCreator\Versions\MCreator.2023.4.Windows.64bit\MCreator20234\jdk\bin\jsvml.dll
0x00007ffa569c0000 - 0x00007ffa57105000 	C:\WINDOWS\System32\SHELL32.dll
0x00007ffa54110000 - 0x00007ffa548ab000 	C:\WINDOWS\SYSTEM32\windows.storage.dll
0x00007ffa58160000 - 0x00007ffa584b4000 	C:\WINDOWS\System32\combase.dll
0x00007ffa55a70000 - 0x00007ffa55a9d000 	C:\WINDOWS\SYSTEM32\Wldp.dll
0x00007ffa58760000 - 0x00007ffa5880d000 	C:\WINDOWS\System32\SHCORE.dll
0x00007ffa580f0000 - 0x00007ffa58145000 	C:\WINDOWS\System32\shlwapi.dll
0x00007ffa55f70000 - 0x00007ffa55f95000 	C:\WINDOWS\SYSTEM32\profapi.dll
0x00007ffa43890000 - 0x00007ffa438a9000 	G:\MCreator\Versions\MCreator.2023.4.Windows.64bit\MCreator20234\jdk\bin\net.dll
0x00007ffa4f7b0000 - 0x00007ffa4f8ba000 	C:\WINDOWS\SYSTEM32\WINHTTP.dll
0x00007ffa557d0000 - 0x00007ffa5583a000 	C:\WINDOWS\system32\mswsock.dll
0x00007ffa43870000 - 0x00007ffa43886000 	G:\MCreator\Versions\MCreator.2023.4.Windows.64bit\MCreator20234\jdk\bin\nio.dll
0x00007ffa43850000 - 0x00007ffa43868000 	G:\MCreator\Versions\MCreator.2023.4.Windows.64bit\MCreator20234\jdk\bin\zip.dll
0x00007ffa43840000 - 0x00007ffa43850000 	G:\MCreator\Versions\MCreator.2023.4.Windows.64bit\MCreator20234\jdk\bin\verify.dll
0x00007ffa48e70000 - 0x00007ffa48e79000 	G:\MCreator\Versions\MCreator.2023.4.Windows.64bit\MCreator20234\jdk\bin\management.dll
0x00007ffa48d00000 - 0x00007ffa48d0b000 	G:\MCreator\Versions\MCreator.2023.4.Windows.64bit\MCreator20234\jdk\bin\management_ext.dll
0x00007ffa586b0000 - 0x00007ffa586b8000 	C:\WINDOWS\System32\PSAPI.DLL
0x00007ffa2f3a0000 - 0x00007ffa2f3b7000 	C:\WINDOWS\system32\napinsp.dll
0x00007ffa2f380000 - 0x00007ffa2f39b000 	C:\WINDOWS\system32\pnrpnsp.dll
0x00007ffa3f9c0000 - 0x00007ffa3f9d5000 	C:\WINDOWS\system32\wshbth.dll
0x00007ffa53020000 - 0x00007ffa5303d000 	C:\WINDOWS\system32\NLAapi.dll
0x00007ffa55470000 - 0x00007ffa554ab000 	C:\WINDOWS\SYSTEM32\IPHLPAPI.DLL
0x00007ffa554c0000 - 0x00007ffa5558a000 	C:\WINDOWS\SYSTEM32\DNSAPI.dll
0x00007ffa58150000 - 0x00007ffa58158000 	C:\WINDOWS\System32\NSI.dll
0x00007ffa2f330000 - 0x00007ffa2f342000 	C:\WINDOWS\System32\winrnr.dll
0x00007ffa4ef50000 - 0x00007ffa4ef5a000 	C:\Windows\System32\rasadhlp.dll
0x00007ffa4ea30000 - 0x00007ffa4eab0000 	C:\WINDOWS\System32\fwpuclnt.dll
0x00007ffa028d0000 - 0x00007ffa02945000 	C:\Users\joshu\AppData\Local\Temp\lwjgljoshu\3.3.1-build-7\lwjgl.dll
0x00007ffa0eb90000 - 0x00007ffa0ebf1000 	C:\Users\joshu\AppData\Local\Temp\lwjgljoshu\3.3.1-build-7\glfw.dll
0x00007ffa1e7b0000 - 0x00007ffa1e7f5000 	C:\WINDOWS\SYSTEM32\dinput8.dll
0x00007ffa43260000 - 0x00007ffa43271000 	C:\WINDOWS\SYSTEM32\xinput1_4.dll
0x00007ffa568d0000 - 0x00007ffa5691e000 	C:\WINDOWS\System32\cfgmgr32.dll
0x00007ffa55dd0000 - 0x00007ffa55e03000 	C:\WINDOWS\SYSTEM32\DEVOBJ.dll
0x00007ffa53c20000 - 0x00007ffa53c4f000 	C:\WINDOWS\SYSTEM32\dwmapi.dll
0x00007ffa45ab0000 - 0x00007ffa45c02000 	C:\WINDOWS\SYSTEM32\inputhost.dll
0x00007ffa58570000 - 0x00007ffa5863d000 	C:\WINDOWS\System32\OLEAUT32.dll
0x00007ffa527a0000 - 0x00007ffa528f5000 	C:\WINDOWS\SYSTEM32\wintypes.dll
0x00007ffa533a0000 - 0x00007ffa53492000 	C:\WINDOWS\SYSTEM32\CoreMessaging.dll
0x00007ffa51610000 - 0x00007ffa51706000 	C:\WINDOWS\SYSTEM32\PROPSYS.dll
0x00007ffa53040000 - 0x00007ffa5339b000 	C:\WINDOWS\SYSTEM32\CoreUIComponents.dll
0x00007ffa55120000 - 0x00007ffa55153000 	C:\WINDOWS\SYSTEM32\ntmarta.dll
0x00007ffa539a0000 - 0x00007ffa53a3e000 	C:\WINDOWS\system32\uxtheme.dll
0x00007ffa58810000 - 0x00007ffa58924000 	C:\WINDOWS\System32\MSCTF.dll
0x00007ffa175e0000 - 0x00007ffa17705000 	C:\WINDOWS\SYSTEM32\opengl32.dll
0x00007ffa39360000 - 0x00007ffa3938c000 	C:\WINDOWS\SYSTEM32\GLU32.dll
0x00007ffa584c0000 - 0x00007ffa58569000 	C:\WINDOWS\System32\clbcatq.dll
0x00007ffa0c830000 - 0x00007ffa0c85d000 	C:\WINDOWS\System32\DriverStore\FileRepository\u0390451.inf_amd64_39377efdd62734d1\B390182\atig6pxx.dll
0x00007ff9ee0c0000 - 0x00007ff9f1cf5000 	C:\WINDOWS\System32\DriverStore\FileRepository\u0390451.inf_amd64_39377efdd62734d1\B390182\atio6axx.dll
0x00007ffa575f0000 - 0x00007ffa57a5e000 	C:\WINDOWS\System32\SETUPAPI.dll
0x00007ffa56920000 - 0x00007ffa56987000 	C:\WINDOWS\System32\WINTRUST.dll
0x00007ffa56040000 - 0x00007ffa5619d000 	C:\WINDOWS\System32\CRYPT32.dll
0x00007ffa55c00000 - 0x00007ffa55c12000 	C:\WINDOWS\SYSTEM32\MSASN1.dll

dbghelp: loaded successfully - version: 4.0.5 - missing functions: none
symbol engine: initialized successfully - sym options: 0x614 - pdb path: .;G:\MCreator\Versions\MCreator.2023.4.Windows.64bit\MCreator20234\jdk\bin;C:\WINDOWS\SYSTEM32;C:\WINDOWS\WinSxS\amd64_microsoft.windows.common-controls_6595b64144ccf1df_6.0.19041.3636_none_60b6a03d71f818d5;G:\MCreator\Versions\MCreator.2023.4.Windows.64bit\MCreator20234\jdk\bin\server;C:\Users\joshu\AppData\Local\Temp\lwjgljoshu\3.3.1-build-7;C:\WINDOWS\System32\DriverStore\FileRepository\u0390451.inf_amd64_39377efdd62734d1\B390182

VM Arguments:
jvm_args: -Dforge.enableGameTest=true -Dforge.logging.console.level=debug -Dforge.logging.markers=REGISTRIES -DignoreList=bootstraplauncher,securejarhandler,asm-commons,asm-util,asm-analysis,asm-tree,asm,JarJarFileSystems,client-extra,fmlcore,javafmllanguage,lowcodelanguage,mclanguage,forge- -Djava.net.preferIPv6Addresses=system -DlegacyClassPath.file=C:\Users\joshu\MCreatorWorkspaces\fish_away_forge\build\classpath\runClient_minecraftClasspath.txt -DmergeModules=jna-5.10.0.jar,jna-platform-5.10.0.jar -Dmixin.env.refMapRemappingFile=C:\Users\joshu\MCreatorWorkspaces\fish_away_forge/build/createSrgToMcp/output.srg -Dmixin.env.remapRefMap=true --module-path=C:\Users\joshu\.mcreator\gradle\caches\modules-2\files-2.1\cpw.mods\bootstraplauncher\1.1.2\c546e00443d8432cda6baa1c860346980742628\bootstraplauncher-1.1.2.jar;C:\Users\joshu\.mcreator\gradle\caches\modules-2\files-2.1\cpw.mods\securejarhandler\2.1.10\51e6a22c6c716beb11e244bf5b8be480f51dd6b5\securejarhandler-2.1.10.jar;C:\Users\joshu\.mcreator\gradle\caches\modules-2\files-2.1\org.ow2.asm\asm-commons\9.5\19ab5b5800a3910d30d3a3e64fdb00fd0cb42de0\asm-commons-9.5.jar;C:\Users\joshu\.mcreator\gradle\caches\modules-2\files-2.1\org.ow2.asm\asm-util\9.5\64b5a1fc8c1b15ed2efd6a063e976bc8d3dc5ffe\asm-util-9.5.jar;C:\Users\joshu\.mcreator\gradle\caches\modules-2\files-2.1\org.ow2.asm\asm-analysis\9.5\490bacc77de7cbc0be1a30bb3471072d705be4a4\asm-analysis-9.5.jar;C:\Users\joshu\.mcreator\gradle\caches\modules-2\files-2.1\org.ow2.asm\asm-tree\9.5\fd33c8b6373abaa675be407082fdfda35021254a\asm-tree-9.5.jar;C:\Users\joshu\.mcreator\gradle\caches\modules-2\files-2.1\org.ow2.asm\asm\9.5\dc6ea1875f4d64fbc85e1691c95b96a3d8569c90\asm-9.5.jar;C:\Users\joshu\.mcreator\gradle\caches\modules-2\files-2.1\net.minecraftforge\JarJarFileSystems\0.3.19\2464eb7d6b9ddb9db36a82cf8a95193e5c6fe020\JarJarFileSystems-0.3.19.jar --add-modules=ALL-MODULE-PATH --add-opens=java.base/java.util.jar=cpw.mods.securejarhandler --add-opens=java.base/java.lang.invoke=cpw.mods.securejarhandler --add-exports=java.base/sun.security.util=cpw.mods.securejarhandler --add-exports=jdk.naming.dns/com.sun.jndi.dns=java.naming -XX:HeapDumpPath=MojangTricksIntelDriversForPerformance_javaw.exe_minecraft.exe.heapdump -Dfile.encoding=UTF-8 -Duser.country=US -Duser.language=en -Duser.variant 
java_command: cpw.mods.bootstraplauncher.BootstrapLauncher --launchTarget forgeclientuserdev --version MOD_DEV --assetIndex 5 --assetsDir C:\Users\joshu\.mcreator\gradle\caches\forge_gradle\assets --gameDir . --fml.forgeVersion 47.2.0 --fml.mcVersion 1.20.1 --fml.forgeGroup net.minecraftforge --fml.mcpVersion 20230612.114412
java_class_path (initial): C:\Users\joshu\MCreatorWorkspaces\fish_away_forge\build\classes\java\main;C:\Users\joshu\MCreatorWorkspaces\fish_away_forge\build\resources\main;C:\Users\joshu\.mcreator\gradle\caches\forge_gradle\minecraft_user_repo\net\minecraftforge\forge\1.20.1-47.2.0_mapped_official_1.20.1\forge-1.20.1-47.2.0_mapped_official_1.20.1-recomp.jar;C:\Users\joshu\.mcreator\gradle\caches\forge_gradle\deobf_dependencies\curse\maven\patchouli-306770\4966125_mapped_official_1.20.1\patchouli-306770-4966125_mapped_official_1.20.1.jar;C:\Users\joshu\.mcreator\gradle\caches\forge_gradle\deobf_dependencies\mezz\jei\jei-1.20.1-forge\15.2.0.27_mapped_official_1.20.1\jei-1.20.1-forge-15.2.0.27_mapped_official_1.20.1.jar;C:\Users\joshu\.mcreator\gradle\caches\forge_gradle\minecraft_repo\versions\1.20.1\client-extra.jar;C:\Users\joshu\.mcreator\gradle\caches\modules-2\files-2.1\net.minecraftforge\fmlearlydisplay\1.20.1-47.2.0\4c56a03dcedcb909c7eaa8469dd5a36c493a0008\fmlearlydisplay-1.20.1-47.2.0.jar;C:\Users\joshu\.mcreator\gradle\caches\modules-2\files-2.1\net.minecraftforge\javafmllanguage\1.20.1-47.2.0\7f9181f85acc66547685a72020713fc8cbde98\javafmllanguage-1.20.1-47.2.0.jar;C:\Users\joshu\.mcreator\gradle\caches\modules-2\files-2.1\net.minecraftforge\lowcodelanguage\1.20.1-47.2.0\7872f5205685fdd26fae39b1be79b0e60ca5b7bd\lowcodelanguage-1.20.1-47.2.0.jar;C:\Users\joshu\.mcreator\gradle\caches\modules-2\files-2.1\net.minecraftforge\mclanguage\1.20.1-47.2.0\d501d161cabed08b3c139a2c6217b02a39f3c3e9\mclanguage-1.20.1-47.2.0.jar;C:\Users\joshu\.mcreator\gradle\caches\modules-2\files-2.1\net.minecraftforge\fmlcore\1.20.1-47.2.0\ffd3c6debac0a388c9e33ac43c9f5eafb91cb466\fmlcore-1.20.1-47.2.0.jar;C:\Users\joshu\.mcreator\gradle\caches\modules-2\files-2.1\net.minecraftforge\fmlloader\1.20.1-47.2.0\7811231940c0a8b6008453bbc64fdf7fa1280fe9\fmlloader-1.20.1-47.2.0.jar;C:\Users\joshu\.mcreator\gradle\caches\modules-2\files-2.1\net.minecraftforge\JarJarSelector\0.3.19\376cc9c8ea607
Launcher Type: SUN_STANDARD

[Global flags]
     intx CICompilerCount                          = 4                                         {product} {ergonomic}
     uint ConcGCThreads                            = 3                                         {product} {ergonomic}
     uint G1ConcRefinementThreads                  = 10                                        {product} {ergonomic}
   size_t G1HeapRegionSize                         = 2097152                                   {product} {ergonomic}
    uintx GCDrainStackTargetSize                   = 64                                        {product} {ergonomic}
    ccstr HeapDumpPath                             = MojangTricksIntelDriversForPerformance_javaw.exe_minecraft.exe.heapdump         {manageable} {command line}
   size_t InitialHeapSize                          = 268435456                                 {product} {ergonomic}
   size_t MarkStackSize                            = 4194304                                   {product} {ergonomic}
   size_t MaxHeapSize                              = 4282384384                                {product} {ergonomic}
   size_t MaxNewSize                               = 2569011200                                {product} {ergonomic}
   size_t MinHeapDeltaBytes                        = 2097152                                   {product} {ergonomic}
   size_t MinHeapSize                              = 8388608                                   {product} {ergonomic}
    uintx NonNMethodCodeHeapSize                   = 5839372                                {pd product} {ergonomic}
    uintx NonProfiledCodeHeapSize                  = 122909434                              {pd product} {ergonomic}
    uintx ProfiledCodeHeapSize                     = 122909434                              {pd product} {ergonomic}
    uintx ReservedCodeCacheSize                    = 251658240                              {pd product} {ergonomic}
     bool SegmentedCodeCache                       = true                                      {product} {ergonomic}
   size_t SoftMaxHeapSize                          = 4282384384                             {manageable} {ergonomic}
     bool UseCompressedClassPointers               = true                           {product lp64_product} {ergonomic}
     bool UseCompressedOops                        = true                           {product lp64_product} {ergonomic}
     bool UseG1GC                                  = true                                      {product} {ergonomic}
     bool UseLargePagesIndividualAllocation        = false                                  {pd product} {ergonomic}

Logging:
Log output configuration:
 #0: stdout all=warning uptime,level,tags
 #1: stderr all=off uptime,level,tags

Environment Variables:
JAVA_HOME=G:\MCreator\Versions\MCreator.2023.4.Windows.64bit\MCreator20234\jdk
PATH=C:\Program Files\Eclipse Adoptium\jdk-21.0.1.12-hotspot\bin;C:\Program Files\Python311\Scripts\;C:\Program Files\Python311\;C:\Program Files (x86)\Common Files\Oracle\Java\javapath;C:\Program Files\Eclipse Adoptium\jdk-17.0.4.8-hotspot\bin;C:\ProgramData\Oracle\Java\javapath;C:\WINDOWS\system32;C:\WINDOWS;C:\WINDOWS\System32\Wbem;C:\WINDOWS\System32\WindowsPowerShell\v1.0\;C:\WINDOWS\System32\OpenSSH\;C:\Program Files\dotnet\;C:\Users\joshu\AppData\Local\Microsoft\WindowsApps;C:\Users\joshu\AppData\Local\Programs\Microsoft VS Code\bin;C:\Users\joshu\.dotnet\tools;C:\Users\joshu\AppData\Local\Programs\Git\cmd;G:\MCreator\Versions\MCreator.2023.4.Windows.64bit\MCreator20234\jdk\bin
USERNAME=joshu
OS=Windows_NT
PROCESSOR_IDENTIFIER=AMD64 Family 23 Model 8 Stepping 2, AuthenticAMD
TMP=C:\Users\joshu\AppData\Local\Temp
TEMP=C:\Users\joshu\AppData\Local\Temp



Periodic native trim disabled


---------------  S Y S T E M  ---------------

OS:
 Windows 10 , 64 bit Build 19041 (10.0.19041.3636)
OS uptime: 0 days 21:20 hours

CPU: total 12 (initial active 12) (12 cores per cpu, 2 threads per core) family 23 model 8 stepping 2 microcode 0x0, cx8, cmov, fxsr, ht, mmx, 3dnowpref, sse, sse2, sse3, ssse3, sse4a, sse4.1, sse4.2, popcnt, lzcnt, tsc, tscinvbit, avx, avx2, aes, clmul, bmi1, bmi2, adx, sha, fma, vzeroupper, clflush, clflushopt
Processor Information for all 12 processors :
  Max Mhz: 3400, Current Mhz: 3400, Mhz Limit: 3400

Memory: 4k page, system-wide physical 16331M (8323M free)
TotalPageFile size 24523M (AvailPageFile size 9546M)
current process WorkingSet (physical memory assigned to process): 323M, peak: 328M
current process commit charge ("private bytes"): 444M, peak: 448M

vm_info: OpenJDK 64-Bit Server VM (17.0.9+9) for windows-amd64 JRE (17.0.9+9), built on Oct 26 2023 14:01:42 by "admin" with MS VC++ 16.10 / 16.11 (VS2019)

END.
