#
# A fatal error has been detected by the Java Runtime Environment:
#
#  EXCEPTION_ACCESS_VIOLATION (0xc0000005) at pc=0x00007ffeb2112b60, pid=42084, tid=41972
#
# JRE version: OpenJDK Runtime Environment Temurin-17.0.8+7 (17.0.8+7) (build 17.0.8+7)
# Java VM: OpenJDK 64-Bit Server VM Temurin-17.0.8+7 (17.0.8+7, mixed mode, sharing, tiered, compressed oops, compressed class ptrs, g1 gc, windows-amd64)
# Problematic frame:
# C  [atio6axx.dll+0x192b60]
#
# No core dump will be written. Minidumps are not enabled by default on client versions of Windows
#
# If you would like to submit a bug report, please visit:
#   https://github.com/adoptium/adoptium-support/issues
# The crash happened outside the Java Virtual Machine in native code.
# See problematic frame for where to report the bug.
#

---------------  S U M M A R Y ------------

Command Line: -Dforge.enableGameTest=true -Dforge.logging.console.level=debug -Dforge.logging.markers=REGISTRIES -DignoreList=bootstraplauncher,securejarhandler,asm-commons,asm-util,asm-analysis,asm-tree,asm,JarJarFileSystems,client-extra,fmlcore,javafmllanguage,lowcodelanguage,mclanguage,forge- -Djava.net.preferIPv6Addresses=system -DlegacyClassPath.file=C:\Users\joshu\MCreatorWorkspaces\fish_away_forge\build\classpath\runClient_minecraftClasspath.txt -DmergeModules=jna-5.10.0.jar,jna-platform-5.10.0.jar --module-path=C:\Users\joshu\.mcreator\gradle\caches\modules-2\files-2.1\cpw.mods\bootstraplauncher\1.1.2\c546e00443d8432cda6baa1c860346980742628\bootstraplauncher-1.1.2.jar;C:\Users\joshu\.mcreator\gradle\caches\modules-2\files-2.1\cpw.mods\securejarhandler\2.1.10\51e6a22c6c716beb11e244bf5b8be480f51dd6b5\securejarhandler-2.1.10.jar;C:\Users\joshu\.mcreator\gradle\caches\modules-2\files-2.1\org.ow2.asm\asm-commons\9.5\19ab5b5800a3910d30d3a3e64fdb00fd0cb42de0\asm-commons-9.5.jar;C:\Users\joshu\.mcreator\gradle\caches\modules-2\files-2.1\org.ow2.asm\asm-util\9.5\64b5a1fc8c1b15ed2efd6a063e976bc8d3dc5ffe\asm-util-9.5.jar;C:\Users\joshu\.mcreator\gradle\caches\modules-2\files-2.1\org.ow2.asm\asm-analysis\9.5\490bacc77de7cbc0be1a30bb3471072d705be4a4\asm-analysis-9.5.jar;C:\Users\joshu\.mcreator\gradle\caches\modules-2\files-2.1\org.ow2.asm\asm-tree\9.5\fd33c8b6373abaa675be407082fdfda35021254a\asm-tree-9.5.jar;C:\Users\joshu\.mcreator\gradle\caches\modules-2\files-2.1\org.ow2.asm\asm\9.5\dc6ea1875f4d64fbc85e1691c95b96a3d8569c90\asm-9.5.jar;C:\Users\joshu\.mcreator\gradle\caches\modules-2\files-2.1\net.minecraftforge\JarJarFileSystems\0.3.19\2464eb7d6b9ddb9db36a82cf8a95193e5c6fe020\JarJarFileSystems-0.3.19.jar --add-modules=ALL-MODULE-PATH --add-opens=java.base/java.util.jar=cpw.mods.securejarhandler --add-opens=java.base/java.lang.invoke=cpw.mods.securejarhandler --add-exports=java.base/sun.security.util=cpw.mods.securejarhandler --add-exports=jdk.naming.dns/com.sun.jndi.dns=java.naming -XX:HeapDumpPath=MojangTricksIntelDriversForPerformance_javaw.exe_minecraft.exe.heapdump -Dfile.encoding=UTF-8 -Duser.country=US -Duser.language=en -Duser.variant cpw.mods.bootstraplauncher.BootstrapLauncher --launchTarget forgeclientuserdev --version MOD_DEV --assetIndex 5 --assetsDir C:\Users\joshu\.mcreator\gradle\caches\forge_gradle\assets --gameDir . --fml.forgeVersion 47.2.0 --fml.mcVersion 1.20.1 --fml.forgeGroup net.minecraftforge --fml.mcpVersion 20230612.114412

Host: AMD Ryzen 5 2600 Six-Core Processor            , 12 cores, 15G,  Windows 10 , 64 bit Build 19041 (10.0.19041.3393)
Time: Sun Oct  8 17:35:53 2023 Central Daylight Time elapsed time: 3.279320 seconds (0d 0h 0m 3s)

---------------  T H R E A D  ---------------

Current thread (0x00000261f0eec120):  JavaThread "main" [_thread_in_native, id=41972, stack(0x000000c0aad00000,0x000000c0aae00000)]

Stack: [0x000000c0aad00000,0x000000c0aae00000],  sp=0x000000c0aadfb7f8,  free space=1005k
Native frames: (J=compiled Java code, j=interpreted, Vv=VM code, C=native code)
C  [atio6axx.dll+0x192b60]

Java frames: (J=compiled Java code, j=interpreted, Vv=VM code)
j  org.lwjgl.system.JNI.invokePPPP(IIJJJJ)J+0 org.lwjgl@3.3.1+7
j  org.lwjgl.glfw.GLFW.nglfwCreateWindow(IIJJJ)J+14 org.lwjgl.glfw@3.3.1+7
j  org.lwjgl.glfw.GLFW.glfwCreateWindow(IILjava/lang/CharSequence;JJ)J+34 org.lwjgl.glfw@3.3.1+7
j  net.minecraftforge.fml.earlydisplay.DisplayWindow.initWindow(Ljava/lang/String;)V+408 fmlearlydisplay@1.20.1-47.2.0
j  net.minecraftforge.fml.earlydisplay.DisplayWindow.start(Ljava/lang/String;Ljava/lang/String;)Ljava/lang/Runnable;+14 fmlearlydisplay@1.20.1-47.2.0
j  net.minecraftforge.fml.earlydisplay.DisplayWindow.initialize([Ljava/lang/String;)Ljava/lang/Runnable;+410 fmlearlydisplay@1.20.1-47.2.0
j  net.minecraftforge.fml.loading.ImmediateWindowHandler.load(Ljava/lang/String;[Ljava/lang/String;)V+180 fmlloader@1.20.1-47.2.0
j  net.minecraftforge.fml.loading.ModDirTransformerDiscoverer.earlyInitialization(Ljava/lang/String;[Ljava/lang/String;)V+2 fmlloader@1.20.1-47.2.0
j  cpw.mods.modlauncher.TransformationServicesHandler.lambda$discoverServices$18(Lcpw/mods/modlauncher/ArgumentHandler$DiscoveryData;Lcpw/mods/modlauncher/serviceapi/ITransformerDiscoveryService;)V+9 cpw.mods.modlauncher@10.0.9
j  cpw.mods.modlauncher.TransformationServicesHandler$$Lambda$418+0x00000261961d71d0.accept(Ljava/lang/Object;)V+8 cpw.mods.modlauncher@10.0.9
J 2366 c1 java.lang.Iterable.forEach(Ljava/util/function/Consumer;)V java.base@17.0.8 (39 bytes) @ 0x00000261803bb09c [0x00000261803bada0+0x00000000000002fc]
j  cpw.mods.modlauncher.TransformationServicesHandler.discoverServices(Lcpw/mods/modlauncher/ArgumentHandler$DiscoveryData;)V+145 cpw.mods.modlauncher@10.0.9
j  cpw.mods.modlauncher.Launcher.run([Ljava/lang/String;)V+14 cpw.mods.modlauncher@10.0.9
j  cpw.mods.modlauncher.Launcher.main([Ljava/lang/String;)V+78 cpw.mods.modlauncher@10.0.9
j  cpw.mods.modlauncher.BootstrapLaunchConsumer.accept([Ljava/lang/String;)V+1 cpw.mods.modlauncher@10.0.9
j  cpw.mods.modlauncher.BootstrapLaunchConsumer.accept(Ljava/lang/Object;)V+5 cpw.mods.modlauncher@10.0.9
j  cpw.mods.bootstraplauncher.BootstrapLauncher.main([Ljava/lang/String;)V+515 cpw.mods.bootstraplauncher@1.1.2
v  ~StubRoutines::call_stub

siginfo: EXCEPTION_ACCESS_VIOLATION (0xc0000005), reading address 0xffffffffffffffff


Register to memory mapping:

RIP=0x00007ffeb2112b60 atio6axx.dll
RAX=0x0 is NULL
RBX=0x00007ffeb59533b0 atio6axx.dll
RCX=0x2e67726f5c312e32 is an unknown value
RDX=0x00000000000000d1 is an unknown value
RSP=0x000000c0aadfb7f8 is pointing into the stack for thread: 0x00000261f0eec120
RBP=0x000000c0aadfb960 is pointing into the stack for thread: 0x00000261f0eec120
RSI=0x00007ffeb5862d40 atio6axx.dll
RDI=0x000000c0aadfbc50 is pointing into the stack for thread: 0x00000261f0eec120
R8 =0x00000000000001a5 is an unknown value
R9 =0x2e67726f5c312e32 is an unknown value
R10=0x0 is NULL
R11=0x0000000000000200 is an unknown value
R12=0x00007ffeb5953408 atio6axx.dll
R13=0x00007ffeb5955c08 atio6axx.dll
R14=0x00007ffeb59533b0 atio6axx.dll
R15=0x0 is NULL


Registers:
RAX=0x0000000000000000, RBX=0x00007ffeb59533b0, RCX=0x2e67726f5c312e32, RDX=0x00000000000000d1
RSP=0x000000c0aadfb7f8, RBP=0x000000c0aadfb960, RSI=0x00007ffeb5862d40, RDI=0x000000c0aadfbc50
R8 =0x00000000000001a5, R9 =0x2e67726f5c312e32, R10=0x0000000000000000, R11=0x0000000000000200
R12=0x00007ffeb5953408, R13=0x00007ffeb5955c08, R14=0x00007ffeb59533b0, R15=0x0000000000000000
RIP=0x00007ffeb2112b60, EFLAGS=0x0000000000010206

Top of Stack: (sp=0x000000c0aadfb7f8)
0x000000c0aadfb7f8:   00007ffeb2112e7c 00007ffeb5956020
0x000000c0aadfb808:   00000261dc860018 0000000000000000
0x000000c0aadfb818:   00007ffeb2113e8d 000000c0aadfbc50
0x000000c0aadfb828:   00007ffeb20cf484 00007ffeb59533b0
0x000000c0aadfb838:   00007ffeb5862d40 0000652e6176616a
0x000000c0aadfb848:   0000e4147aefe94d 000000c0aadfbc50
0x000000c0aadfb858:   00007ffeb20d0457 00007ffeb59533b8
0x000000c0aadfb868:   00007ffeb5862d40 00007ffeb5862d40
0x000000c0aadfb878:   00000261dc3dc2dc 00007ffeb59533b0
0x000000c0aadfb888:   00007ffe00000000 0000000000000009
0x000000c0aadfb898:   00000261dc3dc48c 00000261dc3dc5e8
0x000000c0aadfb8a8:   00007ffeb59533b8 000000c0aadfbc50
0x000000c0aadfb8b8:   000000c0aadfba3a 00007f006176616a
0x000000c0aadfb8c8:   00007f006176616a 46676e697274535c
0x000000c0aadfb8d8:   5c6f666e49656c69 3062343039303430
0x000000c0aadfb8e8:   726556656c69465c 000000006e6f6973 

Instructions: (pc=0x00007ffeb2112b60)
0x00007ffeb2112a60:   74 09 33 c9 ff 15 e6 89 66 03 90 48 8b c3 48 83
0x00007ffeb2112a70:   c4 20 5b c3 cc cc cc cc cc cc cc cc cc cc cc cc
0x00007ffeb2112a80:   48 83 ec 28 48 8b 51 08 48 85 d2 74 09 33 c9 ff
0x00007ffeb2112a90:   15 bb 89 66 03 90 48 83 c4 28 c3 cc cc cc cc cc
0x00007ffeb2112aa0:   48 89 11 c3 cc cc cc cc cc cc cc cc cc cc cc cc
0x00007ffeb2112ab0:   48 8b c1 c3 cc cc cc cc cc cc cc cc cc cc cc cc
0x00007ffeb2112ac0:   48 3b ca 74 10 41 8b 00 39 01 74 09 48 83 c1 04
0x00007ffeb2112ad0:   48 3b ca 75 f3 48 8b c1 c3 cc cc cc cc cc cc cc
0x00007ffeb2112ae0:   48 8b c1 c3 cc cc cc cc cc cc cc cc cc cc cc cc
0x00007ffeb2112af0:   48 83 39 00 0f 94 c0 c3 cc cc cc cc cc cc cc cc
0x00007ffeb2112b00:   4c 8d 04 d5 00 00 00 00 33 d2 e9 c1 d0 dd 01 cc
0x00007ffeb2112b10:   4c 8b 41 08 48 8b 02 49 89 00 48 83 41 08 08 c3
0x00007ffeb2112b20:   48 8b c1 c3 cc cc cc cc cc cc cc cc cc cc cc cc
0x00007ffeb2112b30:   48 8b c1 c3 cc cc cc cc cc cc cc cc cc cc cc cc
0x00007ffeb2112b40:   49 8b 00 48 89 02 c3 cc cc cc cc cc cc cc cc cc
0x00007ffeb2112b50:   8b 81 40 39 00 00 c3 cc cc cc cc cc cc cc cc cc
0x00007ffeb2112b60:   8b 81 40 39 00 00 83 c0 f0 83 f8 67 0f 87 5a 01
0x00007ffeb2112b70:   00 00 48 8d 15 87 d4 e6 ff 0f b6 84 02 f0 2c 19
0x00007ffeb2112b80:   00 8b 8c 82 d0 2c 19 00 48 03 ca ff e1 48 8b 0d
0x00007ffeb2112b90:   6c 6f 7e 03 83 b9 b4 34 00 00 02 0f 87 2b 01 00
0x00007ffeb2112ba0:   00 48 8d 91 0c 29 00 00 c7 02 e1 00 00 00 e9 ce
0x00007ffeb2112bb0:   00 00 00 48 8b 0d 46 6f 7e 03 83 b9 b4 34 00 00
0x00007ffeb2112bc0:   02 0f 87 05 01 00 00 48 8d 91 0c 29 00 00 c7 02
0x00007ffeb2112bd0:   f0 00 00 00 e9 a8 00 00 00 48 8b 0d 20 6f 7e 03
0x00007ffeb2112be0:   83 b9 b4 34 00 00 02 0f 87 df 00 00 00 48 8d 91
0x00007ffeb2112bf0:   0c 29 00 00 c7 02 00 04 00 00 e9 82 00 00 00 48
0x00007ffeb2112c00:   8b 0d fa 6e 7e 03 83 b9 b4 34 00 00 02 0f 87 b9
0x00007ffeb2112c10:   00 00 00 48 8d 91 0c 29 00 00 c7 02 00 08 00 00
0x00007ffeb2112c20:   eb 5f 48 8b 0d d7 6e 7e 03 83 b9 b4 34 00 00 02
0x00007ffeb2112c30:   0f 87 96 00 00 00 48 8d 91 0c 29 00 00 c7 02 00
0x00007ffeb2112c40:   09 00 00 eb 3c 48 8b 0d b4 6e 7e 03 83 b9 b4 34
0x00007ffeb2112c50:   00 00 02 77 77 48 8d 91 0c 29 00 00 c7 02 3c 0f 


Stack slot to memory mapping:
stack at sp + 0 slots: 0x00007ffeb2112e7c atio6axx.dll
stack at sp + 1 slots: 0x00007ffeb5956020 atio6axx.dll
stack at sp + 2 slots: 0x00000261dc860018 points into unknown readable memory: 0x00007ffeb515f5f0 | f0 f5 15 b5 fe 7f 00 00
stack at sp + 3 slots: 0x0 is NULL
stack at sp + 4 slots: 0x00007ffeb2113e8d atio6axx.dll
stack at sp + 5 slots: 0x000000c0aadfbc50 is pointing into the stack for thread: 0x00000261f0eec120
stack at sp + 6 slots: 0x00007ffeb20cf484 atio6axx.dll
stack at sp + 7 slots: 0x00007ffeb59533b0 atio6axx.dll


---------------  P R O C E S S  ---------------

Threads class SMR info:
_java_thread_list=0x00000261dd9306c0, length=15, elements={
0x00000261f0eec120, 0x00000261d6009670, 0x00000261d600a140, 0x00000261d601c620,
0x00000261d6021300, 0x00000261d6023380, 0x00000261d6023c50, 0x00000261d602c630,
0x00000261d6031c60, 0x00000261d60381a0, 0x00000261d611bf90, 0x00000261d6149f70,
0x00000261d62f5e10, 0x00000261d6b57a60, 0x00000261ddd94280
}

Java Threads: ( => current thread )
=>0x00000261f0eec120 JavaThread "main" [_thread_in_native, id=41972, stack(0x000000c0aad00000,0x000000c0aae00000)]
  0x00000261d6009670 JavaThread "Reference Handler" daemon [_thread_blocked, id=34648, stack(0x000000c0ab400000,0x000000c0ab500000)]
  0x00000261d600a140 JavaThread "Finalizer" daemon [_thread_blocked, id=40728, stack(0x000000c0ab500000,0x000000c0ab600000)]
  0x00000261d601c620 JavaThread "Signal Dispatcher" daemon [_thread_blocked, id=43868, stack(0x000000c0ab600000,0x000000c0ab700000)]
  0x00000261d6021300 JavaThread "Attach Listener" daemon [_thread_blocked, id=41832, stack(0x000000c0ab700000,0x000000c0ab800000)]
  0x00000261d6023380 JavaThread "Service Thread" daemon [_thread_blocked, id=43396, stack(0x000000c0ab800000,0x000000c0ab900000)]
  0x00000261d6023c50 JavaThread "Monitor Deflation Thread" daemon [_thread_blocked, id=40884, stack(0x000000c0ab900000,0x000000c0aba00000)]
  0x00000261d602c630 JavaThread "C2 CompilerThread0" daemon [_thread_in_native, id=15540, stack(0x000000c0aba00000,0x000000c0abb00000)]
  0x00000261d6031c60 JavaThread "C1 CompilerThread0" daemon [_thread_blocked, id=36128, stack(0x000000c0abb00000,0x000000c0abc00000)]
  0x00000261d60381a0 JavaThread "Sweeper thread" daemon [_thread_blocked, id=36388, stack(0x000000c0abc00000,0x000000c0abd00000)]
  0x00000261d611bf90 JavaThread "Common-Cleaner" daemon [_thread_blocked, id=43916, stack(0x000000c0abd00000,0x000000c0abe00000)]
  0x00000261d6149f70 JavaThread "C2 CompilerThread1" daemon [_thread_blocked, id=6680, stack(0x000000c0abe00000,0x000000c0abf00000)]
  0x00000261d62f5e10 JavaThread "Notification Thread" daemon [_thread_blocked, id=34712, stack(0x000000c0abf00000,0x000000c0ac000000)]
  0x00000261d6b57a60 JavaThread "C2 CompilerThread2" daemon [_thread_in_native, id=27308, stack(0x000000c0ac600000,0x000000c0ac700000)]
  0x00000261ddd94280 JavaThread "pool-2-thread-1" daemon [_thread_blocked, id=38476, stack(0x000000c0aca00000,0x000000c0acb00000)]

Other Threads:
  0x00000261d6001c30 VMThread "VM Thread" [stack: 0x000000c0ab300000,0x000000c0ab400000] [id=33572]
  0x00000261d6316ac0 WatcherThread [stack: 0x000000c0ac000000,0x000000c0ac100000] [id=42404]
  0x00000261f0f5a930 GCTaskThread "GC Thread#0" [stack: 0x000000c0aae00000,0x000000c0aaf00000] [id=42860]
  0x00000261d6c29800 GCTaskThread "GC Thread#1" [stack: 0x000000c0ac100000,0x000000c0ac200000] [id=42140]
  0x00000261d6c29ac0 GCTaskThread "GC Thread#2" [stack: 0x000000c0ac200000,0x000000c0ac300000] [id=29928]
  0x00000261d6af41e0 GCTaskThread "GC Thread#3" [stack: 0x000000c0ac300000,0x000000c0ac400000] [id=1176]
  0x00000261d6af44a0 GCTaskThread "GC Thread#4" [stack: 0x000000c0ac400000,0x000000c0ac500000] [id=11332]
  0x00000261d6af4760 GCTaskThread "GC Thread#5" [stack: 0x000000c0ac500000,0x000000c0ac600000] [id=35092]
  0x00000261f0f6b6d0 ConcurrentGCThread "G1 Main Marker" [stack: 0x000000c0aaf00000,0x000000c0ab000000] [id=42328]
  0x00000261f0f6bff0 ConcurrentGCThread "G1 Conc#0" [stack: 0x000000c0ab000000,0x000000c0ab100000] [id=41368]
  0x00000261f0f8ecc0 ConcurrentGCThread "G1 Refine#0" [stack: 0x000000c0ab100000,0x000000c0ab200000] [id=36408]
  0x00000261ff01fb70 ConcurrentGCThread "G1 Service" [stack: 0x000000c0ab200000,0x000000c0ab300000] [id=25772]

Threads with active compile tasks:
C2 CompilerThread0     3327 3665       4       java.lang.invoke.MethodType::makeImpl (109 bytes)
C2 CompilerThread2     3328 3203       4       cpw.mods.niofs.union.UnionFileSystem::getPath (53 bytes)

VM state: not at safepoint (normal execution)

VM Mutex/Monitor currently owned by a thread: None

Heap address: 0x0000000700c00000, size: 4084 MB, Compressed Oops mode: Zero based, Oop shift amount: 3

CDS archive(s) mapped at: [0x0000026195000000-0x0000026195bd0000-0x0000026195bd0000), size 12386304, SharedBaseAddress: 0x0000026195000000, ArchiveRelocationMode: 1.
Compressed class space mapped at: 0x0000026196000000-0x00000261d6000000, reserved size: 1073741824
Narrow klass base: 0x0000026195000000, Narrow klass shift: 0, Narrow klass range: 0x100000000

GC Precious Log:
 CPUs: 12 total, 12 available
 Memory: 16331M
 Large Page Support: Disabled
 NUMA Support: Disabled
 Compressed Oops: Enabled (Zero based)
 Heap Region Size: 2M
 Heap Min Capacity: 8M
 Heap Initial Capacity: 256M
 Heap Max Capacity: 4084M
 Pre-touch: Disabled
 Parallel Workers: 10
 Concurrent Workers: 3
 Concurrent Refinement Workers: 10
 Periodic GC: Disabled

Heap:
 garbage-first heap   total 262144K, used 131697K [0x0000000700c00000, 0x0000000800000000)
  region size 2048K, 55 young (112640K), 7 survivors (14336K)
 Metaspace       used 16636K, committed 16960K, reserved 1114112K
  class space    used 1891K, committed 2048K, reserved 1048576K

Heap Regions: E=young(eden), S=young(survivor), O=old, HS=humongous(starts), HC=humongous(continues), CS=collection set, F=free, OA=open archive, CA=closed archive, TAMS=top-at-mark-start (previous, next)
|   0|0x0000000700c00000, 0x0000000700e00000, 0x0000000700e00000|100%|HS|  |TAMS 0x0000000700c00000, 0x0000000700c00000| Complete 
|   1|0x0000000700e00000, 0x0000000701000000, 0x0000000701000000|100%| O|  |TAMS 0x0000000700e00000, 0x0000000700e00000| Untracked 
|   2|0x0000000701000000, 0x0000000701200000, 0x0000000701200000|100%| O|  |TAMS 0x0000000701000000, 0x0000000701000000| Untracked 
|   3|0x0000000701200000, 0x0000000701400000, 0x0000000701400000|100%|HS|  |TAMS 0x0000000701200000, 0x0000000701200000| Complete 
|   4|0x0000000701400000, 0x0000000701600000, 0x0000000701600000|100%| O|  |TAMS 0x0000000701400000, 0x0000000701400000| Untracked 
|   5|0x0000000701600000, 0x0000000701800000, 0x0000000701800000|100%| O|  |TAMS 0x0000000701600000, 0x0000000701600000| Untracked 
|   6|0x0000000701800000, 0x0000000701a00000, 0x0000000701a00000|100%|HS|  |TAMS 0x0000000701800000, 0x0000000701800000| Complete 
|   7|0x0000000701a00000, 0x0000000701c00000, 0x0000000701c00000|100%|HS|  |TAMS 0x0000000701a00000, 0x0000000701a00000| Complete 
|   8|0x0000000701c00000, 0x0000000701e00000, 0x0000000701e00000|100%| O|  |TAMS 0x0000000701c00000, 0x0000000701c00000| Untracked 
|   9|0x0000000701e00000, 0x0000000702000000, 0x0000000702000000|100%| O|  |TAMS 0x0000000701e00000, 0x0000000701e00000| Untracked 
|  10|0x0000000702000000, 0x0000000702200000, 0x0000000702200000|100%| O|  |TAMS 0x0000000702000000, 0x0000000702000000| Untracked 
|  11|0x0000000702200000, 0x0000000702204a00, 0x0000000702400000|  0%| O|  |TAMS 0x0000000702200000, 0x0000000702200000| Untracked 
|  12|0x0000000702400000, 0x0000000702400000, 0x0000000702600000|  0%| F|  |TAMS 0x0000000702400000, 0x0000000702400000| Untracked 
|  13|0x0000000702600000, 0x0000000702600000, 0x0000000702800000|  0%| F|  |TAMS 0x0000000702600000, 0x0000000702600000| Untracked 
|  14|0x0000000702800000, 0x0000000702800000, 0x0000000702a00000|  0%| F|  |TAMS 0x0000000702800000, 0x0000000702800000| Untracked 
|  15|0x0000000702a00000, 0x0000000702a00000, 0x0000000702c00000|  0%| F|  |TAMS 0x0000000702a00000, 0x0000000702a00000| Untracked 
|  16|0x0000000702c00000, 0x0000000702c00000, 0x0000000702e00000|  0%| F|  |TAMS 0x0000000702c00000, 0x0000000702c00000| Untracked 
|  17|0x0000000702e00000, 0x0000000702e00000, 0x0000000703000000|  0%| F|  |TAMS 0x0000000702e00000, 0x0000000702e00000| Untracked 
|  18|0x0000000703000000, 0x0000000703000000, 0x0000000703200000|  0%| F|  |TAMS 0x0000000703000000, 0x0000000703000000| Untracked 
|  19|0x0000000703200000, 0x0000000703200000, 0x0000000703400000|  0%| F|  |TAMS 0x0000000703200000, 0x0000000703200000| Untracked 
|  20|0x0000000703400000, 0x0000000703400000, 0x0000000703600000|  0%| F|  |TAMS 0x0000000703400000, 0x0000000703400000| Untracked 
|  21|0x0000000703600000, 0x0000000703600000, 0x0000000703800000|  0%| F|  |TAMS 0x0000000703600000, 0x0000000703600000| Untracked 
|  22|0x0000000703800000, 0x0000000703800000, 0x0000000703a00000|  0%| F|  |TAMS 0x0000000703800000, 0x0000000703800000| Untracked 
|  23|0x0000000703a00000, 0x0000000703a00000, 0x0000000703c00000|  0%| F|  |TAMS 0x0000000703a00000, 0x0000000703a00000| Untracked 
|  24|0x0000000703c00000, 0x0000000703c00000, 0x0000000703e00000|  0%| F|  |TAMS 0x0000000703c00000, 0x0000000703c00000| Untracked 
|  25|0x0000000703e00000, 0x0000000703e00000, 0x0000000704000000|  0%| F|  |TAMS 0x0000000703e00000, 0x0000000703e00000| Untracked 
|  26|0x0000000704000000, 0x0000000704000000, 0x0000000704200000|  0%| F|  |TAMS 0x0000000704000000, 0x0000000704000000| Untracked 
|  27|0x0000000704200000, 0x0000000704200000, 0x0000000704400000|  0%| F|  |TAMS 0x0000000704200000, 0x0000000704200000| Untracked 
|  28|0x0000000704400000, 0x0000000704400000, 0x0000000704600000|  0%| F|  |TAMS 0x0000000704400000, 0x0000000704400000| Untracked 
|  29|0x0000000704600000, 0x0000000704600000, 0x0000000704800000|  0%| F|  |TAMS 0x0000000704600000, 0x0000000704600000| Untracked 
|  30|0x0000000704800000, 0x0000000704800000, 0x0000000704a00000|  0%| F|  |TAMS 0x0000000704800000, 0x0000000704800000| Untracked 
|  31|0x0000000704a00000, 0x0000000704a00000, 0x0000000704c00000|  0%| F|  |TAMS 0x0000000704a00000, 0x0000000704a00000| Untracked 
|  32|0x0000000704c00000, 0x0000000704c00000, 0x0000000704e00000|  0%| F|  |TAMS 0x0000000704c00000, 0x0000000704c00000| Untracked 
|  33|0x0000000704e00000, 0x0000000704e00000, 0x0000000705000000|  0%| F|  |TAMS 0x0000000704e00000, 0x0000000704e00000| Untracked 
|  34|0x0000000705000000, 0x0000000705000000, 0x0000000705200000|  0%| F|  |TAMS 0x0000000705000000, 0x0000000705000000| Untracked 
|  35|0x0000000705200000, 0x0000000705200000, 0x0000000705400000|  0%| F|  |TAMS 0x0000000705200000, 0x0000000705200000| Untracked 
|  36|0x0000000705400000, 0x0000000705400000, 0x0000000705600000|  0%| F|  |TAMS 0x0000000705400000, 0x0000000705400000| Untracked 
|  37|0x0000000705600000, 0x0000000705600000, 0x0000000705800000|  0%| F|  |TAMS 0x0000000705600000, 0x0000000705600000| Untracked 
|  38|0x0000000705800000, 0x0000000705800000, 0x0000000705a00000|  0%| F|  |TAMS 0x0000000705800000, 0x0000000705800000| Untracked 
|  39|0x0000000705a00000, 0x0000000705a00000, 0x0000000705c00000|  0%| F|  |TAMS 0x0000000705a00000, 0x0000000705a00000| Untracked 
|  40|0x0000000705c00000, 0x0000000705c00000, 0x0000000705e00000|  0%| F|  |TAMS 0x0000000705c00000, 0x0000000705c00000| Untracked 
|  41|0x0000000705e00000, 0x0000000705e00000, 0x0000000706000000|  0%| F|  |TAMS 0x0000000705e00000, 0x0000000705e00000| Untracked 
|  42|0x0000000706000000, 0x0000000706000000, 0x0000000706200000|  0%| F|  |TAMS 0x0000000706000000, 0x0000000706000000| Untracked 
|  43|0x0000000706200000, 0x0000000706200000, 0x0000000706400000|  0%| F|  |TAMS 0x0000000706200000, 0x0000000706200000| Untracked 
|  44|0x0000000706400000, 0x0000000706400000, 0x0000000706600000|  0%| F|  |TAMS 0x0000000706400000, 0x0000000706400000| Untracked 
|  45|0x0000000706600000, 0x0000000706600000, 0x0000000706800000|  0%| F|  |TAMS 0x0000000706600000, 0x0000000706600000| Untracked 
|  46|0x0000000706800000, 0x0000000706800000, 0x0000000706a00000|  0%| F|  |TAMS 0x0000000706800000, 0x0000000706800000| Untracked 
|  47|0x0000000706a00000, 0x0000000706a00000, 0x0000000706c00000|  0%| F|  |TAMS 0x0000000706a00000, 0x0000000706a00000| Untracked 
|  48|0x0000000706c00000, 0x0000000706c00000, 0x0000000706e00000|  0%| F|  |TAMS 0x0000000706c00000, 0x0000000706c00000| Untracked 
|  49|0x0000000706e00000, 0x0000000706e00000, 0x0000000707000000|  0%| F|  |TAMS 0x0000000706e00000, 0x0000000706e00000| Untracked 
|  50|0x0000000707000000, 0x0000000707000000, 0x0000000707200000|  0%| F|  |TAMS 0x0000000707000000, 0x0000000707000000| Untracked 
|  51|0x0000000707200000, 0x0000000707200000, 0x0000000707400000|  0%| F|  |TAMS 0x0000000707200000, 0x0000000707200000| Untracked 
|  52|0x0000000707400000, 0x0000000707497b90, 0x0000000707600000| 29%| S|CS|TAMS 0x0000000707400000, 0x0000000707400000| Complete 
|  53|0x0000000707600000, 0x0000000707800000, 0x0000000707800000|100%| S|CS|TAMS 0x0000000707600000, 0x0000000707600000| Complete 
|  54|0x0000000707800000, 0x0000000707a00000, 0x0000000707a00000|100%| S|CS|TAMS 0x0000000707800000, 0x0000000707800000| Complete 
|  55|0x0000000707a00000, 0x0000000707c00000, 0x0000000707c00000|100%| S|CS|TAMS 0x0000000707a00000, 0x0000000707a00000| Complete 
|  56|0x0000000707c00000, 0x0000000707e00000, 0x0000000707e00000|100%| S|CS|TAMS 0x0000000707c00000, 0x0000000707c00000| Complete 
|  57|0x0000000707e00000, 0x0000000708000000, 0x0000000708000000|100%| S|CS|TAMS 0x0000000707e00000, 0x0000000707e00000| Complete 
|  58|0x0000000708000000, 0x0000000708200000, 0x0000000708200000|100%| S|CS|TAMS 0x0000000708000000, 0x0000000708000000| Complete 
|  59|0x0000000708200000, 0x0000000708200000, 0x0000000708400000|  0%| F|  |TAMS 0x0000000708200000, 0x0000000708200000| Untracked 
|  60|0x0000000708400000, 0x0000000708400000, 0x0000000708600000|  0%| F|  |TAMS 0x0000000708400000, 0x0000000708400000| Untracked 
|  61|0x0000000708600000, 0x0000000708600000, 0x0000000708800000|  0%| F|  |TAMS 0x0000000708600000, 0x0000000708600000| Untracked 
|  62|0x0000000708800000, 0x0000000708800000, 0x0000000708a00000|  0%| F|  |TAMS 0x0000000708800000, 0x0000000708800000| Untracked 
|  63|0x0000000708a00000, 0x0000000708a00000, 0x0000000708c00000|  0%| F|  |TAMS 0x0000000708a00000, 0x0000000708a00000| Untracked 
|  64|0x0000000708c00000, 0x0000000708c00000, 0x0000000708e00000|  0%| F|  |TAMS 0x0000000708c00000, 0x0000000708c00000| Untracked 
|  65|0x0000000708e00000, 0x0000000708e00000, 0x0000000709000000|  0%| F|  |TAMS 0x0000000708e00000, 0x0000000708e00000| Untracked 
|  66|0x0000000709000000, 0x0000000709000000, 0x0000000709200000|  0%| F|  |TAMS 0x0000000709000000, 0x0000000709000000| Untracked 
|  67|0x0000000709200000, 0x0000000709200000, 0x0000000709400000|  0%| F|  |TAMS 0x0000000709200000, 0x0000000709200000| Untracked 
|  68|0x0000000709400000, 0x0000000709400000, 0x0000000709600000|  0%| F|  |TAMS 0x0000000709400000, 0x0000000709400000| Untracked 
|  69|0x0000000709600000, 0x0000000709600000, 0x0000000709800000|  0%| F|  |TAMS 0x0000000709600000, 0x0000000709600000| Untracked 
|  70|0x0000000709800000, 0x0000000709800000, 0x0000000709a00000|  0%| F|  |TAMS 0x0000000709800000, 0x0000000709800000| Untracked 
|  71|0x0000000709a00000, 0x0000000709a00000, 0x0000000709c00000|  0%| F|  |TAMS 0x0000000709a00000, 0x0000000709a00000| Untracked 
|  72|0x0000000709c00000, 0x0000000709c00000, 0x0000000709e00000|  0%| F|  |TAMS 0x0000000709c00000, 0x0000000709c00000| Untracked 
|  73|0x0000000709e00000, 0x0000000709e00000, 0x000000070a000000|  0%| F|  |TAMS 0x0000000709e00000, 0x0000000709e00000| Untracked 
|  74|0x000000070a000000, 0x000000070a000000, 0x000000070a200000|  0%| F|  |TAMS 0x000000070a000000, 0x000000070a000000| Untracked 
|  75|0x000000070a200000, 0x000000070a200000, 0x000000070a400000|  0%| F|  |TAMS 0x000000070a200000, 0x000000070a200000| Untracked 
|  76|0x000000070a400000, 0x000000070a400000, 0x000000070a600000|  0%| F|  |TAMS 0x000000070a400000, 0x000000070a400000| Untracked 
|  77|0x000000070a600000, 0x000000070a600000, 0x000000070a800000|  0%| F|  |TAMS 0x000000070a600000, 0x000000070a600000| Untracked 
|  78|0x000000070a800000, 0x000000070a800000, 0x000000070aa00000|  0%| F|  |TAMS 0x000000070a800000, 0x000000070a800000| Untracked 
|  79|0x000000070aa00000, 0x000000070aa00000, 0x000000070ac00000|  0%| F|  |TAMS 0x000000070aa00000, 0x000000070aa00000| Untracked 
|  80|0x000000070ac00000, 0x000000070ac00800, 0x000000070ae00000|  0%| E|  |TAMS 0x000000070ac00000, 0x000000070ac00000| Complete 
|  81|0x000000070ae00000, 0x000000070b000000, 0x000000070b000000|100%| E|CS|TAMS 0x000000070ae00000, 0x000000070ae00000| Complete 
|  82|0x000000070b000000, 0x000000070b200000, 0x000000070b200000|100%| E|CS|TAMS 0x000000070b000000, 0x000000070b000000| Complete 
|  83|0x000000070b200000, 0x000000070b400000, 0x000000070b400000|100%| E|CS|TAMS 0x000000070b200000, 0x000000070b200000| Complete 
|  84|0x000000070b400000, 0x000000070b600000, 0x000000070b600000|100%| E|CS|TAMS 0x000000070b400000, 0x000000070b400000| Complete 
|  85|0x000000070b600000, 0x000000070b800000, 0x000000070b800000|100%| E|CS|TAMS 0x000000070b600000, 0x000000070b600000| Complete 
|  86|0x000000070b800000, 0x000000070ba00000, 0x000000070ba00000|100%| E|CS|TAMS 0x000000070b800000, 0x000000070b800000| Complete 
|  87|0x000000070ba00000, 0x000000070bc00000, 0x000000070bc00000|100%| E|CS|TAMS 0x000000070ba00000, 0x000000070ba00000| Complete 
|  88|0x000000070bc00000, 0x000000070be00000, 0x000000070be00000|100%| E|CS|TAMS 0x000000070bc00000, 0x000000070bc00000| Complete 
|  89|0x000000070be00000, 0x000000070c000000, 0x000000070c000000|100%| E|CS|TAMS 0x000000070be00000, 0x000000070be00000| Complete 
|  90|0x000000070c000000, 0x000000070c200000, 0x000000070c200000|100%| E|CS|TAMS 0x000000070c000000, 0x000000070c000000| Complete 
|  91|0x000000070c200000, 0x000000070c400000, 0x000000070c400000|100%| E|CS|TAMS 0x000000070c200000, 0x000000070c200000| Complete 
|  92|0x000000070c400000, 0x000000070c600000, 0x000000070c600000|100%| E|CS|TAMS 0x000000070c400000, 0x000000070c400000| Complete 
|  93|0x000000070c600000, 0x000000070c800000, 0x000000070c800000|100%| E|CS|TAMS 0x000000070c600000, 0x000000070c600000| Complete 
|  94|0x000000070c800000, 0x000000070ca00000, 0x000000070ca00000|100%| E|CS|TAMS 0x000000070c800000, 0x000000070c800000| Complete 
|  95|0x000000070ca00000, 0x000000070cc00000, 0x000000070cc00000|100%| E|CS|TAMS 0x000000070ca00000, 0x000000070ca00000| Complete 
|  96|0x000000070cc00000, 0x000000070ce00000, 0x000000070ce00000|100%| E|CS|TAMS 0x000000070cc00000, 0x000000070cc00000| Complete 
|  97|0x000000070ce00000, 0x000000070d000000, 0x000000070d000000|100%| E|CS|TAMS 0x000000070ce00000, 0x000000070ce00000| Complete 
|  98|0x000000070d000000, 0x000000070d200000, 0x000000070d200000|100%| E|CS|TAMS 0x000000070d000000, 0x000000070d000000| Complete 
|  99|0x000000070d200000, 0x000000070d400000, 0x000000070d400000|100%| E|CS|TAMS 0x000000070d200000, 0x000000070d200000| Complete 
| 100|0x000000070d400000, 0x000000070d600000, 0x000000070d600000|100%| E|CS|TAMS 0x000000070d400000, 0x000000070d400000| Complete 
| 101|0x000000070d600000, 0x000000070d800000, 0x000000070d800000|100%| E|CS|TAMS 0x000000070d600000, 0x000000070d600000| Complete 
| 102|0x000000070d800000, 0x000000070da00000, 0x000000070da00000|100%| E|CS|TAMS 0x000000070d800000, 0x000000070d800000| Complete 
| 103|0x000000070da00000, 0x000000070dc00000, 0x000000070dc00000|100%| E|CS|TAMS 0x000000070da00000, 0x000000070da00000| Complete 
| 104|0x000000070dc00000, 0x000000070de00000, 0x000000070de00000|100%| E|CS|TAMS 0x000000070dc00000, 0x000000070dc00000| Complete 
| 105|0x000000070de00000, 0x000000070e000000, 0x000000070e000000|100%| E|CS|TAMS 0x000000070de00000, 0x000000070de00000| Complete 
| 106|0x000000070e000000, 0x000000070e200000, 0x000000070e200000|100%| E|CS|TAMS 0x000000070e000000, 0x000000070e000000| Complete 
| 107|0x000000070e200000, 0x000000070e400000, 0x000000070e400000|100%| E|CS|TAMS 0x000000070e200000, 0x000000070e200000| Complete 
| 108|0x000000070e400000, 0x000000070e600000, 0x000000070e600000|100%| E|CS|TAMS 0x000000070e400000, 0x000000070e400000| Complete 
| 109|0x000000070e600000, 0x000000070e800000, 0x000000070e800000|100%| E|CS|TAMS 0x000000070e600000, 0x000000070e600000| Complete 
| 110|0x000000070e800000, 0x000000070ea00000, 0x000000070ea00000|100%| E|CS|TAMS 0x000000070e800000, 0x000000070e800000| Complete 
| 111|0x000000070ea00000, 0x000000070ec00000, 0x000000070ec00000|100%| E|CS|TAMS 0x000000070ea00000, 0x000000070ea00000| Complete 
| 112|0x000000070ec00000, 0x000000070ee00000, 0x000000070ee00000|100%| E|CS|TAMS 0x000000070ec00000, 0x000000070ec00000| Complete 
| 113|0x000000070ee00000, 0x000000070f000000, 0x000000070f000000|100%| E|CS|TAMS 0x000000070ee00000, 0x000000070ee00000| Complete 
| 114|0x000000070f000000, 0x000000070f200000, 0x000000070f200000|100%| E|CS|TAMS 0x000000070f000000, 0x000000070f000000| Complete 
| 115|0x000000070f200000, 0x000000070f400000, 0x000000070f400000|100%| E|CS|TAMS 0x000000070f200000, 0x000000070f200000| Complete 
| 116|0x000000070f400000, 0x000000070f600000, 0x000000070f600000|100%| E|CS|TAMS 0x000000070f400000, 0x000000070f400000| Complete 
| 117|0x000000070f600000, 0x000000070f800000, 0x000000070f800000|100%| E|CS|TAMS 0x000000070f600000, 0x000000070f600000| Complete 
| 118|0x000000070f800000, 0x000000070fa00000, 0x000000070fa00000|100%| E|CS|TAMS 0x000000070f800000, 0x000000070f800000| Complete 
| 119|0x000000070fa00000, 0x000000070fc00000, 0x000000070fc00000|100%| E|CS|TAMS 0x000000070fa00000, 0x000000070fa00000| Complete 
| 120|0x000000070fc00000, 0x000000070fe00000, 0x000000070fe00000|100%| E|CS|TAMS 0x000000070fc00000, 0x000000070fc00000| Complete 
| 121|0x000000070fe00000, 0x0000000710000000, 0x0000000710000000|100%| E|CS|TAMS 0x000000070fe00000, 0x000000070fe00000| Complete 
| 122|0x0000000710000000, 0x0000000710200000, 0x0000000710200000|100%| E|CS|TAMS 0x0000000710000000, 0x0000000710000000| Complete 
| 123|0x0000000710200000, 0x0000000710400000, 0x0000000710400000|100%| E|CS|TAMS 0x0000000710200000, 0x0000000710200000| Complete 
| 124|0x0000000710400000, 0x0000000710600000, 0x0000000710600000|100%| E|CS|TAMS 0x0000000710400000, 0x0000000710400000| Complete 
| 125|0x0000000710600000, 0x0000000710800000, 0x0000000710800000|100%| E|CS|TAMS 0x0000000710600000, 0x0000000710600000| Complete 
| 126|0x0000000710800000, 0x0000000710a00000, 0x0000000710a00000|100%| E|CS|TAMS 0x0000000710800000, 0x0000000710800000| Complete 
| 127|0x0000000710a00000, 0x0000000710c00000, 0x0000000710c00000|100%| E|CS|TAMS 0x0000000710a00000, 0x0000000710a00000| Complete 

Card table byte_map: [0x00000261f9710000,0x00000261f9f10000] _byte_map_base: 0x00000261f5f0a000

Marking Bits (Prev, Next): (CMBitMap*) 0x00000261f0f5ae60, (CMBitMap*) 0x00000261f0f5aea0
 Prev Bits: [0x00000261fa710000, 0x00000261fe6e0000)
 Next Bits: [0x000002618f000000, 0x0000026192fd0000)

Polling page: 0x00000261eec50000

Metaspace:

Usage:
  Non-class:     14.40 MB used.
      Class:      1.85 MB used.
       Both:     16.25 MB used.

Virtual space:
  Non-class space:       64.00 MB reserved,      14.56 MB ( 23%) committed,  1 nodes.
      Class space:        1.00 GB reserved,       2.00 MB ( <1%) committed,  1 nodes.
             Both:        1.06 GB reserved,      16.56 MB (  2%) committed. 

Chunk freelists:
   Non-Class:  884.00 KB
       Class:  13.95 MB
        Both:  14.81 MB

MaxMetaspaceSize: unlimited
CompressedClassSpaceSize: 1.00 GB
Initial GC threshold: 21.00 MB
Current GC threshold: 21.00 MB
CDS: on
MetaspaceReclaimPolicy: balanced
 - commit_granule_bytes: 65536.
 - commit_granule_words: 8192.
 - virtual_space_node_default_size: 8388608.
 - enlarge_chunks_in_place: 1.
 - new_chunks_are_fully_committed: 0.
 - uncommit_free_chunks: 1.
 - use_allocation_guard: 0.
 - handle_deallocations: 1.


Internal statistics:

num_allocs_failed_limit: 0.
num_arena_births: 298.
num_arena_deaths: 0.
num_vsnodes_births: 2.
num_vsnodes_deaths: 0.
num_space_committed: 265.
num_space_uncommitted: 0.
num_chunks_returned_to_freelist: 0.
num_chunks_taken_from_freelist: 716.
num_chunk_merges: 0.
num_chunk_splits: 436.
num_chunks_enlarged: 287.
num_inconsistent_stats: 0.

CodeHeap 'non-profiled nmethods': size=120000Kb used=1451Kb max_used=2756Kb free=118548Kb
 bounds [0x0000026187ad0000, 0x0000026187d90000, 0x000002618f000000]
CodeHeap 'profiled nmethods': size=120000Kb used=4624Kb max_used=6250Kb free=115375Kb
 bounds [0x0000026180000000, 0x0000026180620000, 0x0000026187530000]
CodeHeap 'non-nmethods': size=5760Kb used=1619Kb max_used=1648Kb free=4141Kb
 bounds [0x0000026187530000, 0x00000261877a0000, 0x0000026187ad0000]
 total_blobs=3952 nmethods=2907 adapters=957
 compilation: enabled
              stopped_count=0, restarted_count=0
 full_count=0

Compilation events (20 events):
Event: 3.207 Thread 0x00000261d602c630 nmethod 3655 0x0000026187d80190 code [0x0000026187d80340, 0x0000026187d80c78]
Event: 3.208 Thread 0x00000261d602c630 3665       4       java.lang.invoke.MethodType::makeImpl (109 bytes)
Event: 3.210 Thread 0x00000261d6031c60 3667       3       java.lang.invoke.LambdaForm$Name::internArguments (62 bytes)
Event: 3.210 Thread 0x00000261d6031c60 nmethod 3667 0x0000026180052510 code [0x0000026180052700, 0x0000026180052e08]
Event: 3.210 Thread 0x00000261d6031c60 3668       3       java.lang.invoke.LambdaForm::methodType (48 bytes)
Event: 3.211 Thread 0x00000261d6031c60 nmethod 3668 0x0000026180143d90 code [0x0000026180143f80, 0x0000026180144598]
Event: 3.211 Thread 0x00000261d6031c60 3669       3       java.lang.invoke.LambdaFormBuffer::indexOf (33 bytes)
Event: 3.211 Thread 0x00000261d6031c60 nmethod 3669 0x0000026180013e10 code [0x0000026180013fe0, 0x0000026180014398]
Event: 3.211 Thread 0x00000261d6031c60 3674       3       java.lang.invoke.InvokerBytecodeGenerator::refKindOpcode (112 bytes)
Event: 3.211 Thread 0x00000261d6031c60 nmethod 3674 0x0000026180192a90 code [0x0000026180192d00, 0x00000261801935b8]
Event: 3.211 Thread 0x00000261d6031c60 3671       3       jdk.internal.org.objectweb.asm.AnnotationWriter::<init> (60 bytes)
Event: 3.211 Thread 0x00000261d6031c60 nmethod 3671 0x0000026180083910 code [0x0000026180083ae0, 0x0000026180083f08]
Event: 3.211 Thread 0x00000261d6031c60 3672       3       jdk.internal.org.objectweb.asm.AnnotationVisitor::<init> (7 bytes)
Event: 3.212 Thread 0x00000261d6031c60 nmethod 3672 0x0000026180022490 code [0x0000026180022640, 0x0000026180022788]
Event: 3.212 Thread 0x00000261d6031c60 3673       3       jdk.internal.org.objectweb.asm.AnnotationVisitor::<init> (88 bytes)
Event: 3.212 Thread 0x00000261d6031c60 nmethod 3673 0x000002618003c610 code [0x000002618003c860, 0x000002618003d148]
Event: 3.212 Thread 0x00000261d6031c60 3670       1       java.lang.invoke.InvokerBytecodeGenerator::setClassWriter (6 bytes)
Event: 3.212 Thread 0x00000261d6031c60 nmethod 3670 0x0000026187adb490 code [0x0000026187adb620, 0x0000026187adb738]
Event: 3.212 Thread 0x00000261d6031c60 3675       1       java.lang.Class::getClassData (5 bytes)
Event: 3.212 Thread 0x00000261d6031c60 nmethod 3675 0x0000026187b1f410 code [0x0000026187b1f5a0, 0x0000026187b1f678]

GC Heap History (10 events):
Event: 0.497 GC heap before
{Heap before GC invocations=0 (full 0):
 garbage-first heap   total 262144K, used 28672K [0x0000000700c00000, 0x0000000800000000)
  region size 2048K, 11 young (22528K), 0 survivors (0K)
 Metaspace       used 2649K, committed 2880K, reserved 1114112K
  class space    used 254K, committed 384K, reserved 1048576K
}
Event: 0.501 GC heap after
{Heap after GC invocations=1 (full 0):
 garbage-first heap   total 262144K, used 11701K [0x0000000700c00000, 0x0000000800000000)
  region size 2048K, 2 young (4096K), 2 survivors (4096K)
 Metaspace       used 2649K, committed 2880K, reserved 1114112K
  class space    used 254K, committed 384K, reserved 1048576K
}
Event: 0.762 GC heap before
{Heap before GC invocations=1 (full 0):
 garbage-first heap   total 262144K, used 34229K [0x0000000700c00000, 0x0000000800000000)
  region size 2048K, 13 young (26624K), 2 survivors (4096K)
 Metaspace       used 4840K, committed 5056K, reserved 1114112K
  class space    used 477K, committed 576K, reserved 1048576K
}
Event: 0.765 GC heap after
{Heap after GC invocations=2 (full 0):
 garbage-first heap   total 262144K, used 13944K [0x0000000700c00000, 0x0000000800000000)
  region size 2048K, 1 young (2048K), 1 survivors (2048K)
 Metaspace       used 4840K, committed 5056K, reserved 1114112K
  class space    used 477K, committed 576K, reserved 1048576K
}
Event: 1.007 GC heap before
{Heap before GC invocations=2 (full 0):
 garbage-first heap   total 262144K, used 77432K [0x0000000700c00000, 0x0000000800000000)
  region size 2048K, 31 young (63488K), 1 survivors (2048K)
 Metaspace       used 4923K, committed 5120K, reserved 1114112K
  class space    used 477K, committed 576K, reserved 1048576K
}
Event: 1.011 GC heap after
{Heap after GC invocations=3 (full 0):
 garbage-first heap   total 262144K, used 21186K [0x0000000700c00000, 0x0000000800000000)
  region size 2048K, 4 young (8192K), 4 survivors (8192K)
 Metaspace       used 4923K, committed 5120K, reserved 1114112K
  class space    used 477K, committed 576K, reserved 1048576K
}
Event: 1.746 GC heap before
{Heap before GC invocations=3 (full 0):
 garbage-first heap   total 262144K, used 168642K [0x0000000700c00000, 0x0000000800000000)
  region size 2048K, 76 young (155648K), 4 survivors (8192K)
 Metaspace       used 5127K, committed 5376K, reserved 1114112K
  class space    used 486K, committed 640K, reserved 1048576K
}
Event: 1.754 GC heap after
{Heap after GC invocations=4 (full 0):
 garbage-first heap   total 262144K, used 27583K [0x0000000700c00000, 0x0000000800000000)
  region size 2048K, 7 young (14336K), 7 survivors (14336K)
 Metaspace       used 5127K, committed 5376K, reserved 1114112K
  class space    used 486K, committed 640K, reserved 1048576K
}
Event: 2.290 GC heap before
{Heap before GC invocations=4 (full 0):
 garbage-first heap   total 262144K, used 170943K [0x0000000700c00000, 0x0000000800000000)
  region size 2048K, 76 young (155648K), 7 survivors (14336K)
 Metaspace       used 5405K, committed 5632K, reserved 1114112K
  class space    used 519K, committed 640K, reserved 1048576K
}
Event: 2.299 GC heap after
{Heap after GC invocations=5 (full 0):
 garbage-first heap   total 262144K, used 35441K [0x0000000700c00000, 0x0000000800000000)
  region size 2048K, 7 young (14336K), 7 survivors (14336K)
 Metaspace       used 5405K, committed 5632K, reserved 1114112K
  class space    used 519K, committed 640K, reserved 1048576K
}

Dll operation events (10 events):
Event: 0.006 Loaded shared library G:\MCreator\Versions\MCreator.EAP.2023.439517.Windows.64bit\MCreatorEAP2023439517\jdk\bin\java.dll
Event: 0.025 Loaded shared library G:\MCreator\Versions\MCreator.EAP.2023.439517.Windows.64bit\MCreatorEAP2023439517\jdk\bin\jsvml.dll
Event: 0.169 Loaded shared library G:\MCreator\Versions\MCreator.EAP.2023.439517.Windows.64bit\MCreatorEAP2023439517\jdk\bin\net.dll
Event: 0.171 Loaded shared library G:\MCreator\Versions\MCreator.EAP.2023.439517.Windows.64bit\MCreatorEAP2023439517\jdk\bin\nio.dll
Event: 0.173 Loaded shared library G:\MCreator\Versions\MCreator.EAP.2023.439517.Windows.64bit\MCreatorEAP2023439517\jdk\bin\zip.dll
Event: 0.236 Loaded shared library G:\MCreator\Versions\MCreator.EAP.2023.439517.Windows.64bit\MCreatorEAP2023439517\jdk\bin\jimage.dll
Event: 0.556 Loaded shared library G:\MCreator\Versions\MCreator.EAP.2023.439517.Windows.64bit\MCreatorEAP2023439517\jdk\bin\verify.dll
Event: 2.534 Loaded shared library G:\MCreator\Versions\MCreator.EAP.2023.439517.Windows.64bit\MCreatorEAP2023439517\jdk\bin\management.dll
Event: 2.536 Loaded shared library G:\MCreator\Versions\MCreator.EAP.2023.439517.Windows.64bit\MCreatorEAP2023439517\jdk\bin\management_ext.dll
Event: 3.118 Loaded shared library C:\Users\joshu\AppData\Local\Temp\lwjgljoshu\3.3.1-build-7\lwjgl.dll

Deoptimization events (20 events):
Event: 3.045 Thread 0x00000261f0eec120 DEOPT PACKING pc=0x0000026187b60bb8 sp=0x000000c0aadfe170
Event: 3.045 Thread 0x00000261f0eec120 DEOPT UNPACKING pc=0x00000261875869a3 sp=0x000000c0aadfe100 mode 2
Event: 3.046 Thread 0x00000261f0eec120 Uncommon trap: trap_request=0xffffff45 fr.pc=0x0000026187b6603c relative=0x000000000000061c
Event: 3.046 Thread 0x00000261f0eec120 Uncommon trap: reason=unstable_if action=reinterpret pc=0x0000026187b6603c method=java.lang.AbstractStringBuilder.append(Ljava/lang/String;)Ljava/lang/AbstractStringBuilder; @ 1 c2
Event: 3.046 Thread 0x00000261f0eec120 DEOPT PACKING pc=0x0000026187b6603c sp=0x000000c0aadfe140
Event: 3.046 Thread 0x00000261f0eec120 DEOPT UNPACKING pc=0x00000261875869a3 sp=0x000000c0aadfe118 mode 2
Event: 3.055 Thread 0x00000261f0eec120 DEOPT PACKING pc=0x000002618000dce5 sp=0x000000c0aadfe340
Event: 3.055 Thread 0x00000261f0eec120 DEOPT UNPACKING pc=0x0000026187587143 sp=0x000000c0aadfd790 mode 0
Event: 3.061 Thread 0x00000261f0eec120 Uncommon trap: trap_request=0xffffffde fr.pc=0x0000026187cd8c70 relative=0x00000000000000d0
Event: 3.061 Thread 0x00000261f0eec120 Uncommon trap: reason=class_check action=maybe_recompile pc=0x0000026187cd8c70 method=java.util.stream.AbstractPipeline.exactOutputSizeIfKnown(Ljava/util/Spliterator;)J @ 16 c2
Event: 3.061 Thread 0x00000261f0eec120 DEOPT PACKING pc=0x0000026187cd8c70 sp=0x000000c0aadff0c0
Event: 3.061 Thread 0x00000261f0eec120 DEOPT UNPACKING pc=0x00000261875869a3 sp=0x000000c0aadff040 mode 2
Event: 3.119 Thread 0x00000261f0eec120 Uncommon trap: trap_request=0xffffffdc fr.pc=0x0000026187d68688 relative=0x0000000000005c88
Event: 3.119 Thread 0x00000261f0eec120 Uncommon trap: reason=class_check action=make_not_entrant pc=0x0000026187d68688 method=java.util.ArrayList.toArray([Ljava/lang/Object;)[Ljava/lang/Object; @ 21 c2
Event: 3.119 Thread 0x00000261f0eec120 DEOPT PACKING pc=0x0000026187d68688 sp=0x000000c0aadfcfb0
Event: 3.119 Thread 0x00000261f0eec120 DEOPT UNPACKING pc=0x00000261875869a3 sp=0x000000c0aadfcd80 mode 2
Event: 3.209 Thread 0x00000261ddd94280 Uncommon trap: trap_request=0xffffff45 fr.pc=0x0000026187ba1624 relative=0x0000000000000104
Event: 3.209 Thread 0x00000261ddd94280 Uncommon trap: reason=unstable_if action=reinterpret pc=0x0000026187ba1624 method=java.util.concurrent.TimeUnit.convert(JLjava/util/concurrent/TimeUnit;)J @ 8 c2
Event: 3.209 Thread 0x00000261ddd94280 DEOPT PACKING pc=0x0000026187ba1624 sp=0x000000c0acafef30
Event: 3.209 Thread 0x00000261ddd94280 DEOPT UNPACKING pc=0x00000261875869a3 sp=0x000000c0acafeee0 mode 2

Classes unloaded (0 events):
No events

Classes redefined (0 events):
No events

Internal exceptions (20 events):
Event: 3.053 Thread 0x00000261f0eec120 Exception <a 'sun/nio/fs/WindowsException'{0x000000070b614060}> (0x000000070b614060) 
thrown [s\src\hotspot\share\prims\jni.cpp, line 516]
Event: 3.054 Thread 0x00000261f0eec120 Exception <a 'sun/nio/fs/WindowsException'{0x000000070b614d10}> (0x000000070b614d10) 
thrown [s\src\hotspot\share\prims\jni.cpp, line 516]
Event: 3.061 Thread 0x00000261f0eec120 Exception <a 'java/lang/NoSuchMethodError'{0x000000070b657348}: 'java.lang.Object java.lang.invoke.DirectMethodHandle$Holder.invokeVirtual(java.lang.Object, java.lang.Object, java.lang.Object)'> (0x000000070b657348) 
thrown [s\src\hotspot\share\interpreter\linkResolver.cpp, line 759]
Event: 3.085 Thread 0x00000261f0eec120 Exception <a 'java/lang/NoSuchMethodError'{0x000000070b79ea38}: 'java.lang.Object java.lang.invoke.DirectMethodHandle$Holder.invokeStatic(java.lang.Object, int, java.lang.Object, java.lang.Object, java.lang.Object, java.lang.Object)'> (0x000000070b79ea38) 
thrown [s\src\hotspot\share\interpreter\linkResolver.cpp, line 759]
Event: 3.085 Thread 0x00000261f0eec120 Exception <a 'java/lang/NoSuchMethodError'{0x000000070b7a7260}: 'java.lang.Object java.lang.invoke.DirectMethodHandle$Holder.newInvokeSpecial(java.lang.Object, int, java.lang.Object, java.lang.Object)'> (0x000000070b7a7260) 
thrown [s\src\hotspot\share\interpreter\linkResolver.cpp, line 759]
Event: 3.086 Thread 0x00000261f0eec120 Exception <a 'java/lang/NoSuchMethodError'{0x000000070b7ab368}: 'java.lang.Object java.lang.invoke.DirectMethodHandle$Holder.invokeSpecial(java.lang.Object, java.lang.Object, int, java.lang.Object, java.lang.Object)'> (0x000000070b7ab368) 
thrown [s\src\hotspot\share\interpreter\linkResolver.cpp, line 759]
Event: 3.116 Thread 0x00000261f0eec120 Exception <a 'sun/nio/fs/WindowsException'{0x000000070b29cd60}> (0x000000070b29cd60) 
thrown [s\src\hotspot\share\prims\jni.cpp, line 516]
Event: 3.116 Thread 0x00000261f0eec120 Exception <a 'sun/nio/fs/WindowsException'{0x000000070b29d0b0}> (0x000000070b29d0b0) 
thrown [s\src\hotspot\share\prims\jni.cpp, line 516]
Event: 3.121 Thread 0x00000261f0eec120 Exception <a 'sun/nio/fs/WindowsException'{0x000000070b3befe0}> (0x000000070b3befe0) 
thrown [s\src\hotspot\share\prims\jni.cpp, line 516]
Event: 3.121 Thread 0x00000261f0eec120 Exception <a 'sun/nio/fs/WindowsException'{0x000000070b3bf2a8}> (0x000000070b3bf2a8) 
thrown [s\src\hotspot\share\prims\jni.cpp, line 516]
Event: 3.121 Thread 0x00000261f0eec120 Exception <a 'sun/nio/fs/WindowsException'{0x000000070b3bfce8}> (0x000000070b3bfce8) 
thrown [s\src\hotspot\share\prims\jni.cpp, line 516]
Event: 3.123 Thread 0x00000261f0eec120 Exception <a 'sun/nio/fs/WindowsException'{0x000000070b0d4508}> (0x000000070b0d4508) 
thrown [s\src\hotspot\share\prims\jni.cpp, line 516]
Event: 3.166 Thread 0x00000261f0eec120 Exception <a 'sun/nio/fs/WindowsException'{0x000000070b0d5240}> (0x000000070b0d5240) 
thrown [s\src\hotspot\share\prims\jni.cpp, line 516]
Event: 3.166 Thread 0x00000261f0eec120 Exception <a 'sun/nio/fs/WindowsException'{0x000000070b0d55a0}> (0x000000070b0d55a0) 
thrown [s\src\hotspot\share\prims\jni.cpp, line 516]
Event: 3.174 Thread 0x00000261f0eec120 Exception <a 'java/lang/NoSuchMethodError'{0x000000070b15d7d0}: 'int java.lang.invoke.DirectMethodHandle$Holder.invokeStaticInit(java.lang.Object, java.lang.Object, int, long)'> (0x000000070b15d7d0) 
thrown [s\src\hotspot\share\interpreter\linkResolver.cpp, line 759]
Event: 3.175 Thread 0x00000261f0eec120 Exception <a 'java/lang/NoSuchMethodError'{0x000000070b163360}: 'java.lang.Object java.lang.invoke.DirectMethodHandle$Holder.newInvokeSpecial(java.lang.Object, java.lang.Object, int)'> (0x000000070b163360) 
thrown [s\src\hotspot\share\interpreter\linkResolver.cpp, line 759]
Event: 3.176 Thread 0x00000261f0eec120 Exception <a 'java/lang/NoSuchMethodError'{0x000000070b1772a0}: 'int java.lang.invoke.DirectMethodHandle$Holder.invokeStaticInit(java.lang.Object, java.lang.Object, long, long)'> (0x000000070b1772a0) 
thrown [s\src\hotspot\share\interpreter\linkResolver.cpp, line 759]
Event: 3.177 Thread 0x00000261f0eec120 Exception <a 'java/lang/NoSuchMethodError'{0x000000070b17d1f8}: 'java.lang.Object java.lang.invoke.DirectMethodHandle$Holder.newInvokeSpecial(java.lang.Object, java.lang.Object, long)'> (0x000000070b17d1f8) 
thrown [s\src\hotspot\share\interpreter\linkResolver.cpp, line 759]
Event: 3.177 Thread 0x00000261f0eec120 Exception <a 'java/lang/NoSuchMethodError'{0x000000070b180d68}: 'java.lang.Object java.lang.invoke.Invokers$Holder.linkToTargetMethod(java.lang.Object, long, java.lang.Object)'> (0x000000070b180d68) 
thrown [s\src\hotspot\share\interpreter\linkResolver.cpp, line 759]
Event: 3.178 Thread 0x00000261f0eec120 Exception <a 'java/lang/NoSuchMethodError'{0x000000070b1884e0}: 'int java.lang.invoke.DirectMethodHandle$Holder.invokeStaticInit(java.lang.Object, java.lang.Object, java.lang.Object, long)'> (0x000000070b1884e0) 
thrown [s\src\hotspot\share\interpreter\linkResolver.cpp, line 759]

VM Operations (20 events):
Event: 2.797 Executing VM operation: HandshakeAllThreads
Event: 2.797 Executing VM operation: HandshakeAllThreads done
Event: 2.799 Executing VM operation: HandshakeAllThreads
Event: 2.799 Executing VM operation: HandshakeAllThreads done
Event: 2.860 Executing VM operation: HandshakeAllThreads
Event: 2.860 Executing VM operation: HandshakeAllThreads done
Event: 2.895 Executing VM operation: ICBufferFull
Event: 2.896 Executing VM operation: ICBufferFull done
Event: 2.935 Executing VM operation: HandshakeAllThreads
Event: 2.935 Executing VM operation: HandshakeAllThreads done
Event: 2.980 Executing VM operation: HandshakeAllThreads
Event: 2.980 Executing VM operation: HandshakeAllThreads done
Event: 3.197 Executing VM operation: HandshakeAllThreads
Event: 3.197 Executing VM operation: HandshakeAllThreads done
Event: 3.202 Executing VM operation: ICBufferFull
Event: 3.202 Executing VM operation: ICBufferFull done
Event: 3.207 Executing VM operation: HandshakeAllThreads
Event: 3.207 Executing VM operation: HandshakeAllThreads done
Event: 3.210 Executing VM operation: HandshakeAllThreads
Event: 3.210 Executing VM operation: HandshakeAllThreads done

Events (20 events):
Event: 3.210 Thread 0x00000261d60381a0 flushing nmethod 0x000002618029f310
Event: 3.210 Thread 0x00000261d60381a0 flushing nmethod 0x00000261802a2810
Event: 3.210 Thread 0x00000261d60381a0 flushing nmethod 0x00000261802ba590
Event: 3.210 Thread 0x00000261d60381a0 flushing nmethod 0x00000261802bad90
Event: 3.210 Thread 0x00000261d60381a0 flushing nmethod 0x00000261802c5910
Event: 3.210 Thread 0x00000261d60381a0 flushing nmethod 0x00000261802c7410
Event: 3.210 Thread 0x00000261d60381a0 flushing nmethod 0x00000261802da310
Event: 3.210 Thread 0x00000261d60381a0 flushing nmethod 0x00000261802e1e10
Event: 3.210 Thread 0x00000261d60381a0 flushing nmethod 0x00000261802eee90
Event: 3.210 Thread 0x00000261d60381a0 flushing nmethod 0x00000261802f2e10
Event: 3.210 Thread 0x00000261d60381a0 flushing nmethod 0x00000261802f5210
Event: 3.210 Thread 0x00000261d60381a0 flushing nmethod 0x00000261802f8290
Event: 3.210 Thread 0x00000261d60381a0 flushing nmethod 0x00000261802f8890
Event: 3.210 Thread 0x00000261d60381a0 flushing nmethod 0x00000261802fa910
Event: 3.210 Thread 0x00000261d60381a0 flushing nmethod 0x00000261802fde10
Event: 3.210 Thread 0x00000261d60381a0 flushing nmethod 0x0000026180301b90
Event: 3.210 Thread 0x00000261d60381a0 flushing nmethod 0x0000026180302c10
Event: 3.210 Thread 0x00000261d60381a0 flushing nmethod 0x0000026180304110
Event: 3.210 Thread 0x00000261d60381a0 flushing nmethod 0x0000026180313610
Event: 3.210 Thread 0x00000261d60381a0 flushing nmethod 0x0000026180340210


Dynamic libraries:
0x00007ff71fc90000 - 0x00007ff71fc9e000 	G:\MCreator\Versions\MCreator.EAP.2023.439517.Windows.64bit\MCreatorEAP2023439517\jdk\bin\java.exe
0x00007ffef8b30000 - 0x00007ffef8d28000 	C:\WINDOWS\SYSTEM32\ntdll.dll
0x00007ffef7ca0000 - 0x00007ffef7d5d000 	C:\WINDOWS\System32\KERNEL32.DLL
0x00007ffef6640000 - 0x00007ffef6936000 	C:\WINDOWS\System32\KERNELBASE.dll
0x00007ffef69f0000 - 0x00007ffef6af0000 	C:\WINDOWS\System32\ucrtbase.dll
0x00007ffedda00000 - 0x00007ffedda19000 	G:\MCreator\Versions\MCreator.EAP.2023.439517.Windows.64bit\MCreatorEAP2023439517\jdk\bin\VCRUNTIME140.dll
0x00007ffedda20000 - 0x00007ffedda37000 	G:\MCreator\Versions\MCreator.EAP.2023.439517.Windows.64bit\MCreatorEAP2023439517\jdk\bin\jli.dll
0x00007ffef7590000 - 0x00007ffef772e000 	C:\WINDOWS\System32\USER32.dll
0x00007ffef6330000 - 0x00007ffef6352000 	C:\WINDOWS\System32\win32u.dll
0x00007ffee45e0000 - 0x00007ffee487a000 	C:\WINDOWS\WinSxS\amd64_microsoft.windows.common-controls_6595b64144ccf1df_6.0.19041.1110_none_60b5254171f9507e\COMCTL32.dll
0x00007ffef70d0000 - 0x00007ffef70fc000 	C:\WINDOWS\System32\GDI32.dll
0x00007ffef6c70000 - 0x00007ffef6d0e000 	C:\WINDOWS\System32\msvcrt.dll
0x00007ffef6210000 - 0x00007ffef632a000 	C:\WINDOWS\System32\gdi32full.dll
0x00007ffef6af0000 - 0x00007ffef6b8d000 	C:\WINDOWS\System32\msvcp_win.dll
0x00007ffef6e50000 - 0x00007ffef6e80000 	C:\WINDOWS\System32\IMM32.DLL
0x00007ffede340000 - 0x00007ffede34c000 	G:\MCreator\Versions\MCreator.EAP.2023.439517.Windows.64bit\MCreatorEAP2023439517\jdk\bin\vcruntime140_1.dll
0x00007ffedd960000 - 0x00007ffedd9f1000 	G:\MCreator\Versions\MCreator.EAP.2023.439517.Windows.64bit\MCreatorEAP2023439517\jdk\bin\msvcp140.dll
0x00007ffe97e40000 - 0x00007ffe98a8c000 	G:\MCreator\Versions\MCreator.EAP.2023.439517.Windows.64bit\MCreatorEAP2023439517\jdk\bin\server\jvm.dll
0x00007ffef7b90000 - 0x00007ffef7c3e000 	C:\WINDOWS\System32\ADVAPI32.dll
0x00007ffef7ae0000 - 0x00007ffef7b7c000 	C:\WINDOWS\System32\sechost.dll
0x00007ffef7730000 - 0x00007ffef7856000 	C:\WINDOWS\System32\RPCRT4.dll
0x00007ffef56a0000 - 0x00007ffef56eb000 	C:\WINDOWS\SYSTEM32\POWRPROF.dll
0x00007ffee43f0000 - 0x00007ffee4417000 	C:\WINDOWS\SYSTEM32\WINMM.dll
0x00007ffeee1f0000 - 0x00007ffeee1fa000 	C:\WINDOWS\SYSTEM32\VERSION.dll
0x00007ffeddaf0000 - 0x00007ffeddaf9000 	C:\WINDOWS\SYSTEM32\WSOCK32.dll
0x00007ffef7920000 - 0x00007ffef798b000 	C:\WINDOWS\System32\WS2_32.dll
0x00007ffef5630000 - 0x00007ffef5642000 	C:\WINDOWS\SYSTEM32\UMPDC.dll
0x00007ffef3fe0000 - 0x00007ffef3ff2000 	C:\WINDOWS\SYSTEM32\kernel.appcore.dll
0x00007ffedd950000 - 0x00007ffedd95a000 	G:\MCreator\Versions\MCreator.EAP.2023.439517.Windows.64bit\MCreatorEAP2023439517\jdk\bin\jimage.dll
0x00007ffef09f0000 - 0x00007ffef0bd4000 	C:\WINDOWS\SYSTEM32\DBGHELP.DLL
0x00007ffeefd80000 - 0x00007ffeefdb4000 	C:\WINDOWS\SYSTEM32\dbgcore.DLL
0x00007ffef65b0000 - 0x00007ffef6632000 	C:\WINDOWS\System32\bcryptPrimitives.dll
0x00007ffedd920000 - 0x00007ffedd945000 	G:\MCreator\Versions\MCreator.EAP.2023.439517.Windows.64bit\MCreatorEAP2023439517\jdk\bin\java.dll
0x00007ffe9ed30000 - 0x00007ffe9ee06000 	G:\MCreator\Versions\MCreator.EAP.2023.439517.Windows.64bit\MCreatorEAP2023439517\jdk\bin\jsvml.dll
0x00007ffef8280000 - 0x00007ffef89c5000 	C:\WINDOWS\System32\SHELL32.dll
0x00007ffef42c0000 - 0x00007ffef4a5b000 	C:\WINDOWS\SYSTEM32\windows.storage.dll
0x00007ffef7230000 - 0x00007ffef7584000 	C:\WINDOWS\System32\combase.dll
0x00007ffef5c50000 - 0x00007ffef5c7e000 	C:\WINDOWS\SYSTEM32\Wldp.dll
0x00007ffef7990000 - 0x00007ffef7a3d000 	C:\WINDOWS\System32\SHCORE.dll
0x00007ffef7860000 - 0x00007ffef78b5000 	C:\WINDOWS\System32\shlwapi.dll
0x00007ffef6140000 - 0x00007ffef6165000 	C:\WINDOWS\SYSTEM32\profapi.dll
0x00007ffedfd60000 - 0x00007ffedfd79000 	G:\MCreator\Versions\MCreator.EAP.2023.439517.Windows.64bit\MCreatorEAP2023439517\jdk\bin\net.dll
0x00007ffef02b0000 - 0x00007ffef03ba000 	C:\WINDOWS\SYSTEM32\WINHTTP.dll
0x00007ffef59b0000 - 0x00007ffef5a1a000 	C:\WINDOWS\system32\mswsock.dll
0x00007ffedfd40000 - 0x00007ffedfd55000 	G:\MCreator\Versions\MCreator.EAP.2023.439517.Windows.64bit\MCreatorEAP2023439517\jdk\bin\nio.dll
0x00007ffedfd20000 - 0x00007ffedfd38000 	G:\MCreator\Versions\MCreator.EAP.2023.439517.Windows.64bit\MCreatorEAP2023439517\jdk\bin\zip.dll
0x00007ffedcbd0000 - 0x00007ffedcbe0000 	G:\MCreator\Versions\MCreator.EAP.2023.439517.Windows.64bit\MCreatorEAP2023439517\jdk\bin\verify.dll
0x00007ffedfd10000 - 0x00007ffedfd19000 	G:\MCreator\Versions\MCreator.EAP.2023.439517.Windows.64bit\MCreatorEAP2023439517\jdk\bin\management.dll
0x00007ffedd910000 - 0x00007ffedd91b000 	G:\MCreator\Versions\MCreator.EAP.2023.439517.Windows.64bit\MCreatorEAP2023439517\jdk\bin\management_ext.dll
0x00007ffef6d10000 - 0x00007ffef6d18000 	C:\WINDOWS\System32\PSAPI.DLL
0x00007ffee3340000 - 0x00007ffee3357000 	C:\WINDOWS\system32\napinsp.dll
0x00007ffee3320000 - 0x00007ffee333b000 	C:\WINDOWS\system32\pnrpnsp.dll
0x00007ffee3300000 - 0x00007ffee3315000 	C:\WINDOWS\system32\wshbth.dll
0x00007ffef1640000 - 0x00007ffef165d000 	C:\WINDOWS\system32\NLAapi.dll
0x00007ffef5650000 - 0x00007ffef568b000 	C:\WINDOWS\SYSTEM32\IPHLPAPI.DLL
0x00007ffef56f0000 - 0x00007ffef57ba000 	C:\WINDOWS\SYSTEM32\DNSAPI.dll
0x00007ffef7b80000 - 0x00007ffef7b88000 	C:\WINDOWS\System32\NSI.dll
0x00007ffee32e0000 - 0x00007ffee32f2000 	C:\WINDOWS\System32\winrnr.dll
0x00007ffeefd20000 - 0x00007ffeefd2a000 	C:\Windows\System32\rasadhlp.dll
0x00007ffeef000000 - 0x00007ffeef082000 	C:\WINDOWS\System32\fwpuclnt.dll
0x00007ffef64c0000 - 0x00007ffef64e7000 	C:\WINDOWS\System32\bcrypt.dll
0x00007ffea2020000 - 0x00007ffea2095000 	C:\Users\joshu\AppData\Local\Temp\lwjgljoshu\3.3.1-build-7\lwjgl.dll
0x00007ffe97ac0000 - 0x00007ffe97b21000 	C:\Users\joshu\AppData\Local\Temp\lwjgljoshu\3.3.1-build-7\glfw.dll
0x00007ffeb9370000 - 0x00007ffeb93b5000 	C:\WINDOWS\SYSTEM32\dinput8.dll
0x00007ffee1120000 - 0x00007ffee1131000 	C:\WINDOWS\SYSTEM32\xinput1_4.dll
0x00007ffef6560000 - 0x00007ffef65ae000 	C:\WINDOWS\System32\cfgmgr32.dll
0x00007ffef5fa0000 - 0x00007ffef5fd3000 	C:\WINDOWS\SYSTEM32\DEVOBJ.dll
0x00007ffef3fb0000 - 0x00007ffef3fdf000 	C:\WINDOWS\SYSTEM32\dwmapi.dll
0x00007ffee85e0000 - 0x00007ffee8732000 	C:\WINDOWS\SYSTEM32\inputhost.dll
0x00007ffef7100000 - 0x00007ffef71cd000 	C:\WINDOWS\System32\OLEAUT32.dll
0x00007ffef37c0000 - 0x00007ffef38b2000 	C:\WINDOWS\SYSTEM32\CoreMessaging.dll
0x00007ffeee6f0000 - 0x00007ffeee7e6000 	C:\WINDOWS\SYSTEM32\PROPSYS.dll
0x00007ffef20f0000 - 0x00007ffef2245000 	C:\WINDOWS\SYSTEM32\wintypes.dll
0x00007ffef3450000 - 0x00007ffef37ae000 	C:\WINDOWS\SYSTEM32\CoreUIComponents.dll
0x00007ffef5370000 - 0x00007ffef53a3000 	C:\WINDOWS\SYSTEM32\ntmarta.dll
0x00007ffef3bf0000 - 0x00007ffef3c8e000 	C:\WINDOWS\system32\uxtheme.dll
0x00007ffef89d0000 - 0x00007ffef8ae4000 	C:\WINDOWS\System32\MSCTF.dll
0x00007ffebea30000 - 0x00007ffebeb55000 	C:\WINDOWS\SYSTEM32\opengl32.dll
0x00007ffeccd50000 - 0x00007ffeccd7c000 	C:\WINDOWS\SYSTEM32\GLU32.dll
0x00007ffef7d60000 - 0x00007ffef7e09000 	C:\WINDOWS\System32\clbcatq.dll
0x00007ffebd0e0000 - 0x00007ffebd10d000 	C:\WINDOWS\System32\DriverStore\FileRepository\u0390451.inf_amd64_39377efdd62734d1\B390182\atig6pxx.dll
0x00007ffeb1f80000 - 0x00007ffeb5bb5000 	C:\WINDOWS\System32\DriverStore\FileRepository\u0390451.inf_amd64_39377efdd62734d1\B390182\atio6axx.dll
0x00007ffef7e10000 - 0x00007ffef827e000 	C:\WINDOWS\System32\SETUPAPI.dll
0x00007ffef64f0000 - 0x00007ffef6557000 	C:\WINDOWS\System32\WINTRUST.dll
0x00007ffef6360000 - 0x00007ffef64be000 	C:\WINDOWS\System32\CRYPT32.dll
0x00007ffef5de0000 - 0x00007ffef5df2000 	C:\WINDOWS\SYSTEM32\MSASN1.dll

dbghelp: loaded successfully - version: 4.0.5 - missing functions: none
symbol engine: initialized successfully - sym options: 0x614 - pdb path: .;G:\MCreator\Versions\MCreator.EAP.2023.439517.Windows.64bit\MCreatorEAP2023439517\jdk\bin;C:\WINDOWS\SYSTEM32;C:\WINDOWS\WinSxS\amd64_microsoft.windows.common-controls_6595b64144ccf1df_6.0.19041.1110_none_60b5254171f9507e;G:\MCreator\Versions\MCreator.EAP.2023.439517.Windows.64bit\MCreatorEAP2023439517\jdk\bin\server;C:\Users\joshu\AppData\Local\Temp\lwjgljoshu\3.3.1-build-7;C:\WINDOWS\System32\DriverStore\FileRepository\u0390451.inf_amd64_39377efdd62734d1\B390182

VM Arguments:
jvm_args: -Dforge.enableGameTest=true -Dforge.logging.console.level=debug -Dforge.logging.markers=REGISTRIES -DignoreList=bootstraplauncher,securejarhandler,asm-commons,asm-util,asm-analysis,asm-tree,asm,JarJarFileSystems,client-extra,fmlcore,javafmllanguage,lowcodelanguage,mclanguage,forge- -Djava.net.preferIPv6Addresses=system -DlegacyClassPath.file=C:\Users\joshu\MCreatorWorkspaces\fish_away_forge\build\classpath\runClient_minecraftClasspath.txt -DmergeModules=jna-5.10.0.jar,jna-platform-5.10.0.jar --module-path=C:\Users\joshu\.mcreator\gradle\caches\modules-2\files-2.1\cpw.mods\bootstraplauncher\1.1.2\c546e00443d8432cda6baa1c860346980742628\bootstraplauncher-1.1.2.jar;C:\Users\joshu\.mcreator\gradle\caches\modules-2\files-2.1\cpw.mods\securejarhandler\2.1.10\51e6a22c6c716beb11e244bf5b8be480f51dd6b5\securejarhandler-2.1.10.jar;C:\Users\joshu\.mcreator\gradle\caches\modules-2\files-2.1\org.ow2.asm\asm-commons\9.5\19ab5b5800a3910d30d3a3e64fdb00fd0cb42de0\asm-commons-9.5.jar;C:\Users\joshu\.mcreator\gradle\caches\modules-2\files-2.1\org.ow2.asm\asm-util\9.5\64b5a1fc8c1b15ed2efd6a063e976bc8d3dc5ffe\asm-util-9.5.jar;C:\Users\joshu\.mcreator\gradle\caches\modules-2\files-2.1\org.ow2.asm\asm-analysis\9.5\490bacc77de7cbc0be1a30bb3471072d705be4a4\asm-analysis-9.5.jar;C:\Users\joshu\.mcreator\gradle\caches\modules-2\files-2.1\org.ow2.asm\asm-tree\9.5\fd33c8b6373abaa675be407082fdfda35021254a\asm-tree-9.5.jar;C:\Users\joshu\.mcreator\gradle\caches\modules-2\files-2.1\org.ow2.asm\asm\9.5\dc6ea1875f4d64fbc85e1691c95b96a3d8569c90\asm-9.5.jar;C:\Users\joshu\.mcreator\gradle\caches\modules-2\files-2.1\net.minecraftforge\JarJarFileSystems\0.3.19\2464eb7d6b9ddb9db36a82cf8a95193e5c6fe020\JarJarFileSystems-0.3.19.jar --add-modules=ALL-MODULE-PATH --add-opens=java.base/java.util.jar=cpw.mods.securejarhandler --add-opens=java.base/java.lang.invoke=cpw.mods.securejarhandler --add-exports=java.base/sun.security.util=cpw.mods.securejarhandler --add-exports=jdk.naming.dns/com.sun.jndi.dns=java.naming -XX:HeapDumpPath=MojangTricksIntelDriversForPerformance_javaw.exe_minecraft.exe.heapdump -Dfile.encoding=UTF-8 -Duser.country=US -Duser.language=en -Duser.variant 
java_command: cpw.mods.bootstraplauncher.BootstrapLauncher --launchTarget forgeclientuserdev --version MOD_DEV --assetIndex 5 --assetsDir C:\Users\joshu\.mcreator\gradle\caches\forge_gradle\assets --gameDir . --fml.forgeVersion 47.2.0 --fml.mcVersion 1.20.1 --fml.forgeGroup net.minecraftforge --fml.mcpVersion 20230612.114412
java_class_path (initial): C:\Users\joshu\MCreatorWorkspaces\fish_away_forge\build\classes\java\main;C:\Users\joshu\MCreatorWorkspaces\fish_away_forge\build\resources\main;C:\Users\joshu\.mcreator\gradle\caches\forge_gradle\minecraft_user_repo\net\minecraftforge\forge\1.20.1-47.2.0_mapped_official_1.20.1\forge-1.20.1-47.2.0_mapped_official_1.20.1-recomp.jar;C:\Users\joshu\.mcreator\gradle\caches\forge_gradle\minecraft_repo\versions\1.20.1\client-extra.jar;C:\Users\joshu\.mcreator\gradle\caches\modules-2\files-2.1\net.minecraftforge\fmlearlydisplay\1.20.1-47.2.0\4c56a03dcedcb909c7eaa8469dd5a36c493a0008\fmlearlydisplay-1.20.1-47.2.0.jar;C:\Users\joshu\.mcreator\gradle\caches\modules-2\files-2.1\net.minecraftforge\javafmllanguage\1.20.1-47.2.0\7f9181f85acc66547685a72020713fc8cbde98\javafmllanguage-1.20.1-47.2.0.jar;C:\Users\joshu\.mcreator\gradle\caches\modules-2\files-2.1\net.minecraftforge\lowcodelanguage\1.20.1-47.2.0\7872f5205685fdd26fae39b1be79b0e60ca5b7bd\lowcodelanguage-1.20.1-47.2.0.jar;C:\Users\joshu\.mcreator\gradle\caches\modules-2\files-2.1\net.minecraftforge\mclanguage\1.20.1-47.2.0\d501d161cabed08b3c139a2c6217b02a39f3c3e9\mclanguage-1.20.1-47.2.0.jar;C:\Users\joshu\.mcreator\gradle\caches\modules-2\files-2.1\net.minecraftforge\fmlcore\1.20.1-47.2.0\ffd3c6debac0a388c9e33ac43c9f5eafb91cb466\fmlcore-1.20.1-47.2.0.jar;C:\Users\joshu\.mcreator\gradle\caches\modules-2\files-2.1\net.minecraftforge\fmlloader\1.20.1-47.2.0\7811231940c0a8b6008453bbc64fdf7fa1280fe9\fmlloader-1.20.1-47.2.0.jar;C:\Users\joshu\.mcreator\gradle\caches\modules-2\files-2.1\net.minecraftforge\JarJarSelector\0.3.19\376cc9c8ea60720cf027c01fc033de915699801c\JarJarSelector-0.3.19.jar;C:\Users\joshu\.mcreator\gradle\caches\modules-2\files-2.1\net.minecraftforge\JarJarMetadata\0.3.19\83feaa9b770e6ac0e96ee4fc23fa89325c5fe2\JarJarMetadata-0.3.19.jar;C:\Users\joshu\.mcreator\gradle\caches\modules-2\files-2.1\com.google.guava\guava\31.1-jre\60458f877d055d0c9114d9e1a2efb737b4bc282c\guava-31.1-jre.j
Launcher Type: SUN_STANDARD

[Global flags]
     intx CICompilerCount                          = 4                                         {product} {ergonomic}
     uint ConcGCThreads                            = 3                                         {product} {ergonomic}
     uint G1ConcRefinementThreads                  = 10                                        {product} {ergonomic}
   size_t G1HeapRegionSize                         = 2097152                                   {product} {ergonomic}
    uintx GCDrainStackTargetSize                   = 64                                        {product} {ergonomic}
    ccstr HeapDumpPath                             = MojangTricksIntelDriversForPerformance_javaw.exe_minecraft.exe.heapdump         {manageable} {command line}
   size_t InitialHeapSize                          = 268435456                                 {product} {ergonomic}
   size_t MarkStackSize                            = 4194304                                   {product} {ergonomic}
   size_t MaxHeapSize                              = 4282384384                                {product} {ergonomic}
   size_t MaxNewSize                               = 2569011200                                {product} {ergonomic}
   size_t MinHeapDeltaBytes                        = 2097152                                   {product} {ergonomic}
   size_t MinHeapSize                              = 8388608                                   {product} {ergonomic}
    uintx NonNMethodCodeHeapSize                   = 5839372                                {pd product} {ergonomic}
    uintx NonProfiledCodeHeapSize                  = 122909434                              {pd product} {ergonomic}
    uintx ProfiledCodeHeapSize                     = 122909434                              {pd product} {ergonomic}
    uintx ReservedCodeCacheSize                    = 251658240                              {pd product} {ergonomic}
     bool SegmentedCodeCache                       = true                                      {product} {ergonomic}
   size_t SoftMaxHeapSize                          = 4282384384                             {manageable} {ergonomic}
     bool UseCompressedClassPointers               = true                           {product lp64_product} {ergonomic}
     bool UseCompressedOops                        = true                           {product lp64_product} {ergonomic}
     bool UseG1GC                                  = true                                      {product} {ergonomic}
     bool UseLargePagesIndividualAllocation        = false                                  {pd product} {ergonomic}

Logging:
Log output configuration:
 #0: stdout all=warning uptime,level,tags
 #1: stderr all=off uptime,level,tags

Environment Variables:
JAVA_HOME=G:\MCreator\Versions\MCreator.EAP.2023.439517.Windows.64bit\MCreatorEAP2023439517\jdk
PATH=C:\Program Files\Python311\Scripts\;C:\Program Files\Python311\;C:\Program Files (x86)\Common Files\Oracle\Java\javapath;C:\Program Files\Eclipse Adoptium\jdk-17.0.4.8-hotspot\bin;C:\ProgramData\Oracle\Java\javapath;C:\WINDOWS\system32;C:\WINDOWS;C:\WINDOWS\System32\Wbem;C:\WINDOWS\System32\WindowsPowerShell\v1.0\;C:\WINDOWS\System32\OpenSSH\;C:\Program Files\dotnet\;C:\Users\joshu\AppData\Local\Microsoft\WindowsApps;;C:\Users\joshu\AppData\Local\Programs\Microsoft VS Code\bin;C:\Users\joshu\.dotnet\tools;G:\MCreator\Versions\MCreator.EAP.2023.439517.Windows.64bit\MCreatorEAP2023439517\jdk\bin
USERNAME=joshu
OS=Windows_NT
PROCESSOR_IDENTIFIER=AMD64 Family 23 Model 8 Stepping 2, AuthenticAMD
TMP=C:\Users\joshu\AppData\Local\Temp
TEMP=C:\Users\joshu\AppData\Local\Temp



---------------  S Y S T E M  ---------------

OS:
 Windows 10 , 64 bit Build 19041 (10.0.19041.3393)
OS uptime: 26 days 1:36 hours

CPU: total 12 (initial active 12) (12 cores per cpu, 2 threads per core) family 23 model 8 stepping 2 microcode 0x0, cx8, cmov, fxsr, ht, mmx, 3dnowpref, sse, sse2, sse3, ssse3, sse4a, sse4.1, sse4.2, popcnt, lzcnt, tsc, tscinvbit, avx, avx2, aes, clmul, bmi1, bmi2, adx, sha, fma, vzeroupper, clflush, clflushopt
Processor Information for all 12 processors :
  Max Mhz: 3400, Current Mhz: 3400, Mhz Limit: 3400

Memory: 4k page, system-wide physical 16331M (6102M free)
TotalPageFile size 27083M (AvailPageFile size 4356M)
current process WorkingSet (physical memory assigned to process): 351M, peak: 354M
current process commit charge ("private bytes"): 471M, peak: 474M

vm_info: OpenJDK 64-Bit Server VM (17.0.8+7) for windows-amd64 JRE (17.0.8+7), built on Jul 18 2023 21:02:32 by "admin" with MS VC++ 16.7 (VS2019)

END.
